[(l1,72)]
Waiting...
[(w1,79)]
[(q0,44)]
(a8,8)
(a7,52)
(a3,27)
(a4,22)
(a9,76)
(a6,28)
(a5,66)
(a2,81)
(a1,62)
(b5,32)
(b0,70)
(b3,10)
(b4,14)
(b8,88)
(b2,88)
(b1,35)
(b7,7)
(c9,73)
(c4,23)
(c6,83)
(c2,64)
(c0,52)
(c8,20)
(d2,86)
(d0,42)
(d9,75)
(d7,17)
(d1,25)
(d8,53)
(d4,84)
(d5,55)
(e3,1)
(e6,62)
(e9,63)
(e5,15)
(e0,75)
(e4,99)
(e8,56)
(f4,35)
(f0,98)
(f5,40)
(f7,76)
(f8,71)
(f2,49)
(f3,24)
(f1,71)
(g7,44)
(g5,99)
(g6,33)
(g8,56)
(g1,51)
(g9,52)
(g2,68)
(g4,3)
(g3,99)
(h2,23)
(h0,34)
(h8,78)
(h7,34)
(h5,43)
(h6,27)
(i1,46)
(i2,23)
(i5,0)
(i0,6)
(i8,63)
(i7,33)
(i6,3)
(i3,12)
(j0,59)
(j7,15)
(j3,51)
(j2,64)
(j6,100)
(j5,11)
(j9,81)
(j1,23)
(j4,17)
(k8,61)
(k1,89)
(k5,51)
(k0,77)
(k2,48)
(k7,96)
(k4,73)
(k9,69)
(l3,27)
(l2,70)
(l9,9)
(l1,72)
(l5,24)
(l4,53)
(l0,72)
(l8,57)
(m9,73)
(m8,42)
(m5,5)
(m2,0)
(m6,81)
(m7,51)
(m4,43)
(m0,51)
(n5,83)
(n0,64)
(n2,0)
(n9,40)
(n3,15)
(n1,21)
(n7,70)
(n6,19)
(o6,76)
(o0,19)
(o2,16)
(o1,64)
(o4,81)
(o8,29)
(o9,87)
(p4,19)
(p7,50)
(p2,63)
(p5,15)
(p6,48)
(p1,49)
(p0,30)
(p9,93)
(p8,21)
(q2,15)
(q3,100)
(q0,44)
(q6,8)
(q7,14)
(q5,53)
(q8,29)
(q4,98)
(q1,30)
(r1,6)
(r7,16)
(r0,24)
(r8,57)
(r2,67)
(r6,11)
(s7,49)
(s8,34)
(s5,56)
(s6,76)
(s2,67)
(s9,28)
(s3,54)
(s1,1)
(s0,37)
(t2,67)
(t1,90)
(t4,38)
(t3,62)
(t6,68)
(t8,95)
(u1,40)
(u4,74)
(u5,6)
(u8,96)
(u2,93)
(u7,99)
(u3,83)
(u9,13)
(v2,66)
(v6,30)
(v9,25)
(v0,3)
(v7,45)
(v5,16)
(v4,49)
(v1,13)
(v8,29)
(v3,42)
(w1,79)
(w4,56)
(w6,10)
(w7,87)
(w3,33)
(w2,77)
(w5,90)
(w8,12)
(w0,38)
(x5,30)
(x0,96)
(x6,1)
(x2,45)
(x4,39)
(x3,96)
(x1,1)
(y7,6)
(y1,60)
(y6,35)
(y0,10)
(y2,23)
(y8,90)
(y9,7)
(y4,46)
(y5,63)
(z9,81)
(z1,52)
(z4,60)
(z0,45)
(z3,66)
[(l1,72)]
[(e3,1)]
[(j3,51)]
