[(c9,36)]
[(c9,36)]
[(c9,36)]
[(a4,14)]
Waiting...
Waiting...
[(a2,18)]
[(a2,18)]
[(o1,90)]
[(d0,75)]
[(q6,76)]
[(m7,40)]
[(d0,75)]
[(y3,53)]
[(p0,6)]
(a0,32)
(a9,57)
(a8,87)
(a4,14)
(a6,82)
(a2,18)
(a3,30)
(a1,58)
(a7,27)
(b3,76)
(b9,27)
(b7,25)
(b6,30)
(b5,64)
(b8,38)
(b2,87)
(c7,47)
(c0,62)
(c3,85)
(c2,48)
(c8,12)
(c5,12)
(c6,10)
(c4,9)
(d0,75)
(d4,25)
(d6,64)
(d2,23)
(d9,79)
(d3,42)
(d8,70)
(d5,88)
(e8,82)
(e2,100)
(e3,80)
(e7,62)
(e6,15)
(e1,52)
(e9,89)
(f1,75)
(f4,79)
(f7,3)
(f3,66)
(f5,6)
(f2,16)
(f9,62)
(g4,28)
(g5,7)
(g0,68)
(g9,34)
(g6,35)
(g1,82)
(g2,71)
(g8,44)
(h4,9)
(h3,95)
(h7,55)
(h0,16)
(h5,32)
(h6,57)
(h9,90)
(i0,44)
(i6,7)
(i5,4)
(i2,40)
(i3,92)
(i7,51)
(i1,69)
(i9,57)
(i4,22)
(i8,92)
(j4,77)
(j3,85)
(j5,46)
(j6,48)
(j2,91)
(j9,76)
(j1,93)
(k6,71)
(k0,9)
(k2,98)
(k9,27)
(k8,16)
(l8,67)
(l2,89)
(l1,9)
(l7,0)
(l3,94)
(l6,100)
(l5,59)
(l9,70)
(l0,40)
(m3,29)
(m4,39)
(m1,84)
(m9,41)
(m8,70)
(m7,40)
(m5,89)
(m2,95)
(n2,30)
(n6,42)
(n8,95)
(n9,20)
(n5,88)
(o4,9)
(o5,26)
(o9,3)
(o3,84)
(o6,66)
(o1,90)
(o8,77)
(o7,55)
(p7,28)
(p3,20)
(p8,88)
(p1,91)
(p4,2)
(p9,93)
(p6,26)
(p5,96)
(p0,6)
(q2,82)
(q9,55)
(q7,5)
(q8,44)
(q5,93)
(q6,76)
(q4,66)
(q1,68)
(r9,94)
(r7,31)
(r4,31)
(r5,58)
(r8,70)
(r1,1)
(r0,90)
(s5,63)
(s2,38)
(s7,29)
(s4,0)
(s3,84)
(s1,6)
(s8,85)
(t7,42)
(t0,75)
(t2,86)
(t1,14)
(t8,63)
(t6,17)
(t9,88)
(t3,90)
(u5,68)
(u7,56)
(u3,69)
(u6,1)
(u8,98)
(u4,59)
(u1,53)
(v4,34)
(v6,99)
(v0,35)
(v5,11)
(v8,14)
(v9,95)
(w8,34)
(w3,63)
(w6,1)
(w7,12)
(w9,64)
(w4,88)
(w0,25)
(w1,38)
(x4,79)
(x5,34)
(x9,50)
(x3,0)
(x2,85)
(x0,74)
(x6,65)
(x1,46)
(x8,99)
(x7,31)
(y3,53)
(y5,12)
(y6,64)
(y4,61)
(y0,25)
(z8,61)
(z0,43)
(z1,69)
(z7,81)
(z3,69)
(z2,0)
[(y6,7)]
[(a2,18)]
[(q1,68)]
[(r4,44)]
(a0,32)
(a9,57)
(a8,87)
(a6,82)
(a2,18)
(a3,30)
(a1,58)
(a7,27)
(b3,76)
(b9,27)
(b7,25)
(b6,30)
(b5,64)
(b8,38)
(b2,87)
(c7,47)
(c0,62)
(c3,85)
(c2,48)
(c8,12)
(c5,12)
(c6,10)
(c4,9)
(d0,75)
(d4,25)
(d6,64)
(d2,23)
(d9,79)
(d3,42)
(d8,70)
(d5,88)
(e8,82)
(e2,100)
(e3,80)
(e7,62)
(e6,15)
(e1,52)
(e9,21)
(f1,75)
(f4,79)
(f7,3)
(f3,66)
(f5,6)
(f2,16)
(f9,62)
(g4,28)
(g5,7)
(g0,0)
(g9,34)
(g6,35)
(g1,82)
(g2,71)
(g8,44)
(h4,9)
(h3,95)
(h7,55)
(h0,16)
(h5,32)
(h6,57)
(h9,90)
(i0,44)
(i6,7)
(i5,4)
(i2,40)
(i3,92)
(i7,51)
(i1,69)
(i9,57)
(i4,22)
(i8,92)
(j4,77)
(j3,85)
(j5,46)
(j6,48)
(j2,91)
(j9,56)
(j1,93)
(k6,71)
(k0,9)
(k2,98)
(k9,27)
(k8,16)
(l8,67)
(l2,89)
(l1,9)
(l7,0)
(l3,94)
(l6,100)
(l5,59)
(l9,70)
(l0,40)
(m3,29)
(m4,39)
(m1,84)
(m9,41)
(m8,70)
(m7,40)
(m5,89)
(m2,95)
(n2,30)
(n6,42)
(n8,95)
(n9,20)
(n5,88)
(o4,9)
(o5,26)
(o9,3)
(o3,84)
(o6,66)
(o8,77)
(o7,55)
(p7,28)
(p3,20)
(p8,88)
(p1,91)
(p4,2)
(p9,93)
(p6,26)
(p5,96)
(p0,6)
(q2,82)
(q9,55)
(q7,5)
(q8,44)
(q5,93)
(q4,66)
(q1,68)
(r9,94)
(r7,31)
(r4,44)
(r5,58)
(r8,70)
(r1,1)
(r0,90)
(s5,63)
(s2,38)
(s7,29)
(s4,0)
(s3,84)
(s1,6)
(s8,85)
(t7,42)
(t0,75)
(t2,86)
(t1,14)
(t8,63)
(t6,17)
(t3,90)
(u5,68)
(u7,56)
(u3,69)
(u6,19)
(u8,98)
(u4,59)
(u1,55)
(v4,34)
(v6,99)
(v0,19)
(v5,11)
(v8,14)
(v9,95)
(w8,34)
(w3,63)
(w6,1)
(w7,12)
(w9,64)
(w4,88)
(w0,25)
(w1,38)
(x2,85)
(x4,79)
(x5,34)
(x9,50)
(x3,0)
(x0,74)
(x6,16)
(x1,46)
(x8,99)
(x7,31)
(y5,12)
(y6,7)
(y4,61)
(y0,25)
(z9,83)
(z4,31)
(z8,61)
(z0,43)
(z1,69)
(z7,81)
(z3,69)
(z2,0)
(a0,32)
(a9,57)
(a8,87)
(a6,82)
(a2,18)
(a3,30)
(a1,58)
(a7,27)
(b3,76)
(b9,27)
(b7,25)
(b6,30)
(b5,64)
(b8,38)
(b2,87)
(c7,47)
(c0,62)
(c3,85)
(c2,48)
(c8,12)
(c5,12)
(c6,10)
(c4,9)
(d0,75)
(d4,25)
(d6,64)
(d2,23)
(d9,79)
(d3,42)
(d8,70)
(d5,38)
(e0,19)
(e8,72)
(e2,100)
(e3,80)
(e7,62)
(e6,15)
(e1,52)
(e9,21)
(f6,3)
(f1,75)
(f4,79)
(f7,3)
(f3,66)
(f5,6)
(f2,16)
(f9,62)
(g4,28)
(g5,7)
(g0,0)
(g9,34)
(g6,35)
(g1,82)
(g2,71)
(g8,44)
(h4,9)
(h3,63)
(h7,55)
(h0,16)
(h5,32)
(h6,57)
(h9,90)
(i0,44)
(i6,7)
(i5,4)
(i2,40)
(i3,92)
(i7,51)
(i1,69)
(i9,57)
(i4,22)
(i8,92)
(j4,77)
(j3,85)
(j5,46)
(j6,48)
(j2,30)
(j1,93)
(k6,71)
(k0,9)
(k2,98)
(k9,27)
(k8,16)
(l8,67)
(l2,89)
(l1,9)
(l7,0)
(l3,94)
(l6,100)
(l5,59)
(l9,70)
(l0,40)
(m3,29)
(m4,39)
(m1,84)
(m9,41)
(m8,70)
(m7,40)
(m5,89)
(m2,95)
(n0,12)
(n2,30)
(n6,42)
(n8,95)
(n9,20)
(n5,88)
(o4,9)
(o5,26)
(o9,3)
(o3,84)
(o6,66)
(o8,77)
(o7,55)
(p7,28)
(p3,20)
(p8,88)
(p1,91)
(p4,2)
(p9,93)
(p6,26)
(p5,96)
(p0,6)
(q0,37)
(q2,6)
(q9,55)
(q7,5)
(q8,44)
(q5,93)
(q4,66)
(q1,68)
(r9,94)
(r7,31)
(r4,44)
(r5,58)
(r8,70)
(r1,30)
(r0,9)
(s5,1)
(s2,38)
(s7,29)
(s4,0)
(s3,84)
(s1,6)
(s8,85)
(t7,42)
(t0,75)
(t2,86)
(t1,14)
(t8,63)
(t6,17)
(t3,90)
(u5,68)
(u7,56)
(u3,69)
(u6,19)
(u8,98)
(u4,59)
(u1,55)
(v2,42)
(v4,34)
(v6,99)
(v0,19)
(v5,11)
(v8,14)
(v9,95)
(w8,34)
(w3,58)
(w6,1)
(w7,12)
(w9,64)
(w4,88)
(w0,25)
(w1,38)
(x4,79)
(x5,34)
(x9,50)
(x3,0)
(x0,74)
(x6,16)
(x1,46)
(x8,99)
(x7,31)
(y5,12)
(y6,7)
(y4,61)
(y0,25)
(z9,83)
(z8,61)
(z0,43)
(z1,69)
(z7,81)
(z3,69)
(z2,0)
[(p2,78)]
[(n0,12)]
