(a4,56)
(a6,82)
(a5,3)
(a2,79)
(a3,30)
(a1,58)
(a9,32)
(a7,85)
(b0,38)
(b7,6)
(b6,88)
(b4,55)
(b5,54)
(b8,73)
(b2,52)
(c3,6)
(c2,1)
(c9,76)
(c8,40)
(c5,12)
(c6,36)
(c4,67)
(d3,61)
(d8,50)
(d6,90)
(d5,88)
(d0,15)
(e6,13)
(e4,81)
(e1,14)
(e9,43)
(e0,38)
(e5,28)
(f1,59)
(f8,53)
(f5,94)
(f0,47)
(f2,38)
(f9,62)
(g1,41)
(g2,47)
(g4,43)
(g8,44)
(g6,34)
(h5,39)
(h2,61)
(h6,5)
(h9,81)
(i3,32)
(i7,76)
(i1,34)
(i0,53)
(i9,98)
(i4,99)
(i8,59)
(j2,6)
(j7,45)
(j4,12)
(j0,34)
(j9,76)
(j3,65)
(j1,45)
(k2,84)
(k4,44)
(k9,27)
(k1,37)
(k8,7)
(k6,5)
(k3,84)
(k5,96)
(k7,50)
(l8,29)
(l7,0)
(l3,88)
(l6,20)
(l5,59)
(l9,70)
(l0,96)
(m0,45)
(m4,81)
(m1,39)
(m9,41)
(m6,14)
(m8,1)
(m7,25)
(m5,36)
(m2,75)
(m3,13)
(n6,42)
(n2,45)
(n1,46)
(n4,74)
(n0,60)
(n8,32)
(n9,20)
(n5,26)
(o6,42)
(o0,16)
(o4,80)
(o1,37)
(o3,70)
(o8,30)
(o7,56)
(p2,13)
(p4,20)
(p9,0)
(p6,26)
(p5,93)
(p0,12)
(q2,40)
(q1,63)
(q0,6)
(q9,4)
(r9,94)
(r3,87)
(r6,64)
(r8,99)
(r2,81)
(r7,23)
(r1,37)
(r0,27)
(s5,71)
(s2,50)
(s9,6)
(s7,50)
(s4,49)
(s0,74)
(s3,82)
(s1,78)
(s8,33)
(t0,51)
(t6,17)
(t9,73)
(t3,91)
(t7,45)
(t4,22)
(u5,79)
(u7,43)
(u3,80)
(u6,32)
(u0,84)
(u8,19)
(u4,59)
(u9,8)
(u1,30)
(v8,4)
(v7,35)
(v6,6)
(v4,91)
(v9,4)
(w3,69)
(w6,1)
(w7,47)
(w9,30)
(w4,49)
(w0,88)
(w1,16)
(x1,9)
(x3,49)
(x8,12)
(x9,99)
(x7,51)
(y6,64)
(y8,62)
(y4,61)
(y0,95)
(y9,89)
(y2,77)
(y7,9)
(z6,84)
(z3,14)
(z8,23)
(z7,57)
(z5,85)
(z2,32)
(z0,16)
(z1,36)
Waiting...
[(j1,60)]
Waiting...
[(g6,8)]
[(g6,8)]
[(u8,89)]
[(a5,31)]
[(u3,61)]
Waiting...
Waiting...
[(e6,66)]
[(q6,94)]
(a4,56)
(a6,82)
(a2,79)
(a3,30)
(a1,58)
(a9,32)
(a7,60)
(b3,99)
(b9,7)
(b0,38)
(b7,6)
(b6,88)
(b4,55)
(b5,54)
(b8,73)
(b2,52)
(c3,6)
(c2,1)
(c9,76)
(c8,40)
(c5,12)
(c6,36)
(c4,24)
(d9,99)
(d3,61)
(d8,50)
(d6,90)
(d5,88)
(d0,15)
(e7,44)
(e6,66)
(e4,81)
(e1,14)
(e9,43)
(e0,38)
(e5,30)
(f6,17)
(f3,67)
(f1,59)
(f5,60)
(f0,47)
(f2,38)
(f9,62)
(g1,41)
(g2,47)
(g4,43)
(g8,44)
(h7,84)
(h5,16)
(h2,17)
(h6,5)
(h9,81)
(i2,32)
(i3,32)
(i7,76)
(i1,34)
(i0,53)
(i9,98)
(i4,22)
(i8,59)
(j6,56)
(j2,6)
(j7,45)
(j4,12)
(j0,34)
(j9,76)
(j3,65)
(j1,60)
(k2,84)
(k4,44)
(k9,27)
(k1,37)
(k8,7)
(k3,94)
(k7,52)
(l1,3)
(l7,0)
(l3,88)
(l6,20)
(l5,59)
(l9,70)
(l0,96)
(m0,45)
(m4,81)
(m1,39)
(m9,41)
(m6,14)
(m8,1)
(m7,25)
(m5,4)
(m2,75)
(m3,13)
(n6,42)
(n2,45)
(n1,46)
(n4,74)
(n0,60)
(n8,32)
(n9,20)
(n5,26)
(o6,42)
(o0,16)
(o4,36)
(o1,37)
(o3,76)
(o8,67)
(o7,56)
(p1,91)
(p2,13)
(p4,20)
(p9,0)
(p6,26)
(p5,35)
(p0,12)
(q5,40)
(q6,94)
(q4,66)
(q2,40)
(q1,63)
(q0,6)
(q9,4)
(r5,58)
(r9,94)
(r3,87)
(r6,64)
(r8,21)
(r2,81)
(r7,23)
(r1,37)
(r0,7)
(s6,39)
(s5,89)
(s2,96)
(s9,87)
(s7,50)
(s4,49)
(s0,74)
(s3,82)
(s1,78)
(s8,33)
(t6,17)
(t9,73)
(t3,91)
(t7,45)
(u5,79)
(u7,43)
(u3,61)
(u6,32)
(u0,84)
(u8,89)
(u4,59)
(u9,8)
(u1,49)
(v3,72)
(v8,4)
(v7,20)
(v6,23)
(v4,91)
(v9,4)
(w3,63)
(w6,1)
(w7,47)
(w9,30)
(w4,49)
(w0,88)
(w1,16)
(x6,55)
(x1,46)
(x3,49)
(x8,12)
(x9,99)
(x7,99)
(y6,64)
(y8,62)
(y4,61)
(y0,95)
(y9,89)
(y2,77)
(y7,9)
(z4,23)
(z6,84)
(z3,14)
(z8,0)
(z7,57)
(z5,85)
(z2,32)
(z1,78)
(a4,56)
(a6,82)
(a2,79)
(a3,30)
(a1,58)
(a9,32)
(a7,60)
(b3,99)
(b9,7)
(b0,38)
(b7,6)
(b6,88)
(b4,55)
(b5,54)
(b8,73)
(b2,52)
(c3,6)
(c2,1)
(c9,76)
(c8,40)
(c5,12)
(c6,36)
(c4,24)
(d9,99)
(d3,61)
(d8,50)
(d6,90)
(d5,88)
(d0,15)
(e7,44)
(e6,66)
(e4,81)
(e1,14)
(e9,43)
(e0,38)
(e5,30)
(f6,17)
(f3,67)
(f1,59)
(f5,60)
(f0,47)
(f2,16)
(f9,62)
(g1,41)
(g2,47)
(g4,43)
(g8,44)
(h7,84)
(h5,16)
(h2,17)
(h6,5)
(h9,81)
(i2,32)
(i3,32)
(i7,76)
(i1,34)
(i0,53)
(i9,98)
(i4,22)
(i8,59)
(j6,56)
(j2,6)
(j7,45)
(j4,12)
(j0,34)
(j9,76)
(j3,65)
(j1,60)
(k2,84)
(k4,44)
(k9,27)
(k1,37)
(k8,7)
(k3,94)
(k7,52)
(l1,3)
(l7,0)
(l3,88)
(l6,20)
(l5,59)
(l9,70)
(l0,96)
(m0,45)
(m4,81)
(m1,39)
(m9,41)
(m6,14)
(m8,1)
(m7,25)
(m5,4)
(m2,75)
(m3,13)
(n6,42)
(n2,45)
(n1,46)
(n4,74)
(n0,60)
(n8,32)
(n9,20)
(n5,26)
(o6,42)
(o0,16)
(o4,36)
(o1,37)
(o3,76)
(o8,67)
(o7,56)
(p1,91)
(p2,13)
(p4,20)
(p9,0)
(p6,26)
(p5,35)
(p0,12)
(q8,48)
(q5,40)
(q6,94)
(q4,66)
(q2,40)
(q1,63)
(q0,6)
(q9,4)
(r5,58)
(r9,94)
(r3,87)
(r6,64)
(r8,21)
(r2,81)
(r7,23)
(r1,37)
(r0,7)
(s6,39)
(s5,89)
(s2,96)
(s9,87)
(s7,50)
(s4,49)
(s0,74)
(s3,82)
(s1,78)
(s8,33)
(t6,17)
(t9,73)
(t3,91)
(t7,45)
(u5,79)
(u7,43)
(u3,61)
(u6,32)
(u0,84)
(u8,89)
(u4,59)
(u9,8)
(u1,49)
(v3,72)
(v8,4)
(v7,20)
(v6,23)
(v4,91)
(v9,4)
(w3,63)
(w6,1)
(w7,47)
(w9,30)
(w4,49)
(w0,88)
(w1,16)
(x6,55)
(x1,46)
(x3,49)
(x8,12)
(x9,99)
(x7,99)
(y6,64)
(y8,62)
(y4,61)
(y0,95)
(y9,89)
(y2,77)
(y7,9)
(z4,23)
(z6,84)
(z3,14)
(z8,0)
(z7,57)
(z5,85)
(z2,32)
(z1,78)
[(e7,44)]
[(s6,39)]
[(g1,56)]
[(r0,7)]
[(u8,89)]
(a4,56)
(a6,82)
(a2,79)
(a3,30)
(a1,58)
(a9,32)
(a7,60)
(b3,99)
(b9,7)
(b0,38)
(b7,27)
(b6,40)
(b4,55)
(b5,54)
(b8,73)
(b2,87)
(c3,6)
(c2,48)
(c9,76)
(c8,40)
(c5,12)
(c6,95)
(c4,24)
(d7,14)
(d2,12)
(d9,99)
(d3,61)
(d8,50)
(d6,90)
(d5,88)
(d0,15)
(e7,44)
(e6,66)
(e4,81)
(e1,14)
(e9,89)
(e0,61)
(e5,30)
(f3,67)
(f1,59)
(f5,60)
(f0,47)
(f2,16)
(f9,62)
(g1,56)
(g2,40)
(g4,43)
(g8,44)
(h3,92)
(h7,84)
(h5,16)
(h2,17)
(h6,5)
(h9,81)
(i2,32)
(i3,32)
(i7,51)
(i1,34)
(i0,53)
(i9,98)
(i4,22)
(i8,92)
(j6,56)
(j2,6)
(j7,45)
(j4,62)
(j0,34)
(j9,76)
(j3,77)
(j1,60)
(k2,84)
(k4,4)
(k9,27)
(k1,37)
(k8,7)
(k3,94)
(l2,76)
(l1,3)
(l7,0)
(l3,94)
(l6,20)
(l5,59)
(l9,70)
(l0,96)
(m0,45)
(m4,3)
(m1,39)
(m9,41)
(m6,14)
(m8,1)
(m7,25)
(m5,4)
(m2,75)
(m3,0)
(n3,34)
(n6,42)
(n2,45)
(n1,46)
(n4,74)
(n0,60)
(n8,32)
(n9,20)
(n5,26)
(o6,42)
(o0,99)
(o4,36)
(o1,37)
(o3,76)
(o8,67)
(o7,56)
(p1,91)
(p2,94)
(p4,20)
(p9,0)
(p6,26)
(p5,35)
(p0,12)
(q7,5)
(q8,48)
(q5,40)
(q6,94)
(q4,66)
(q2,40)
(q1,63)
(q0,6)
(q9,4)
(r4,39)
(r5,58)
(r9,94)
(r3,87)
(r6,27)
(r8,21)
(r2,81)
(r7,23)
(r1,37)
(r0,7)
(s6,39)
(s5,89)
(s2,96)
(s9,87)
(s7,50)
(s4,73)
(s0,74)
(s3,82)
(s1,71)
(s8,33)
(t8,46)
(t6,17)
(t9,73)
(t3,56)
(t7,45)
(u5,79)
(u7,92)
(u3,61)
(u6,32)
(u0,51)
(u8,89)
(u4,59)
(u9,8)
(u1,49)
(v5,82)
(v3,72)
(v8,3)
(v7,20)
(v4,91)
(v9,4)
(w3,63)
(w6,1)
(w7,47)
(w9,30)
(w4,49)
(w0,88)
(w1,16)
(x6,55)
(x1,46)
(x3,49)
(x8,12)
(x9,99)
(x7,99)
(y6,64)
(y8,62)
(y4,61)
(y0,95)
(y9,89)
(y2,77)
(y7,9)
(z4,23)
(z6,84)
(z3,69)
(z8,0)
(z7,57)
(z5,85)
(z2,32)
[(l3,94)]
Waiting...
[(o3,76)]
(a4,56)
(a6,82)
(a2,79)
(a3,30)
(a1,58)
(a9,32)
(a7,60)
(b3,99)
(b9,7)
(b0,38)
(b7,27)
(b6,40)
(b4,55)
(b5,54)
(b8,73)
(b2,87)
(c3,6)
(c2,48)
(c9,76)
(c8,40)
(c5,12)
(c6,95)
(c4,24)
(d7,14)
(d2,12)
(d9,99)
(d3,61)
(d8,50)
(d6,90)
(d5,88)
(d0,15)
(e6,66)
(e4,81)
(e1,14)
(e9,89)
(e0,61)
(e5,30)
(f3,67)
(f1,59)
(f5,60)
(f0,47)
(f2,16)
(f9,62)
(g6,35)
(g3,52)
(g1,56)
(g2,40)
(g4,43)
(g8,44)
(h3,92)
(h5,16)
(h2,17)
(h6,5)
(h9,81)
(i2,32)
(i3,32)
(i7,51)
(i1,34)
(i0,53)
(i9,98)
(i4,22)
(i8,92)
(j5,46)
(j6,56)
(j2,6)
(j7,45)
(j4,62)
(j0,34)
(j9,76)
(j1,60)
(k2,84)
(k4,4)
(k9,27)
(k1,37)
(k8,7)
(k3,94)
(l2,76)
(l1,3)
(l7,0)
(l3,94)
(l6,51)
(l5,59)
(l9,70)
(l0,96)
(m0,45)
(m4,3)
(m1,39)
(m9,41)
(m6,14)
(m8,1)
(m7,59)
(m5,4)
(m2,75)
(m3,0)
(n3,34)
(n6,42)
(n2,45)
(n1,67)
(n4,74)
(n0,60)
(n8,32)
(n9,20)
(n5,26)
(o2,50)
(o6,42)
(o0,99)
(o4,36)
(o1,37)
(o3,76)
(o8,67)
(o7,56)
(p1,91)
(p2,94)
(p4,41)
(p9,0)
(p6,26)
(p5,35)
(p0,12)
(q7,5)
(q8,48)
(q5,40)
(q6,94)
(q4,66)
(q2,39)
(q1,59)
(q0,6)
(q9,4)
(r4,39)
(r5,58)
(r9,26)
(r3,87)
(r6,27)
(r8,21)
(r2,81)
(r7,23)
(r1,37)
(r0,7)
(s6,39)
(s5,89)
(s2,96)
(s9,87)
(s7,50)
(s4,73)
(s0,74)
(s3,82)
(s1,71)
(s8,62)
(t8,46)
(t6,17)
(t9,99)
(t3,56)
(t7,45)
(u5,79)
(u7,92)
(u3,61)
(u6,32)
(u0,51)
(u8,89)
(u4,59)
(u9,8)
(u1,49)
(v0,35)
(v5,82)
(v8,3)
(v7,20)
(v4,91)
(v9,4)
(w3,63)
(w6,1)
(w7,47)
(w9,30)
(w4,49)
(w0,88)
(w1,16)
(x6,55)
(x1,46)
(x3,0)
(x8,12)
(x9,99)
(x7,99)
(y6,64)
(y8,62)
(y4,61)
(y0,95)
(y9,89)
(y2,77)
(y7,9)
(z4,23)
(z6,84)
(z3,69)
(z8,0)
(z7,57)
(z5,85)
(z2,32)
