Waiting...
[(x7,95)]
Waiting...
[(l3,97)]
[(y3,53)]
[(r1,56)]
[(h5,40)]
[(e8,34)]
[(r7,75)]
[(u3,19)]
[(c5,79)]
[(b3,95)]
[(l3,97)]
Waiting...
(a4,37)
(a3,63)
(a6,35)
(a1,19)
(a8,65)
(a0,95)
(a5,21)
(a9,4)
(a2,29)
(a7,13)
(b2,85)
(b9,42)
(b3,95)
(b6,10)
(b5,47)
(b0,26)
(c6,23)
(c5,79)
(c0,10)
(c4,77)
(c3,37)
(c7,72)
(d1,77)
(d2,79)
(d4,61)
(d7,47)
(d9,73)
(d8,81)
(d5,88)
(d3,16)
(d0,53)
(e8,34)
(e1,59)
(e5,20)
(e4,68)
(e3,91)
(e7,54)
(f5,99)
(f6,9)
(f9,51)
(f8,28)
(f1,77)
(f7,5)
(f4,78)
(g3,52)
(g7,55)
(g1,9)
(g2,87)
(g8,91)
(g9,91)
(g0,85)
(g6,84)
(g4,89)
(g5,22)
(h2,7)
(h1,40)
(h9,39)
(h4,76)
(h8,81)
(h6,56)
(h3,49)
(h7,58)
(h0,31)
(i6,83)
(i9,6)
(i5,52)
(i4,58)
(i3,16)
(i2,8)
(i8,77)
(i1,32)
(i0,27)
(j6,55)
(j7,6)
(j3,1)
(j8,99)
(j1,45)
(j9,89)
(j5,5)
(j4,65)
(k3,20)
(k0,67)
(k5,92)
(k8,100)
(k4,34)
(k7,16)
(k1,10)
(k6,86)
(k2,35)
(k9,73)
(l5,24)
(l4,22)
(l7,53)
(l8,62)
(l9,99)
(l1,8)
(l3,97)
(l6,53)
(l0,7)
(l2,88)
(m7,44)
(m9,98)
(m5,92)
(m6,11)
(m4,44)
(m0,19)
(m2,37)
(m8,45)
(m3,13)
(n0,27)
(n5,24)
(n3,56)
(n4,41)
(n2,26)
(n6,70)
(n1,47)
(n9,26)
(n8,97)
(n7,79)
(o1,10)
(o3,35)
(o2,89)
(o0,5)
(o8,89)
(o6,2)
(o7,21)
(o5,34)
(p6,38)
(p5,46)
(p0,56)
(p1,81)
(p8,50)
(p2,67)
(p3,81)
(p9,80)
(p4,52)
(p7,44)
(q8,42)
(q1,57)
(q9,82)
(q7,96)
(q4,86)
(q5,95)
(q6,18)
(q2,8)
(q3,12)
(r5,79)
(r7,75)
(r1,56)
(r4,97)
(r2,30)
(r3,0)
(r9,12)
(r8,91)
(r6,74)
(r0,60)
(s4,24)
(s1,85)
(s7,93)
(s2,30)
(s5,18)
(s9,68)
(s8,59)
(s6,35)
(t7,24)
(t2,1)
(t3,79)
(t6,37)
(t9,89)
(t1,62)
(t8,1)
(t0,31)
(t5,81)
(u4,43)
(u9,2)
(u1,95)
(u3,19)
(u2,92)
(u5,88)
(u7,42)
(u0,72)
(u8,97)
(v8,45)
(v9,28)
(v3,82)
(v7,67)
(v1,62)
(v6,74)
(v0,95)
(w6,59)
(w0,83)
(w2,83)
(w7,83)
(w1,69)
(w4,36)
(w9,82)
(w8,60)
(x3,100)
(x2,75)
(x5,92)
(x8,4)
(x0,34)
(x7,95)
(x1,61)
(x6,23)
(x4,31)
(y7,71)
(y5,100)
(y4,46)
(y2,51)
(y6,30)
(y9,52)
(y1,95)
(y8,89)
(z2,29)
(z3,76)
(z0,62)
(z6,10)
(z4,9)
(z5,83)
(z8,32)
(z9,6)
(z7,28)
(z1,56)
[(b2,85)]
[(z2,29)]
[(m8,45)]
[(t2,1)]
[(o6,2)]
[(b2,85)]
[(g7,55)]
[(u9,2)]
[(i2,26)]
[(c5,79)]
[(l0,7)]
[(a0,82)]
[(x2,22)]
[(b6,10)]
Waiting...
[(f8,28)]
