(a3,44)
(a7,37)
(a0,34)
(a4,80)
(a9,76)
(a6,56)
(a5,66)
(a2,58)
(a1,42)
(b1,36)
(b6,12)
(b5,45)
(b0,87)
(b8,97)
(b2,39)
(b7,50)
(c2,71)
(c8,89)
(c1,19)
(c5,96)
(c7,87)
(c9,73)
(c4,23)
(d3,95)
(d2,55)
(d6,67)
(d9,13)
(d4,4)
(d5,55)
(e1,13)
(e2,46)
(e7,69)
(e9,68)
(e5,15)
(e0,75)
(e4,54)
(f4,16)
(f9,58)
(f5,16)
(f7,7)
(f8,74)
(f2,40)
(f3,19)
(f1,58)
(g5,15)
(g6,45)
(g1,92)
(g8,51)
(g7,97)
(g9,80)
(g2,6)
(g4,90)
(g3,49)
(h0,94)
(h1,79)
(h2,32)
(h7,31)
(h6,27)
(i8,82)
(i7,63)
(i0,77)
(i2,19)
(i6,1)
(i3,26)
(j1,14)
(j0,86)
(j3,51)
(j2,30)
(j5,11)
(k4,88)
(k9,83)
(k6,51)
(k5,98)
(k8,11)
(k2,48)
(l7,6)
(l3,27)
(l2,70)
(l9,39)
(l1,72)
(l5,65)
(m1,17)
(m7,4)
(m3,85)
(m9,2)
(m8,42)
(m5,70)
(m2,37)
(n5,2)
(n9,87)
(n8,13)
(n4,23)
(n0,60)
(n7,70)
(o3,90)
(o7,70)
(o4,84)
(o2,11)
(o5,41)
(o1,56)
(o8,29)
(p5,58)
(p7,88)
(p9,69)
(p3,88)
(p6,86)
(p1,7)
(p0,79)
(p8,85)
(q2,31)
(q3,100)
(q6,90)
(q4,88)
(q1,25)
(r2,20)
(r7,53)
(r0,24)
(r6,7)
(s2,67)
(s4,53)
(s0,85)
(s6,80)
(s7,19)
(s8,56)
(s5,56)
(s9,87)
(s3,47)
(s1,32)
(t5,36)
(t1,46)
(t4,64)
(t6,84)
(t8,51)
(u6,67)
(u1,27)
(u4,74)
(u5,7)
(u2,24)
(u7,76)
(u3,83)
(v6,31)
(v2,17)
(v9,69)
(v0,15)
(v5,81)
(v1,74)
(v8,57)
(v3,94)
(w8,30)
(w0,37)
(w5,51)
(w4,56)
(w6,10)
(w7,87)
(w3,18)
(w2,77)
(x4,50)
(x9,99)
(x5,30)
(x0,96)
(x6,78)
(x2,85)
(x3,96)
(x1,52)
(y9,54)
(y0,17)
(y3,70)
(y7,56)
(y1,60)
(y6,35)
(y2,38)
(y8,60)
(z6,0)
(z2,90)
(z9,79)
(z1,64)
(z0,45)
Waiting...
[(m6,13)]
Waiting...
(a8,47)
(a3,44)
(a7,37)
(a0,34)
(a4,80)
(a9,76)
(a6,56)
(a5,66)
(a2,58)
(a1,42)
(b1,36)
(b6,12)
(b5,45)
(b0,87)
(b8,97)
(b2,39)
(b7,50)
(c6,4)
(c2,71)
(c8,89)
(c1,19)
(c5,96)
(c7,43)
(c9,73)
(c4,23)
(d3,95)
(d2,55)
(d6,67)
(d9,13)
(d4,4)
(d5,55)
(e1,13)
(e2,75)
(e7,69)
(e9,68)
(e5,15)
(e0,75)
(e4,54)
(f4,16)
(f9,58)
(f5,16)
(f7,7)
(f8,74)
(f2,40)
(f3,19)
(f1,58)
(g5,15)
(g6,45)
(g1,92)
(g8,51)
(g7,97)
(g9,80)
(g2,6)
(g4,90)
(g3,49)
(h0,94)
(h1,79)
(h2,52)
(h7,31)
(h6,27)
(i8,82)
(i7,28)
(i0,77)
(i2,19)
(i6,1)
(i3,26)
(j1,14)
(j0,86)
(j3,51)
(j2,30)
(j5,11)
(k4,88)
(k9,83)
(k6,51)
(k5,98)
(k8,11)
(k2,48)
(l6,64)
(l7,6)
(l3,27)
(l2,70)
(l9,39)
(l1,72)
(l5,65)
(m6,13)
(m1,17)
(m7,4)
(m3,85)
(m9,2)
(m8,42)
(m5,70)
(m2,37)
(n5,2)
(n9,87)
(n8,13)
(n4,23)
(n0,60)
(n7,70)
(o3,90)
(o7,70)
(o4,8)
(o2,11)
(o5,41)
(o1,56)
(o8,29)
(p4,36)
(p5,58)
(p7,88)
(p9,69)
(p3,88)
(p6,86)
(p1,7)
(p0,79)
(p8,85)
(q9,87)
(q2,31)
(q3,100)
(q6,90)
(q4,88)
(q1,25)
(r2,20)
(r7,53)
(r0,24)
(r6,40)
(s2,5)
(s4,53)
(s0,85)
(s6,80)
(s7,19)
(s8,56)
(s5,56)
(s9,86)
(s3,47)
(s1,32)
(t5,70)
(t1,46)
(t4,64)
(t6,84)
(t8,51)
(u6,67)
(u1,27)
(u4,74)
(u5,7)
(u2,24)
(u7,76)
(u3,83)
(v6,31)
(v2,78)
(v9,69)
(v0,15)
(v5,91)
(v1,74)
(v8,57)
(v3,94)
(w9,77)
(w1,79)
(w8,30)
(w0,37)
(w5,51)
(w4,56)
(w6,10)
(w7,87)
(w3,18)
(w2,77)
(x4,50)
(x9,99)
(x5,30)
(x0,96)
(x6,78)
(x2,85)
(x3,96)
(x1,52)
(y9,54)
(y0,66)
(y3,70)
(y7,56)
(y1,60)
(y6,35)
(y2,82)
(y8,60)
(z8,48)
(z7,29)
(z6,0)
(z2,90)
(z9,59)
(z1,64)
(z0,45)
[(i8,82)]
[(v2,78)]
[(z2,90)]
[(f8,74)]
[(z7,29)]
[(z9,59)]
[(e1,55)]
[(j0,86)]
Waiting...
[(o7,70)]
[(y8,86)]
[(a3,6)]
(a0,27)
(a8,47)
(a3,6)
(a7,37)
(a4,80)
(a9,76)
(a6,56)
(a5,66)
(a2,58)
(a1,42)
(b3,34)
(b1,36)
(b6,12)
(b5,45)
(b0,87)
(b8,72)
(b2,39)
(b7,50)
(c2,36)
(c8,89)
(c1,19)
(c5,96)
(c7,43)
(c9,73)
(c4,23)
(d7,56)
(d3,95)
(d2,55)
(d6,67)
(d9,13)
(d4,30)
(d5,55)
(e3,9)
(e1,55)
(e2,75)
(e7,69)
(e9,68)
(e5,15)
(e0,75)
(e4,54)
(f6,61)
(f4,16)
(f9,12)
(f5,16)
(f7,7)
(f8,74)
(f2,40)
(f3,19)
(f1,58)
(g5,0)
(g6,45)
(g1,92)
(g8,64)
(g7,97)
(g9,80)
(g2,6)
(g4,90)
(g3,0)
(h5,81)
(h0,94)
(h1,79)
(h7,31)
(h6,33)
(i9,84)
(i0,77)
(i2,19)
(i6,1)
(i3,26)
(j8,30)
(j4,8)
(j1,26)
(j0,86)
(j3,51)
(j2,30)
(j5,11)
(k4,88)
(k9,83)
(k6,51)
(k5,98)
(k8,11)
(k2,17)
(l7,6)
(l3,33)
(l2,13)
(l9,39)
(l1,72)
(l5,65)
(m6,13)
(m1,36)
(m7,4)
(m8,42)
(m5,70)
(m2,37)
(n5,20)
(n9,87)
(n8,13)
(n4,23)
(n0,60)
(n7,70)
(o0,30)
(o3,90)
(o7,70)
(o4,8)
(o2,11)
(o5,85)
(o1,56)
(o8,29)
(p2,31)
(p4,36)
(p5,97)
(p7,88)
(p9,69)
(p3,88)
(p6,86)
(p0,79)
(p8,85)
(q5,25)
(q2,31)
(q3,100)
(q6,90)
(q4,88)
(q1,25)
(r2,92)
(r7,53)
(r0,24)
(s2,5)
(s6,38)
(s7,96)
(s8,56)
(s5,56)
(s3,47)
(s1,32)
(t9,60)
(t5,70)
(t1,59)
(t4,64)
(t6,84)
(t8,51)
(u6,35)
(u1,27)
(u4,98)
(u5,7)
(u2,24)
(u3,83)
(v4,44)
(v6,31)
(v2,78)
(v9,69)
(v0,15)
(v5,91)
(v1,74)
(v8,49)
(v3,94)
(w8,30)
(w0,37)
(w5,51)
(w4,56)
(w6,89)
(w7,87)
(w2,77)
(x7,19)
(x4,50)
(x9,86)
(x5,30)
(x0,3)
(x6,70)
(x2,85)
(x3,66)
(x1,52)
(y9,54)
(y0,66)
(y3,70)
(y7,9)
(y1,60)
(y6,35)
(y2,82)
(y8,86)
(z8,48)
(z6,0)
(z2,90)
(z1,11)
(z0,45)
Waiting...
(a0,27)
(a8,47)
(a3,6)
(a7,37)
(a4,80)
(a9,76)
(a6,56)
(a5,66)
(a2,58)
(a1,42)
(b3,34)
(b1,36)
(b6,12)
(b5,45)
(b0,82)
(b8,72)
(b2,39)
(b7,50)
(c2,36)
(c8,89)
(c1,19)
(c5,96)
(c7,43)
(c9,73)
(c4,23)
(d7,56)
(d3,95)
(d2,55)
(d6,67)
(d9,13)
(d4,30)
(d5,0)
(e6,89)
(e3,9)
(e1,55)
(e2,75)
(e7,69)
(e9,68)
(e5,15)
(e0,75)
(e4,54)
(f6,61)
(f4,16)
(f9,12)
(f5,16)
(f7,7)
(f8,74)
(f2,40)
(f3,19)
(f1,58)
(g5,0)
(g6,45)
(g1,92)
(g8,64)
(g7,97)
(g9,80)
(g2,6)
(g4,90)
(g3,0)
(h3,6)
(h5,81)
(h0,94)
(h1,79)
(h7,31)
(h6,33)
(i9,84)
(i0,77)
(i2,19)
(i6,1)
(i3,26)
(j8,30)
(j4,8)
(j1,26)
(j0,86)
(j3,51)
(j2,30)
(j5,11)
(k4,88)
(k9,83)
(k6,51)
(k5,98)
(k8,51)
(k2,17)
(l7,6)
(l3,33)
(l2,13)
(l9,39)
(l1,72)
(l5,65)
(m6,13)
(m1,36)
(m7,4)
(m8,42)
(m5,70)
(m2,37)
(n5,20)
(n9,87)
(n8,13)
(n4,23)
(n0,60)
(n7,70)
(o0,30)
(o3,90)
(o7,70)
(o4,8)
(o2,11)
(o5,85)
(o1,56)
(o8,29)
(p2,31)
(p4,36)
(p5,97)
(p7,88)
(p9,69)
(p3,88)
(p6,86)
(p0,79)
(p8,85)
(q5,25)
(q2,31)
(q3,100)
(q6,90)
(q4,88)
(q1,25)
(r2,92)
(r7,53)
(r0,24)
(s2,5)
(s6,38)
(s7,96)
(s8,56)
(s5,56)
(s3,47)
(s1,32)
(t9,60)
(t5,70)
(t1,59)
(t4,64)
(t6,84)
(t8,51)
(u6,35)
(u1,27)
(u4,98)
(u5,7)
(u2,24)
(u3,83)
(v4,44)
(v6,31)
(v2,78)
(v9,69)
(v0,15)
(v5,91)
(v1,74)
(v8,49)
(v3,94)
(w8,30)
(w0,37)
(w5,51)
(w4,56)
(w6,89)
(w7,87)
(w2,77)
(x7,19)
(x4,50)
(x9,86)
(x5,30)
(x0,3)
(x6,70)
(x2,85)
(x3,66)
(x1,52)
(y9,54)
(y0,66)
(y3,70)
(y7,9)
(y1,60)
(y6,35)
(y2,82)
(y8,86)
(z8,48)
(z6,0)
(z2,90)
(z1,11)
(z0,45)
[(x0,3)]
[(z8,48)]
