(a3,18)
(a2,59)
(a9,65)
(a0,38)
(a5,95)
(a6,51)
(a4,95)
(a8,96)
(a7,17)
(a1,56)
(b9,64)
(b4,99)
(b7,39)
(b3,54)
(b0,38)
(b5,92)
(b8,30)
(b1,31)
(c2,81)
(c0,48)
(c6,44)
(c7,23)
(c4,29)
(d2,86)
(d3,83)
(d9,92)
(d4,5)
(d1,57)
(d8,57)
(d0,22)
(d7,85)
(e2,65)
(e5,32)
(e0,6)
(e6,88)
(e3,78)
(e1,96)
(e7,81)
(e4,41)
(e8,27)
(f2,20)
(f0,77)
(f1,38)
(f5,50)
(f7,59)
(f4,100)
(f3,91)
(g9,23)
(g2,30)
(g5,34)
(g4,29)
(g7,52)
(g1,41)
(g6,79)
(g0,12)
(g3,75)
(h7,51)
(h5,54)
(h0,58)
(h6,8)
(h8,17)
(h4,59)
(h9,68)
(h2,33)
(h1,89)
(i3,82)
(i8,75)
(i9,57)
(i4,23)
(i6,57)
(i1,28)
(i7,25)
(i5,96)
(i0,32)
(j8,68)
(j5,34)
(j9,22)
(j0,77)
(j6,98)
(j1,17)
(j4,63)
(j2,13)
(k9,99)
(k5,5)
(k3,13)
(k7,95)
(k2,68)
(k0,34)
(k8,21)
(k1,15)
(k4,46)
(k6,51)
(l3,74)
(l6,100)
(l9,7)
(l7,5)
(l0,47)
(l2,7)
(l8,29)
(l4,82)
(m4,95)
(m3,2)
(m1,35)
(m0,0)
(m6,65)
(m2,65)
(n0,24)
(n4,3)
(n2,5)
(n3,64)
(n1,30)
(n7,27)
(n9,29)
(n5,72)
(n6,47)
(o1,45)
(o3,85)
(o0,4)
(o8,73)
(o9,37)
(o6,3)
(o2,34)
(o7,8)
(o5,2)
(p4,34)
(p7,62)
(p6,95)
(p8,91)
(p2,4)
(p1,5)
(p3,34)
(q4,40)
(q1,53)
(q6,54)
(q2,10)
(q9,0)
(q0,99)
(q7,31)
(q3,28)
(q8,91)
(r8,51)
(r9,37)
(r4,92)
(r7,90)
(r1,44)
(r3,97)
(r6,56)
(r5,24)
(r2,64)
(r0,74)
(s0,4)
(s3,32)
(s1,18)
(s9,94)
(s8,99)
(s2,89)
(s4,44)
(s6,61)
(s7,99)
(t4,49)
(t8,43)
(t1,20)
(t2,25)
(t6,64)
(t0,8)
(t7,70)
(t5,71)
(u0,44)
(u2,49)
(u4,88)
(u5,60)
(u1,38)
(u8,78)
(u9,61)
(u6,20)
(u3,45)
(u7,89)
(v6,67)
(v9,29)
(v7,94)
(v0,30)
(v8,1)
(v1,24)
(v3,79)
(v5,19)
(v4,92)
(w7,2)
(w6,49)
(w5,67)
(w4,26)
(w0,12)
(w3,98)
(w9,88)
(x6,49)
(x9,41)
(x7,93)
(x8,15)
(x2,40)
(x0,97)
(x4,21)
(x5,10)
(x1,62)
(y2,21)
(y1,39)
(y8,70)
(y5,77)
(y6,33)
(y4,86)
(y7,49)
(y9,26)
(y0,60)
(z2,95)
(z7,79)
(z3,30)
(z8,59)
(z5,10)
(z1,83)
(z4,71)
(z9,29)
Waiting...
[(u5,60)]
Waiting...
Waiting...
[(i4,23)]
