(a9,65)
(a0,24)
(a5,95)
(a6,58)
(a2,7)
(a4,95)
(a8,17)
(a7,17)
(a1,94)
(b7,64)
(b6,78)
(b3,54)
(b0,88)
(b5,15)
(b8,29)
(b1,31)
(c0,48)
(c6,44)
(c7,23)
(c4,29)
(d2,86)
(d3,50)
(d9,12)
(d6,12)
(d4,5)
(d1,57)
(d8,57)
(d0,6)
(d7,85)
(e2,65)
(e5,100)
(e0,6)
(e6,88)
(e3,78)
(e1,96)
(e7,81)
(e4,41)
(e8,27)
(f2,20)
(f0,77)
(f1,38)
(f5,50)
(f7,59)
(f4,100)
(f3,91)
(g9,23)
(g2,79)
(g5,83)
(g4,29)
(g7,52)
(g1,41)
(g6,6)
(g0,12)
(g3,75)
(h7,7)
(h5,54)
(h0,58)
(h6,8)
(h8,17)
(h4,13)
(h9,68)
(h2,33)
(h1,89)
(i3,87)
(i8,75)
(i9,57)
(i4,16)
(i2,64)
(i6,57)
(i1,28)
(i7,25)
(i5,96)
(i0,32)
(j8,68)
(j5,34)
(j9,53)
(j0,77)
(j6,41)
(j1,17)
(j4,63)
(j2,13)
(k5,5)
(k3,13)
(k7,95)
(k2,68)
(k0,34)
(k8,21)
(k1,15)
(k4,82)
(k6,51)
(l3,74)
(l6,100)
(l9,7)
(l7,70)
(l0,78)
(l2,3)
(l8,29)
(l4,42)
(m3,2)
(m8,66)
(m1,35)
(m0,0)
(m6,65)
(m2,65)
(n0,24)
(n4,3)
(n2,5)
(n3,64)
(n1,30)
(n7,27)
(n9,29)
(n5,30)
(n6,47)
(o1,46)
(o3,82)
(o0,4)
(o8,73)
(o9,37)
(o6,3)
(o2,34)
(o7,8)
(o5,2)
(p7,62)
(p6,4)
(p8,3)
(p2,4)
(p1,5)
(p3,34)
(q1,24)
(q6,54)
(q2,10)
(q9,0)
(q0,99)
(q7,42)
(q3,28)
(q8,91)
(r8,51)
(r9,37)
(r4,92)
(r7,90)
(r1,44)
(r3,97)
(r6,56)
(r5,24)
(r2,64)
(r0,74)
(s3,32)
(s1,18)
(s9,94)
(s8,99)
(s2,6)
(s4,44)
(s6,47)
(s7,99)
(t4,49)
(t8,81)
(t1,90)
(t2,87)
(t6,70)
(t0,8)
(t7,70)
(t5,71)
(u2,49)
(u4,58)
(u5,69)
(u1,38)
(u8,81)
(u9,10)
(u6,20)
(u3,45)
(u7,89)
(v9,29)
(v7,94)
(v0,30)
(v8,48)
(v1,24)
(v3,79)
(v5,19)
(v4,71)
(w7,2)
(w6,49)
(w5,67)
(w4,26)
(w0,47)
(w3,61)
(w9,58)
(x6,49)
(x9,85)
(x7,93)
(x8,15)
(x2,40)
(x0,56)
(x4,21)
(x5,10)
(x1,62)
(y3,70)
(y2,28)
(y1,39)
(y8,70)
(y5,77)
(y6,33)
(y4,86)
(y7,49)
(y9,26)
(y0,76)
(z2,3)
(z7,79)
(z3,30)
(z8,59)
(z5,10)
(z1,4)
(z4,34)
(z9,29)
[(l4,82)]
[(x0,97)]
Waiting...
[(i2,34)]
[(w9,88)]
[(w9,88)]
[(b0,38)]
Waiting...
[(h0,58)]
[(e7,81)]
[(s2,89)]
[(g2,30)]
[(u9,61)]
[(x9,41)]
