[(k2,89)]
Waiting...
Waiting...
Waiting...
Waiting...
[(f1,98)]
[(o9,74)]
[(g7,77)]
(a4,2)
(a6,100)
(a7,2)
(a2,95)
(a8,73)
(a5,63)
(a0,28)
(a3,85)
(a1,48)
(b8,23)
(b0,16)
(b6,77)
(b4,2)
(b5,11)
(b9,20)
(b7,75)
(c6,95)
(c2,30)
(c1,49)
(c9,67)
(d6,50)
(d2,31)
(d4,23)
(d7,31)
(d5,17)
(d1,27)
(d0,60)
(d9,86)
(e2,18)
(e9,4)
(e1,59)
(e7,38)
(e6,52)
(e0,86)
(e8,23)
(e3,42)
(e5,41)
(f4,95)
(f1,98)
(f9,70)
(f8,92)
(f3,83)
(f0,19)
(f6,67)
(f2,35)
(f7,22)
(g2,11)
(g8,28)
(g0,18)
(g5,56)
(g7,77)
(g9,34)
(g4,99)
(g3,60)
(h8,77)
(h0,1)
(h4,48)
(h9,27)
(h5,78)
(h2,89)
(h3,31)
(h1,82)
(h7,15)
(h6,28)
(i5,40)
(i6,96)
(i9,44)
(i4,59)
(i0,13)
(i8,15)
(j4,10)
(j7,36)
(j1,84)
(j9,11)
(j3,52)
(j6,41)
(j2,30)
(j5,62)
(k7,54)
(k4,52)
(k0,49)
(k2,89)
(k1,3)
(k8,27)
(k9,72)
(l0,82)
(l3,77)
(l8,89)
(l2,91)
(l1,98)
(l4,95)
(l9,73)
(l5,40)
(m5,86)
(m1,52)
(m9,95)
(m4,96)
(m6,93)
(m8,5)
(m2,96)
(n3,62)
(n4,49)
(n9,65)
(n1,24)
(n5,80)
(n8,16)
(n6,88)
(n0,58)
(n7,52)
(o5,74)
(o3,61)
(o8,40)
(o1,31)
(o9,74)
(o2,19)
(o7,0)
(o4,19)
(p4,89)
(p2,43)
(p1,25)
(p7,10)
(p3,96)
(p0,38)
(p9,27)
(p8,2)
(q2,82)
(q1,38)
(q9,20)
(q4,18)
(q8,28)
(q0,92)
(q5,67)
(r6,40)
(r9,93)
(r5,76)
(r8,49)
(r3,62)
(r4,12)
(r2,83)
(r7,33)
(r0,35)
(s0,59)
(s8,99)
(s2,73)
(s3,74)
(s4,90)
(s6,47)
(s7,4)
(s5,93)
(t7,78)
(t2,67)
(t4,35)
(t0,100)
(t3,60)
(t9,43)
(t1,95)
(t8,81)
(u9,41)
(u0,22)
(u2,59)
(u7,17)
(u8,83)
(u1,71)
(u4,96)
(u5,85)
(v5,90)
(v4,42)
(v1,35)
(v3,81)
(v0,100)
(w9,33)
(w7,53)
(w1,63)
(w3,18)
(w8,7)
(w5,39)
(w4,25)
(x1,10)
(x2,6)
(x8,80)
(x0,23)
(x6,67)
(x9,86)
(x3,20)
(y8,98)
(y5,17)
(y1,35)
(y7,70)
(y9,74)
(y2,7)
(y4,61)
(y0,28)
(y3,44)
(z6,22)
(z5,92)
(z3,74)
(z1,35)
(z9,98)
(z7,33)
(z8,37)
(z0,46)
[(x3,20)]
[(w4,25)]
[(b8,23)]
[(l0,82)]
[(n4,49)]
[(k2,89)]
[(i6,95)]
Waiting...
[(s2,73)]
[(h6,46)]
(a4,57)
(a6,97)
(a7,71)
(a2,95)
(a8,3)
(a5,63)
(a0,71)
(a3,85)
(b8,23)
(b0,16)
(b6,77)
(b4,2)
(b5,11)
(b9,20)
(b7,88)
(c7,69)
(c6,95)
(c2,30)
(c9,67)
(d3,7)
(d6,50)
(d2,18)
(d4,23)
(d1,2)
(d0,60)
(d9,86)
(e4,49)
(e2,18)
(e9,4)
(e6,32)
(e0,86)
(e8,23)
(e3,42)
(e5,41)
(f9,46)
(f1,88)
(f4,95)
(f8,6)
(f3,83)
(f0,19)
(f6,67)
(f2,35)
(f7,22)
(g6,45)
(g2,11)
(g8,28)
(g0,18)
(g5,56)
(g9,34)
(g4,99)
(g3,2)
(h8,77)
(h0,1)
(h4,48)
(h9,27)
(h5,19)
(h2,89)
(h3,31)
(h1,82)
(h7,51)
(h6,46)
(i3,35)
(i5,40)
(i6,95)
(i9,44)
(i4,27)
(i0,13)
(i8,15)
(j4,10)
(j7,52)
(j1,84)
(j9,32)
(j3,52)
(j6,41)
(j2,96)
(j5,62)
(k7,54)
(k4,52)
(k2,89)
(k8,27)
(k9,72)
(l6,98)
(l8,44)
(l2,91)
(l1,98)
(l4,8)
(l9,73)
(l5,66)
(m2,24)
(m5,85)
(m1,52)
(m9,11)
(m4,96)
(m6,46)
(m8,5)
(n2,71)
(n3,62)
(n4,49)
(n9,65)
(n5,80)
(n8,16)
(n6,45)
(n0,58)
(o5,74)
(o3,61)
(o8,40)
(o1,2)
(o9,74)
(o2,19)
(o7,66)
(o4,19)
(p4,89)
(p2,43)
(p1,25)
(p7,10)
(p3,32)
(p9,82)
(p8,2)
(q0,81)
(q3,30)
(q2,82)
(q9,20)
(q4,18)
(q8,53)
(q5,67)
(r6,40)
(r9,93)
(r5,76)
(r8,49)
(r3,66)
(r2,83)
(r7,64)
(r0,35)
(s3,31)
(s0,59)
(s8,99)
(s2,73)
(s4,90)
(s6,47)
(s7,4)
(s5,93)
(t7,78)
(t2,67)
(t4,35)
(t0,100)
(t3,60)
(t9,75)
(t1,95)
(t8,13)
(u9,41)
(u0,15)
(u7,17)
(u8,83)
(u1,71)
(u4,96)
(u5,9)
(v5,90)
(v4,71)
(v1,35)
(v3,81)
(v0,7)
(w6,89)
(w9,99)
(w7,53)
(w1,63)
(w8,83)
(w4,25)
(x7,44)
(x1,10)
(x2,6)
(x8,92)
(x0,23)
(x6,67)
(x9,86)
(x3,20)
(y6,69)
(y8,98)
(y5,17)
(y1,77)
(y7,70)
(y2,7)
(y4,61)
(y0,28)
(y3,44)
(z2,29)
(z6,22)
(z5,92)
(z3,74)
(z1,35)
(z9,33)
(z7,33)
(z0,59)
(a4,57)
(a6,97)
(a7,71)
(a2,95)
(a8,3)
(a5,63)
(a0,71)
(a3,85)
(b8,23)
(b0,16)
(b6,77)
(b4,2)
(b5,11)
(b9,20)
(b7,88)
(c7,69)
(c6,95)
(c2,30)
(c9,67)
(d3,7)
(d6,50)
(d2,18)
(d4,23)
(d1,2)
(d0,60)
(d9,86)
(e4,49)
(e2,18)
(e9,4)
(e6,32)
(e0,86)
(e8,23)
(e3,42)
(e5,41)
(f9,46)
(f1,88)
(f4,95)
(f8,6)
(f3,83)
(f0,19)
(f6,67)
(f2,35)
(f7,22)
(g6,45)
(g2,11)
(g8,28)
(g0,18)
(g5,56)
(g9,34)
(g4,99)
(g3,2)
(h8,77)
(h0,1)
(h4,48)
(h9,27)
(h5,19)
(h2,89)
(h3,31)
(h1,82)
(h7,51)
(h6,46)
(i3,35)
(i5,40)
(i6,95)
(i9,44)
(i4,27)
(i0,13)
(i8,15)
(j4,10)
(j7,52)
(j1,84)
(j9,32)
(j3,52)
(j6,41)
(j2,96)
(j5,62)
(k7,54)
(k4,52)
(k2,89)
(k8,27)
(k9,72)
(l6,98)
(l8,44)
(l2,91)
(l1,98)
(l4,8)
(l9,73)
(l5,66)
(m2,24)
(m5,85)
(m1,52)
(m9,11)
(m4,96)
(m6,46)
(m8,5)
(n2,71)
(n3,62)
(n4,49)
(n9,65)
(n5,80)
(n8,16)
(n6,45)
(n0,58)
(o5,74)
(o3,61)
(o8,40)
(o1,2)
(o9,74)
(o2,19)
(o7,66)
(o4,19)
(p4,89)
(p2,43)
(p1,25)
(p7,10)
(p3,32)
(p9,82)
(p8,2)
(q0,81)
(q3,30)
(q2,82)
(q9,20)
(q4,18)
(q8,53)
(q5,67)
(r6,40)
(r9,93)
(r5,76)
(r8,49)
(r3,66)
(r2,83)
(r7,64)
(r0,35)
(s3,31)
(s0,59)
(s8,99)
(s2,73)
(s4,90)
(s6,47)
(s7,4)
(s5,93)
(t7,78)
(t2,67)
(t4,35)
(t0,100)
(t3,60)
(t9,75)
(t1,95)
(t8,13)
(u9,41)
(u0,15)
(u7,17)
(u8,83)
(u1,71)
(u4,96)
(u5,9)
(v5,90)
(v4,71)
(v1,35)
(v3,81)
(v0,7)
(w6,89)
(w9,99)
(w7,53)
(w1,63)
(w8,83)
(w4,25)
(x7,44)
(x1,10)
(x2,6)
(x8,92)
(x0,23)
(x6,67)
(x9,86)
(x3,20)
(y6,69)
(y8,98)
(y5,17)
(y1,77)
(y7,70)
(y2,7)
(y4,61)
(y0,28)
(y3,44)
(z2,29)
(z6,22)
(z5,92)
(z3,74)
(z1,35)
(z9,33)
(z7,33)
(z0,59)
(a4,57)
(a6,97)
(a7,71)
(a2,95)
(a8,3)
(a5,63)
(a0,71)
(a3,85)
(b8,23)
(b0,16)
(b6,77)
(b4,2)
(b5,11)
(b9,20)
(b7,88)
(c7,69)
(c6,95)
(c2,30)
(c9,67)
(d3,7)
(d6,50)
(d2,18)
(d4,23)
(d1,2)
(d0,60)
(d9,86)
(e4,49)
(e2,18)
(e9,4)
(e6,32)
(e0,86)
(e8,23)
(e3,42)
(e5,41)
(f9,46)
(f1,88)
(f4,95)
(f8,6)
(f3,83)
(f0,19)
(f6,67)
(f2,35)
(f7,22)
(g6,45)
(g2,11)
(g8,28)
(g0,18)
(g5,56)
(g9,34)
(g4,99)
(g3,2)
(h8,77)
(h0,1)
(h4,48)
(h9,27)
(h5,19)
(h2,89)
(h3,31)
(h1,82)
(h7,51)
(h6,46)
(i3,35)
(i5,40)
(i6,95)
(i9,44)
(i4,27)
(i0,13)
(i8,15)
(j4,10)
(j7,52)
(j1,84)
(j9,32)
(j3,52)
(j6,41)
(j2,96)
(j5,62)
(k7,54)
(k4,52)
(k2,89)
(k8,27)
(k9,72)
(l6,98)
(l8,44)
(l2,91)
(l1,98)
(l4,8)
(l9,73)
(l5,66)
(m2,24)
(m5,85)
(m1,52)
(m9,11)
(m4,96)
(m6,46)
(m8,5)
(n2,71)
(n3,62)
(n4,49)
(n9,65)
(n5,80)
(n8,16)
(n6,45)
(n0,58)
(o5,74)
(o3,61)
(o8,40)
(o1,2)
(o9,74)
(o2,19)
(o7,66)
(o4,19)
(p4,89)
(p2,43)
(p1,25)
(p7,10)
(p3,32)
(p9,82)
(p8,2)
(q7,40)
(q0,81)
(q3,30)
(q2,82)
(q9,20)
(q4,18)
(q8,53)
(q5,67)
(r6,40)
(r9,93)
(r5,76)
(r8,49)
(r3,66)
(r2,6)
(r7,64)
(r0,35)
(s3,31)
(s0,59)
(s8,99)
(s2,73)
(s4,90)
(s6,47)
(s7,4)
(s5,93)
(t7,78)
(t2,67)
(t4,35)
(t0,100)
(t3,60)
(t9,75)
(t1,95)
(t8,13)
(u9,41)
(u0,15)
(u7,17)
(u8,83)
(u1,71)
(u4,96)
(u5,9)
(v5,90)
(v4,71)
(v1,35)
(v3,81)
(v0,7)
(w6,89)
(w9,99)
(w7,53)
(w1,63)
(w8,83)
(w4,25)
(x7,44)
(x1,10)
(x2,6)
(x8,92)
(x0,23)
(x6,67)
(x9,86)
(x3,20)
(y6,69)
(y8,98)
(y5,17)
(y1,77)
(y7,70)
(y2,7)
(y4,61)
(y0,28)
(y3,44)
(z2,29)
(z6,22)
(z5,92)
(z3,74)
(z1,35)
(z9,33)
(z7,33)
(z0,59)
