(a5,7)
(a4,77)
(a0,55)
(a9,40)
(a8,34)
(a6,82)
(a1,58)
(a7,0)
(b0,87)
(b8,98)
(b2,60)
(b9,57)
(b5,68)
(c3,67)
(c9,62)
(c6,34)
(chave2,valor-exemplo2)
(c7,93)
(c0,46)
(c2,70)
(d6,83)
(d9,52)
(d1,49)
(d4,0)
(d2,73)
(d3,62)
(d8,49)
(d5,87)
(e9,88)
(e5,45)
(e0,86)
(e8,15)
(e2,22)
(e3,70)
(e7,62)
(f9,68)
(f0,80)
(f8,52)
(f6,92)
(f4,79)
(f7,92)
(f3,11)
(f2,99)
(g3,58)
(g4,61)
(g5,87)
(g0,0)
(g6,30)
(g1,46)
(g2,49)
(g8,44)
(h9,51)
(h1,37)
(h8,65)
(h3,83)
(h2,61)
(h4,9)
(h0,95)
(h5,71)
(h6,72)
(i0,69)
(i6,54)
(i5,65)
(i2,74)
(i3,21)
(i7,76)
(i1,31)
(i9,54)
(j0,33)
(j9,31)
(j8,79)
(j4,77)
(j5,48)
(j6,9)
(j1,10)
(k4,96)
(k5,9)
(k7,97)
(k6,29)
(k0,9)
(k2,24)
(k9,58)
(k8,51)
(l6,97)
(l3,62)
(l4,48)
(l2,89)
(l1,9)
(l7,27)
(l5,7)
(l9,28)
(l0,22)
(m4,66)
(m6,17)
(m0,43)
(m3,29)
(m9,9)
(m8,53)
(m7,40)
(m5,74)
(m2,95)
(n7,31)
(n0,78)
(n1,87)
(n3,13)
(n4,92)
(n8,47)
(n9,7)
(o1,43)
(o2,40)
(o0,50)
(o4,98)
(o9,30)
(o6,66)
(p2,37)
(p1,68)
(p0,29)
(p7,28)
(p3,18)
(p8,4)
(p4,2)
(p9,75)
(p6,7)
(p5,96)
(q1,89)
(q9,93)
(q0,11)
(q2,18)
(q7,5)
(q8,29)
(q5,93)
(q4,84)
(r3,69)
(r6,14)
(r2,7)
(r9,95)
(r4,6)
(r5,75)
(r1,40)
(s9,47)
(s6,33)
(s5,44)
(s2,68)
(s4,95)
(s1,83)
(t8,99)
(t3,29)
(t5,55)
(t9,27)
(t4,3)
(t0,75)
(t2,18)
(t1,90)
(t6,64)
(u3,85)
(u2,53)
(u8,39)
(umaChave,umValor)
(u9,8)
(u6,96)
(u4,59)
(u1,50)
(v1,70)
(v5,51)
(v2,47)
(v7,94)
(v6,49)
(v0,54)
(v9,29)
(w2,84)
(w5,38)
(w8,1)
(w3,52)
(w6,52)
(w9,39)
(w4,23)
(w0,1)
(x4,80)
(x5,34)
(x9,76)
(x3,86)
(x0,67)
(x6,33)
(x1,56)
(x8,25)
(x7,31)
(y0,36)
(y9,58)
(y3,78)
(y2,9)
(y1,45)
(y7,49)
(y6,17)
(y4,61)
(z5,46)
(z0,66)
(z6,49)
(z4,79)
(z9,92)
(z8,86)
(z1,32)
(z7,6)
(z2,52)
[(o6,3)]
[(j7,35)]
[(z6,0)]
[(l4,39)]
