[(j3,42)]
Waiting...
[(j3,42)]
[(g5,87)]
[(m4,39)]
[(a4,77)]
[(e6,100)]
Waiting...
Waiting...
[(t8,99)]
Waiting...
(a4,77)
(a0,55)
(a9,40)
(a8,34)
(a6,82)
(a3,16)
(a1,58)
(a7,0)
(b1,45)
(b2,60)
(b3,97)
(b9,57)
(b5,26)
(c6,34)
(chave2,valor-exemplo2)
(c7,93)
(c0,62)
(c2,70)
(c8,80)
(c5,56)
(c4,9)
(d9,52)
(d0,31)
(d1,49)
(d4,0)
(d2,73)
(d3,62)
(d8,49)
(d5,66)
(e9,88)
(e5,45)
(e0,19)
(e8,15)
(e2,99)
(e3,70)
(e7,62)
(f9,68)
(f0,32)
(f8,52)
(f6,92)
(f4,79)
(f7,92)
(f3,92)
(f5,46)
(f2,99)
(g3,5)
(g4,61)
(g5,87)
(g0,0)
(g6,14)
(g1,82)
(g2,6)
(g8,44)
(h9,51)
(h1,37)
(h8,86)
(h3,83)
(h2,61)
(h4,9)
(h0,95)
(h5,71)
(h6,72)
(i0,69)
(i6,54)
(i5,65)
(i2,58)
(i3,21)
(i7,76)
(i1,31)
(i9,21)
(j0,4)
(j9,31)
(j7,79)
(j8,15)
(j4,77)
(j5,48)
(j6,16)
(j1,10)
(k1,39)
(k4,96)
(k5,3)
(k7,97)
(k6,71)
(k0,9)
(k2,24)
(k9,58)
(k8,51)
(l6,97)
(l3,62)
(l4,28)
(l2,89)
(l1,9)
(l7,27)
(l5,7)
(l9,28)
(l0,22)
(m4,39)
(m6,17)
(m0,43)
(m3,29)
(m9,9)
(m8,53)
(m7,40)
(m5,74)
(m2,95)
(n7,31)
(n0,78)
(n1,31)
(n3,92)
(n4,92)
(n8,47)
(n9,7)
(n5,39)
(o1,43)
(o2,40)
(o0,50)
(o4,98)
(o9,30)
(o3,30)
(o6,66)
(p0,29)
(p7,28)
(p3,18)
(p8,4)
(p4,2)
(p9,75)
(p6,7)
(p5,96)
(q3,1)
(q0,3)
(q2,18)
(q7,5)
(q8,29)
(q5,93)
(q4,84)
(r3,69)
(r0,56)
(r6,14)
(r2,7)
(r9,27)
(r4,6)
(r5,75)
(r1,40)
(s9,47)
(s6,33)
(s5,44)
(s2,68)
(s7,29)
(s4,95)
(s1,83)
(s8,85)
(t8,99)
(t3,29)
(t5,55)
(t9,27)
(t4,3)
(t0,75)
(t2,18)
(t1,29)
(t6,64)
(u3,85)
(u2,53)
(u7,5)
(u8,39)
(umaChave,umValor)
(u0,50)
(u9,8)
(u6,96)
(u4,59)
(u1,50)
(v5,51)
(v8,93)
(v2,47)
(v7,94)
(v6,49)
(v0,54)
(v9,29)
(w2,52)
(w5,38)
(w8,1)
(w3,52)
(w6,52)
(w7,96)
(w9,39)
(w4,23)
(w0,1)
(x4,80)
(x5,34)
(x9,76)
(x3,86)
(x0,67)
(x6,33)
(x1,46)
(x8,25)
(x7,31)
(y0,32)
(y9,58)
(y3,78)
(y2,9)
(y1,71)
(y7,49)
(y5,12)
(y6,17)
(y4,61)
(z5,46)
(z0,66)
(z6,49)
(z4,79)
(z9,92)
(z8,86)
(z1,32)
(z7,6)
(z2,52)
Waiting...
[(b1,45)]
[(b3,97)]
[(t3,29)]
[(z9,92)]
[(c6,34)]
[(u7,11)]
[(t1,90)]
