(a4,56)
(a6,82)
(a2,79)
(a3,30)
(a1,58)
(a7,60)
(b3,99)
(b9,7)
(b0,38)
(b7,27)
(b6,40)
(b4,32)
(b5,54)
(b8,73)
(b2,87)
(c3,6)
(c2,48)
(c9,100)
(c8,40)
(c5,12)
(c6,95)
(c4,24)
(d7,14)
(d2,12)
(d9,99)
(d3,61)
(d8,26)
(d6,90)
(d5,88)
(d0,15)
(e8,78)
(e6,66)
(e4,81)
(e1,14)
(e9,89)
(e0,61)
(e5,70)
(f3,67)
(f1,59)
(f5,60)
(f0,47)
(f2,16)
(f9,62)
(g6,35)
(g3,52)
(g1,56)
(g2,40)
(g4,43)
(g8,44)
(h5,16)
(h2,17)
(h6,5)
(h9,81)
(i6,60)
(i5,75)
(i2,32)
(i3,32)
(i7,51)
(i1,34)
(i9,98)
(i4,22)
(i8,92)
(j5,46)
(j6,67)
(j2,6)
(j7,45)
(j0,34)
(j9,76)
(j1,54)
(k2,84)
(k4,4)
(k9,27)
(k1,52)
(k8,56)
(k3,94)
(l2,76)
(l1,3)
(l7,0)
(l3,94)
(l6,51)
(l5,59)
(l9,70)
(l0,96)
(m0,45)
(m4,3)
(m1,39)
(m9,41)
(m6,14)
(m8,1)
(m7,59)
(m5,4)
(m2,75)
(m3,0)
(n3,34)
(n6,42)
(n2,45)
(n1,67)
(n4,74)
(n0,60)
(n8,32)
(n9,20)
(n5,88)
(o2,50)
(o6,42)
(o0,15)
(o4,36)
(o1,37)
(o3,76)
(o8,67)
(o7,56)
(p1,91)
(p2,94)
(p4,41)
(p9,0)
(p6,26)
(p5,35)
(p0,12)
(q7,5)
(q8,48)
(q5,40)
(q6,94)
(q4,66)
(q2,39)
(q1,59)
(q0,92)
(q9,4)
(r4,39)
(r5,58)
(r9,26)
(r3,87)
(r6,27)
(r8,21)
(r2,81)
(r7,23)
(r1,37)
(r0,7)
(s6,39)
(s5,89)
(s2,96)
(s9,87)
(s7,50)
(s4,73)
(s0,74)
(s3,82)
(s1,71)
(s8,62)
(t2,12)
(t1,17)
(t8,46)
(t6,17)
(t9,99)
(t3,56)
(t7,45)
(u5,79)
(u7,92)
(u3,61)
(u6,32)
(u0,51)
(u8,89)
(u4,59)
(u1,49)
(v0,35)
(v5,82)
(v8,3)
(v7,20)
(v4,91)
(v9,4)
(w3,63)
(w6,1)
(w7,47)
(w9,30)
(w4,49)
(w0,88)
(w1,16)
(x6,55)
(x1,46)
(x3,0)
(x8,12)
(x9,99)
(x7,22)
(y6,64)
(y8,62)
(y4,61)
(y0,95)
(y9,89)
(y2,77)
(y7,9)
(z4,23)
(z6,84)
(z3,69)
(z8,94)
(z7,57)
(z5,85)
(z2,32)
[(c7,69)]
(a9,28)
(a4,7)
(a6,82)
(a2,79)
(a3,30)
(a1,58)
(a7,60)
(b3,77)
(b9,7)
(b0,38)
(b7,27)
(b6,40)
(b4,32)
(b5,54)
(b8,73)
(b2,87)
(c7,69)
(c3,6)
(c2,48)
(c9,78)
(c8,40)
(c5,12)
(c6,95)
(c4,9)
(d7,14)
(d2,12)
(d9,99)
(d3,61)
(d8,26)
(d5,88)
(d0,26)
(e8,44)
(e6,15)
(e4,81)
(e1,14)
(e9,89)
(e0,61)
(e5,70)
(f3,67)
(f1,35)
(f5,57)
(f0,39)
(f2,16)
(f9,62)
(g6,35)
(g3,52)
(g1,56)
(g2,40)
(g4,43)
(g8,44)
(h5,16)
(h2,17)
(h6,5)
(h9,81)
(i6,60)
(i5,75)
(i2,32)
(i3,32)
(i7,51)
(i1,34)
(i9,98)
(i4,22)
(i8,92)
(j5,46)
(j6,67)
(j2,6)
(j7,45)
(j0,34)
(j9,76)
(j1,54)
(k7,90)
(k2,84)
(k4,4)
(k9,27)
(k1,52)
(k8,56)
(k3,94)
(l4,39)
(l1,9)
(l7,0)
(l3,94)
(l6,51)
(l5,59)
(l9,70)
(l0,96)
(m0,45)
(m4,3)
(m1,39)
(m9,41)
(m6,14)
(m8,1)
(m7,5)
(m5,4)
(m2,75)
(m3,79)
(n3,34)
(n6,42)
(n2,45)
(n1,67)
(n4,74)
(n0,60)
(n8,32)
(n9,20)
(n5,88)
(o2,50)
(o6,42)
(o0,15)
(o4,36)
(o1,37)
(o8,67)
(o7,56)
(p1,91)
(p2,94)
(p4,41)
(p9,0)
(p6,26)
(p5,35)
(p0,12)
(q7,5)
(q8,48)
(q5,40)
(q6,94)
(q4,66)
(q2,39)
(q1,59)
(q0,92)
(q9,93)
(r4,39)
(r5,58)
(r9,26)
(r3,87)
(r6,70)
(r8,21)
(r2,81)
(r7,23)
(r1,37)
(r0,7)
(s6,39)
(s5,89)
(s2,96)
(s9,87)
(s7,50)
(s4,73)
(s0,52)
(s3,21)
(s1,71)
(s8,62)
(t2,12)
(t1,17)
(t8,99)
(t6,17)
(t9,99)
(t3,56)
(t7,45)
(u5,79)
(u7,92)
(u3,61)
(u6,32)
(u0,51)
(u8,45)
(u4,59)
(u1,49)
(v1,88)
(v0,35)
(v5,82)
(v8,3)
(v7,20)
(v4,91)
(v9,4)
(w3,63)
(w6,1)
(w7,47)
(w9,30)
(w4,49)
(w0,88)
(w1,16)
(x6,55)
(x1,46)
(x3,0)
(x8,12)
(x9,99)
(x7,22)
(y6,64)
(y8,62)
(y4,61)
(y0,95)
(y9,89)
(y2,77)
(y7,9)
(z4,23)
(z6,84)
(z3,69)
(z8,94)
(z7,32)
(z5,85)
(z2,32)
[(r6,70)]
Waiting...
[(u8,45)]
(a9,28)
(a4,7)
(a6,82)
(a2,79)
(a3,30)
(a1,58)
(a7,60)
(b3,77)
(b9,7)
(b0,38)
(b7,27)
(b6,7)
(b4,32)
(b5,54)
(b8,73)
(b2,87)
(c3,6)
(c2,48)
(c9,78)
(c8,40)
(c5,12)
(c6,95)
(c4,9)
(d7,14)
(d2,12)
(d9,99)
(d3,61)
(d8,26)
(d5,88)
(d0,26)
(e8,44)
(e6,15)
(e4,74)
(e1,14)
(e9,89)
(e0,61)
(e5,70)
(f3,67)
(f1,35)
(f5,57)
(f0,39)
(f2,16)
(f9,62)
(g6,35)
(g3,52)
(g1,56)
(g2,40)
(g4,43)
(g8,44)
(h5,16)
(h2,17)
(h6,5)
(h9,81)
(i6,60)
(i5,75)
(i2,32)
(i3,32)
(i7,51)
(i1,34)
(i9,98)
(i4,22)
(i8,92)
(j5,46)
(j6,67)
(j2,6)
(j7,45)
(j0,34)
(j9,76)
(j1,54)
(k7,90)
(k2,84)
(k9,27)
(k1,52)
(k8,56)
(k3,94)
(l4,39)
(l1,9)
(l7,0)
(l3,94)
(l6,51)
(l5,59)
(l9,70)
(l0,96)
(m0,45)
(m4,3)
(m1,39)
(m9,41)
(m6,14)
(m8,1)
(m7,5)
(m5,4)
(m2,75)
(m3,79)
(n3,34)
(n6,42)
(n2,45)
(n1,67)
(n4,74)
(n0,60)
(n8,32)
(n9,20)
(n5,88)
(o2,50)
(o6,42)
(o0,15)
(o4,66)
(o1,37)
(o8,67)
(o7,56)
(p1,91)
(p2,94)
(p4,41)
(p9,0)
(p6,26)
(p5,35)
(p0,12)
(q7,5)
(q8,48)
(q5,40)
(q6,94)
(q4,66)
(q2,39)
(q1,59)
(q0,92)
(r4,39)
(r5,58)
(r9,26)
(r3,87)
(r8,21)
(r2,81)
(r7,23)
(r1,37)
(r0,7)
(s6,39)
(s5,89)
(s2,96)
(s9,87)
(s7,50)
(s4,73)
(s0,52)
(s3,21)
(s1,71)
(s8,62)
(t2,12)
(t1,17)
(t8,99)
(t6,17)
(t9,99)
(t3,56)
(t7,45)
(u5,79)
(u7,92)
(u3,61)
(u6,32)
(u0,51)
(u8,45)
(u4,59)
(u1,49)
(v6,99)
(v1,88)
(v0,35)
(v5,82)
(v8,76)
(v7,20)
(v4,91)
(v9,4)
(w3,63)
(w6,1)
(w7,47)
(w9,30)
(w4,49)
(w0,88)
(w1,16)
(x6,55)
(x1,46)
(x3,0)
(x8,12)
(x9,99)
(x7,22)
(y6,64)
(y8,62)
(y4,61)
(y0,95)
(y9,89)
(y2,77)
(y7,9)
(z4,23)
(z6,84)
(z3,69)
(z8,94)
(z5,4)
(z2,32)
[(p8,88)]
[(o4,66)]
