Waiting...
Waiting...
Waiting...
(a1,60)
(a5,81)
(a6,85)
(a8,6)
(a9,1)
(a2,35)
(a0,33)
(a4,85)
(a7,13)
(b7,78)
(b8,5)
(b5,59)
(b4,89)
(b9,82)
(b0,46)
(b1,7)
(c0,95)
(c6,29)
(c9,71)
(c4,49)
(c2,62)
(c3,35)
(c1,4)
(c5,86)
(c7,45)
(d6,72)
(d5,11)
(d1,28)
(d4,27)
(d7,91)
(d2,58)
(d3,37)
(d8,78)
(d0,40)
(e1,92)
(e5,4)
(e9,60)
(e7,55)
(e8,92)
(e4,69)
(e2,79)
(e0,45)
(e6,83)
(e3,81)
(f6,62)
(f8,25)
(f9,39)
(f2,93)
(f0,27)
(f1,96)
(f5,97)
(f7,62)
(f4,14)
(f3,30)
(g2,71)
(g0,85)
(g6,80)
(g8,61)
(g4,17)
(g9,8)
(g5,34)
(g7,78)
(g1,58)
(g3,46)
(h2,29)
(h6,75)
(h3,75)
(h7,49)
(h5,23)
(h0,93)
(h1,22)
(i3,50)
(i7,18)
(i2,52)
(i6,6)
(i8,84)
(i9,98)
(i4,45)
(i1,70)
(i5,70)
(i0,32)
(j1,9)
(j2,83)
(j9,54)
(j7,13)
(j8,27)
(j5,32)
(j0,65)
(j4,81)
(k6,3)
(k0,71)
(k2,23)
(k7,46)
(k9,59)
(k4,77)
(l9,94)
(l4,61)
(l7,80)
(l5,98)
(l1,8)
(l3,56)
(l6,96)
(l0,46)
(l2,7)
(l8,92)
(m1,14)
(m4,49)
(m0,45)
(m2,64)
(m9,83)
(m8,8)
(m7,44)
(m3,83)
(n1,40)
(n6,96)
(n9,8)
(n8,88)
(n0,16)
(n2,89)
(n7,19)
(o4,60)
(o9,91)
(o3,1)
(o0,4)
(o8,73)
(o6,64)
(o7,66)
(o5,23)
(p3,90)
(p1,65)
(p5,98)
(p9,84)
(p4,85)
(p7,37)
(p6,37)
(p8,45)
(q0,44)
(q8,8)
(q1,72)
(q7,84)
(q4,22)
(q5,20)
(q6,43)
(q2,10)
(q9,37)
(q3,86)
(r5,68)
(r9,46)
(r8,3)
(r4,74)
(r7,55)
(r1,44)
(r3,95)
(r6,26)
(r0,14)
(s4,73)
(s0,86)
(s2,82)
(s5,75)
(s3,82)
(s1,41)
(s9,94)
(s8,34)
(s6,61)
(s7,89)
(t1,6)
(t6,93)
(t4,34)
(t8,45)
(t2,73)
(t0,18)
(t7,57)
(t5,71)
(u5,45)
(u7,34)
(u9,6)
(u4,15)
(u0,44)
(u2,68)
(u8,98)
(u6,75)
(u3,78)
(v4,5)
(v6,46)
(v0,46)
(v1,91)
(v2,74)
(v9,40)
(v7,62)
(v8,45)
(v5,19)
(w9,34)
(w7,86)
(w0,6)
(w1,76)
(w2,33)
(w8,58)
(w6,77)
(w5,48)
(w4,78)
(w3,31)
(x8,27)
(x1,17)
(x9,79)
(x6,66)
(x0,14)
(x4,29)
(x5,42)
(y3,85)
(y6,94)
(y9,25)
(y4,97)
(y2,79)
(y1,4)
(y8,31)
(y5,95)
(y0,77)
(z3,80)
(z6,22)
(z8,12)
(z9,58)
(z2,95)
(z7,12)
(z1,48)
[(q1,35)]
Waiting...
[(u3,78)]
[(i7,53)]
Waiting...
[(b6,82)]
[(h5,23)]
[(g9,54)]
Waiting...
[(w9,34)]
[(r0,14)]
