[(t1,4)]
[(t1,4)]
(a9,28)
(a3,79)
(a2,59)
(a0,33)
(a5,1)
(a6,97)
(a4,16)
(a7,17)
(b5,1)
(b4,37)
(b9,82)
(b3,48)
(b0,52)
(b8,30)
(b1,38)
(c1,52)
(c9,87)
(c5,83)
(c8,69)
(c2,81)
(c0,1)
(c6,14)
(c7,45)
(d4,60)
(d7,91)
(d6,50)
(d2,86)
(d3,83)
(d9,82)
(d1,52)
(d8,58)
(d0,40)
(e2,2)
(e0,65)
(e6,83)
(e3,1)
(e7,82)
(e4,18)
(e8,27)
(f8,61)
(f9,39)
(f2,93)
(f0,67)
(f1,38)
(f5,32)
(f7,61)
(f4,32)
(f3,48)
(g8,17)
(g2,76)
(g9,23)
(g5,34)
(g4,77)
(g7,91)
(g1,41)
(g6,48)
(g3,24)
(h2,20)
(h6,75)
(h3,31)
(h7,47)
(h5,13)
(h0,58)
(h4,1)
(h1,31)
(i3,38)
(i8,84)
(i9,2)
(i4,47)
(i1,10)
(i7,0)
(i5,9)
(i0,32)
(j3,27)
(j9,1)
(j7,14)
(j8,68)
(j5,45)
(j0,77)
(j6,98)
(j1,17)
(j4,56)
(j2,28)
(k7,81)
(k9,99)
(k5,75)
(k0,34)
(k1,15)
(k4,46)
(k6,94)
(l5,98)
(l1,11)
(l3,12)
(l6,100)
(l9,62)
(l0,87)
(l2,7)
(l8,36)
(l4,88)
(m2,69)
(m9,83)
(m8,84)
(m7,91)
(m4,28)
(m3,94)
(m0,20)
(m6,88)
(n0,24)
(n2,89)
(n3,84)
(n1,94)
(n7,27)
(n6,88)
(o9,91)
(o1,59)
(o3,85)
(o0,4)
(o8,84)
(o6,47)
(o2,55)
(o7,66)
(o5,25)
(p5,6)
(p9,71)
(p4,24)
(p7,62)
(p6,95)
(p8,74)
(p2,97)
(p1,5)
(p3,34)
(q4,22)
(q5,79)
(q6,58)
(q2,10)
(q9,0)
(q0,55)
(q3,86)
(r8,51)
(r4,92)
(r7,88)
(r1,44)
(r3,41)
(r6,7)
(r2,64)
(r0,41)
(s5,94)
(s0,81)
(s3,49)
(s1,10)
(s9,94)
(s8,97)
(s6,61)
(s7,36)
(t9,61)
(t8,11)
(t2,25)
(t0,67)
(t7,93)
(t5,71)
(u7,74)
(u0,44)
(u2,68)
(u1,10)
(u8,78)
(u6,26)
(u3,91)
(v4,35)
(v3,43)
(v1,9)
(v2,4)
(v6,67)
(v9,19)
(v7,94)
(v0,30)
(v8,1)
(v5,19)
(w0,67)
(w1,91)
(w2,75)
(w8,14)
(w7,5)
(w6,54)
(w5,67)
(w4,78)
(w3,59)
(w9,82)
(x6,67)
(x9,17)
(x7,52)
(x2,19)
(x0,28)
(x4,21)
(x5,42)
(y9,41)
(y4,61)
(y3,16)
(y2,40)
(y1,42)
(y8,70)
(y5,77)
(y6,36)
(y7,49)
(y0,92)
(z9,58)
(z0,12)
(z2,95)
(z7,79)
(z3,30)
(z5,7)
(z1,56)
(z4,16)
[(a5,1)]
(a9,28)
(a3,79)
(a2,59)
(a0,33)
(a5,1)
(a6,97)
(a4,16)
(a7,17)
(b5,1)
(b4,37)
(b9,82)
(b3,48)
(b0,52)
(b8,30)
(b1,38)
(c1,52)
(c9,87)
(c5,83)
(c8,69)
(c2,81)
(c0,1)
(c6,14)
(c7,45)
(d4,60)
(d7,91)
(d6,50)
(d2,86)
(d3,83)
(d9,82)
(d1,52)
(d8,58)
(d0,40)
(e2,2)
(e0,65)
(e6,83)
(e3,1)
(e7,82)
(e4,18)
(e8,27)
(f8,61)
(f9,39)
(f2,93)
(f0,67)
(f1,38)
(f5,32)
(f7,61)
(f4,32)
(f3,48)
(g8,17)
(g2,76)
(g9,23)
(g5,34)
(g4,77)
(g7,91)
(g1,41)
(g6,48)
(g3,24)
(h2,20)
(h6,75)
(h3,31)
(h7,47)
(h5,13)
(h0,58)
(h4,1)
(h1,31)
(i3,38)
(i8,84)
(i9,2)
(i4,47)
(i1,10)
(i7,0)
(i5,9)
(i0,32)
(j3,27)
(j9,1)
(j7,14)
(j8,68)
(j5,45)
(j0,77)
(j6,98)
(j1,17)
(j4,56)
(j2,28)
(k7,81)
(k9,99)
(k5,75)
(k0,34)
(k1,15)
(k4,46)
(k6,94)
(l5,98)
(l1,11)
(l3,12)
(l6,100)
(l9,62)
(l0,87)
(l2,7)
(l8,36)
(l4,88)
(m2,69)
(m9,83)
(m8,84)
(m7,91)
(m4,28)
(m3,94)
(m0,20)
(m6,88)
(n0,24)
(n2,89)
(n3,84)
(n1,94)
(n7,27)
(n6,88)
(o9,91)
(o1,59)
(o3,85)
(o0,4)
(o8,84)
(o6,47)
(o2,55)
(o7,66)
(o5,25)
(p5,6)
(p9,71)
(p4,24)
(p7,62)
(p6,95)
(p8,74)
(p2,97)
(p1,5)
(p3,34)
(q4,22)
(q5,79)
(q6,58)
(q2,10)
(q9,0)
(q0,55)
(q3,86)
(r8,51)
(r4,92)
(r7,88)
(r1,44)
(r3,41)
(r6,7)
(r2,64)
(r0,41)
(s5,94)
(s0,81)
(s3,49)
(s1,10)
(s9,94)
(s8,97)
(s6,61)
(s7,36)
(t9,61)
(t8,11)
(t2,25)
(t0,67)
(t7,93)
(t5,71)
(u7,74)
(u0,44)
(u2,68)
(u1,10)
(u8,78)
(u6,26)
(u3,91)
(v4,35)
(v3,43)
(v1,9)
(v2,4)
(v6,67)
(v9,19)
(v7,94)
(v0,30)
(v8,1)
(v5,19)
(w0,67)
(w1,91)
(w2,75)
(w8,14)
(w7,5)
(w6,54)
(w5,67)
(w4,78)
(w3,59)
(w9,82)
(x6,67)
(x9,17)
(x7,52)
(x2,19)
(x0,28)
(x4,21)
(x5,42)
(y9,41)
(y4,61)
(y3,16)
(y2,40)
(y1,42)
(y8,70)
(y5,77)
(y6,36)
(y7,49)
(y0,92)
(z9,58)
(z0,12)
(z2,95)
(z7,79)
(z3,30)
(z5,7)
(z1,56)
(z4,16)
[(g4,38)]
Waiting...
(a9,1)
(a3,64)
(a2,59)
(a0,33)
(a6,97)
(a4,16)
(a7,17)
(b5,1)
(b4,37)
(b9,82)
(b3,48)
(b0,52)
(b8,30)
(b1,38)
(c1,52)
(c9,87)
(c5,83)
(c8,69)
(c2,81)
(c0,1)
(c6,14)
(c7,45)
(d4,60)
(d7,91)
(d6,50)
(d2,86)
(d3,83)
(d8,58)
(d0,40)
(e9,88)
(e2,2)
(e0,65)
(e6,83)
(e3,1)
(e7,76)
(e8,1)
(f8,61)
(f9,39)
(f2,93)
(f0,67)
(f1,38)
(f5,32)
(f7,61)
(f4,32)
(f3,48)
(g8,17)
(g2,76)
(g9,23)
(g5,34)
(g7,91)
(g1,41)
(g6,48)
(g3,24)
(h2,20)
(h6,75)
(h3,31)
(h7,47)
(h5,13)
(h0,58)
(h4,1)
(h1,31)
(i3,38)
(i8,84)
(i9,2)
(i4,47)
(i1,10)
(i5,9)
(i0,32)
(j3,27)
(j9,1)
(j7,14)
(j8,68)
(j5,45)
(j0,77)
(j6,3)
(j1,17)
(j4,55)
(j2,81)
(k7,81)
(k9,99)
(k5,75)
(k0,34)
(k1,26)
(k4,46)
(k6,94)
(l5,98)
(l1,11)
(l3,12)
(l6,100)
(l9,62)
(l0,87)
(l2,7)
(l8,36)
(l4,88)
(m2,69)
(m9,83)
(m8,8)
(m7,91)
(m4,28)
(m3,94)
(m0,51)
(m6,88)
(n0,24)
(n2,89)
(n3,84)
(n1,94)
(n7,27)
(n6,88)
(o9,91)
(o1,59)
(o3,85)
(o0,4)
(o8,84)
(o6,47)
(o7,66)
(o5,25)
(p5,6)
(p9,71)
(p4,24)
(p7,62)
(p6,95)
(p8,74)
(p2,97)
(p1,5)
(p3,34)
(q7,84)
(q4,22)
(q5,79)
(q6,58)
(q2,10)
(q9,0)
(q0,55)
(q3,86)
(r8,51)
(r4,92)
(r7,88)
(r1,44)
(r3,41)
(r6,7)
(r2,64)
(r0,41)
(s5,94)
(s0,81)
(s3,49)
(s1,10)
(s9,94)
(s8,97)
(s6,61)
(s7,36)
(t4,98)
(t9,61)
(t8,11)
(t2,25)
(t0,67)
(t7,93)
(t5,71)
(u7,42)
(u0,44)
(u2,68)
(u1,10)
(u8,78)
(u6,26)
(u3,91)
(v4,35)
(v3,43)
(v2,4)
(v6,13)
(v9,19)
(v7,94)
(v0,30)
(v8,1)
(v5,19)
(w0,67)
(w1,91)
(w2,75)
(w8,14)
(w7,5)
(w6,54)
(w5,67)
(w4,78)
(w3,59)
(w9,82)
(x6,67)
(x7,52)
(x2,19)
(x0,63)
(x4,21)
(x5,42)
(y9,41)
(y4,61)
(y3,16)
(y2,40)
(y1,4)
(y8,70)
(y5,77)
(y6,36)
(y7,49)
(y0,92)
(z9,58)
(z0,12)
(z2,95)
(z7,79)
(z3,30)
(z5,7)
(z1,56)
(z4,16)
[(j2,81)]
[(a3,64)]
(a5,2)
(a9,1)
(a3,64)
(a2,59)
(a0,33)
(a6,97)
(a4,16)
(a7,17)
(b7,87)
(b5,1)
(b4,37)
(b9,82)
(b3,48)
(b0,52)
(b8,30)
(b1,38)
(c1,52)
(c9,96)
(c5,83)
(c8,69)
(c2,81)
(c0,1)
(c6,14)
(c7,45)
(d4,60)
(d7,91)
(d6,50)
(d2,86)
(d3,83)
(d8,58)
(d0,40)
(e9,88)
(e2,2)
(e0,65)
(e6,83)
(e3,1)
(e7,76)
(e8,1)
(f8,61)
(f9,39)
(f2,93)
(f0,67)
(f1,38)
(f5,32)
(f7,61)
(f4,32)
(f3,48)
(g8,17)
(g2,76)
(g9,23)
(g5,34)
(g7,91)
(g1,41)
(g6,48)
(g3,24)
(h2,20)
(h6,75)
(h3,31)
(h7,47)
(h5,13)
(h0,58)
(h4,1)
(h1,31)
(i3,38)
(i8,84)
(i9,2)
(i4,47)
(i1,10)
(i5,9)
(i0,32)
(j3,27)
(j9,1)
(j7,14)
(j8,68)
(j5,45)
(j0,77)
(j6,3)
(j1,17)
(j4,55)
(j2,81)
(k7,81)
(k9,99)
(k5,75)
(k0,34)
(k4,46)
(k6,94)
(l5,98)
(l1,11)
(l3,12)
(l6,100)
(l9,62)
(l0,87)
(l2,7)
(l8,36)
(l4,88)
(m2,69)
(m9,83)
(m8,8)
(m7,91)
(m4,28)
(m3,94)
(m0,51)
(m6,88)
(n0,24)
(n2,89)
(n3,84)
(n1,94)
(n7,27)
(n6,88)
(o9,91)
(o1,59)
(o3,85)
(o0,4)
(o8,84)
(o6,47)
(o7,66)
(o5,25)
(p5,6)
(p9,71)
(p4,24)
(p7,62)
(p6,95)
(p8,74)
(p2,97)
(p1,5)
(p3,34)
(q7,84)
(q4,22)
(q5,79)
(q6,58)
(q2,10)
(q9,0)
(q0,55)
(q3,86)
(r8,51)
(r4,92)
(r7,88)
(r1,44)
(r3,41)
(r6,7)
(r2,64)
(r0,41)
(s5,94)
(s0,81)
(s3,49)
(s1,10)
(s9,94)
(s8,97)
(s6,61)
(s7,36)
(t4,98)
(t9,61)
(t2,25)
(t0,67)
(t7,93)
(t5,71)
(u4,98)
(u7,42)
(u0,44)
(u2,68)
(u1,10)
(u8,78)
(u6,26)
(u3,91)
(v4,35)
(v3,43)
(v2,4)
(v6,13)
(v9,19)
(v7,94)
(v0,30)
(v8,1)
(v5,19)
(w0,67)
(w1,91)
(w2,75)
(w8,14)
(w7,5)
(w6,54)
(w5,67)
(w4,78)
(w3,59)
(w9,82)
(x6,67)
(x7,52)
(x2,19)
(x0,63)
(x4,21)
(x5,42)
(y9,41)
(y4,61)
(y3,16)
(y2,40)
(y1,4)
(y8,70)
(y5,39)
(y6,36)
(y7,49)
(y0,92)
(z9,58)
(z0,12)
(z2,95)
(z7,79)
(z3,30)
(z5,7)
(z1,56)
(z4,16)
[(a4,16)]
[(c9,96)]
(a8,6)
(a5,2)
(a9,1)
(a3,64)
(a2,59)
(a0,33)
(a6,97)
(a4,16)
(a7,17)
(b5,1)
(b4,37)
(b9,82)
(b3,48)
(b0,58)
(b8,26)
(b1,38)
(c1,52)
(c9,96)
(c5,83)
(c8,69)
(c2,81)
(c0,1)
(c6,14)
(c7,45)
(d1,94)
(d4,60)
(d7,91)
(d6,50)
(d2,86)
(d3,83)
(d8,58)
(d0,40)
(e4,72)
(e9,88)
(e2,2)
(e0,65)
(e6,83)
(e3,1)
(f8,61)
(f9,39)
(f2,93)
(f0,67)
(f1,27)
(f5,32)
(f7,61)
(f4,43)
(f3,48)
(g8,54)
(g2,76)
(g9,23)
(g5,34)
(g7,91)
(g1,41)
(g6,57)
(g3,24)
(h2,20)
(h6,75)
(h3,31)
(h7,47)
(h5,13)
(h0,58)
(h4,1)
(h1,22)
(i3,38)
(i8,84)
(i9,2)
(i4,47)
(i1,10)
(i5,9)
(i0,32)
(j3,16)
(j9,1)
(j7,14)
(j8,68)
(j5,8)
(j0,77)
(j6,3)
(j1,91)
(j4,55)
(k3,23)
(k2,23)
(k7,81)
(k9,99)
(k5,75)
(k0,34)
(k4,46)
(k6,94)
(l7,3)
(l5,98)
(l1,78)
(l3,12)
(l6,20)
(l9,62)
(l0,46)
(l2,7)
(l8,92)
(l4,30)
(m0,74)
(m2,69)
(m9,83)
(m8,8)
(m7,91)
(m4,28)
(m3,94)
(m6,88)
(n5,54)
(n0,16)
(n2,89)
(n3,84)
(n1,94)
(n7,27)
(n6,22)
(o9,91)
(o1,59)
(o3,72)
(o0,4)
(o8,84)
(o6,47)
(o7,66)
(o5,25)
(p5,6)
(p9,71)
(p4,24)
(p7,62)
(p6,95)
(p8,74)
(p2,80)
(p1,5)
(p3,34)
(q7,84)
(q4,22)
(q5,16)
(q6,81)
(q2,10)
(q9,55)
(q0,59)
(q3,86)
(r9,63)
(r8,51)
(r4,92)
(r7,88)
(r1,44)
(r3,41)
(r6,7)
(r2,64)
(r0,41)
(s5,94)
(s0,81)
(s3,49)
(s1,10)
(s9,94)
(s8,28)
(s6,61)
(s7,96)
(t8,49)
(t9,61)
(t2,25)
(t0,67)
(t7,93)
(t5,71)
(u4,98)
(u7,42)
(u0,44)
(u2,68)
(u1,10)
(u8,78)
(u6,3)
(u3,91)
(v4,35)
(v3,43)
(v2,4)
(v6,13)
(v9,19)
(v7,94)
(v0,30)
(v8,1)
(v5,19)
(w0,67)
(w1,74)
(w2,75)
(w8,14)
(w7,5)
(w6,54)
(w5,67)
(w4,78)
(w3,59)
(w9,82)
(x6,67)
(x7,52)
(x2,19)
(x0,63)
(x4,21)
(x5,42)
(y9,41)
(y4,44)
(y3,16)
(y2,40)
(y1,4)
(y8,70)
(y5,39)
(y6,36)
(y7,49)
(y0,92)
(z8,12)
(z9,58)
(z0,12)
(z2,95)
(z7,75)
(z3,30)
(z5,7)
(z1,56)
(z4,16)
[(m0,74)]
[(m0,74)]
(a8,6)
(a5,2)
(a9,1)
(a3,64)
(a2,59)
(a0,33)
(a6,97)
(a4,16)
(a7,17)
(b5,1)
(b4,37)
(b9,82)
(b3,48)
(b0,58)
(b1,38)
(c1,52)
(c9,96)
(c5,83)
(c8,69)
(c2,81)
(c0,1)
(c6,14)
(c7,45)
(d1,94)
(d4,60)
(d7,91)
(d2,86)
(d3,83)
(d8,58)
(d0,40)
(e4,72)
(e9,88)
(e2,2)
(e0,65)
(e6,83)
(e3,1)
(f8,61)
(f9,39)
(f2,93)
(f0,67)
(f1,27)
(f5,32)
(f7,93)
(f4,43)
(f3,48)
(g2,76)
(g9,23)
(g5,34)
(g7,91)
(g1,41)
(g3,24)
(h2,20)
(h6,75)
(h3,31)
(h7,47)
(h5,13)
(h0,58)
(h4,1)
(h1,22)
(i3,38)
(i8,84)
(i9,2)
(i4,47)
(i1,10)
(i5,9)
(i0,32)
(j9,1)
(j7,14)
(j8,68)
(j5,8)
(j0,77)
(j6,3)
(j4,55)
(k2,23)
(k7,81)
(k9,99)
(k5,75)
(k0,34)
(k4,46)
(k6,94)
(l7,3)
(l5,98)
(l1,78)
(l3,12)
(l6,20)
(l9,62)
(l0,46)
(l2,7)
(l8,92)
(l4,30)
(m0,74)
(m2,69)
(m9,83)
(m8,8)
(m7,91)
(m3,94)
(m6,88)
(n5,54)
(n0,16)
(n2,89)
(n3,84)
(n1,94)
(n7,27)
(n6,22)
(o9,91)
(o1,59)
(o3,72)
(o0,4)
(o8,84)
(o6,47)
(o7,66)
(o5,25)
(p5,6)
(p9,71)
(p4,24)
(p7,62)
(p6,95)
(p8,74)
(p2,80)
(p1,5)
(p3,34)
(q7,84)
(q4,22)
(q5,16)
(q6,81)
(q2,10)
(q9,55)
(q3,86)
(r9,63)
(r8,51)
(r4,92)
(r7,88)
(r1,44)
(r3,41)
(r6,7)
(r2,64)
(r0,41)
(s5,94)
(s0,81)
(s3,49)
(s1,10)
(s9,94)
(s8,28)
(s6,61)
(s7,96)
(t8,49)
(t9,61)
(t2,25)
(t0,67)
(t7,93)
(t5,71)
(u4,98)
(u0,44)
(u2,68)
(u1,10)
(u8,78)
(u6,3)
(u3,91)
(v4,35)
(v3,43)
(v2,4)
(v9,19)
(v7,94)
(v0,30)
(v8,1)
(v5,19)
(w0,67)
(w1,74)
(w2,75)
(w8,14)
(w7,5)
(w6,54)
(w5,67)
(w4,78)
(w3,59)
(w9,82)
(x6,67)
(x7,52)
(x2,19)
(x0,63)
(x4,21)
(x5,42)
(y9,41)
(y4,44)
(y3,16)
(y2,40)
(y1,4)
(y8,70)
(y5,39)
(y6,36)
(y7,49)
(y0,92)
(z8,12)
(z9,58)
(z0,12)
(z2,95)
(z7,75)
(z3,30)
(z5,7)
(z1,56)
(z4,16)
