(a5,3)
(a2,79)
(a8,54)
(a3,87)
(a1,58)
(a9,42)
(a7,85)
(b7,6)
(b6,40)
(b4,93)
(b5,64)
(b8,73)
(b2,42)
(b9,42)
(c9,76)
(c8,82)
(c5,39)
(c6,36)
(c0,21)
(c4,11)
(d3,65)
(d1,10)
(d8,3)
(d6,47)
(d9,58)
(d2,76)
(d5,88)
(d0,15)
(e4,3)
(e2,94)
(e1,69)
(e9,43)
(e0,38)
(e6,29)
(e5,49)
(e7,54)
(f5,30)
(f1,41)
(f0,53)
(f2,65)
(f4,51)
(f9,80)
(f8,28)
(f7,5)
(g2,47)
(g4,73)
(g1,35)
(g3,59)
(g8,61)
(g9,1)
(g0,67)
(g6,34)
(h2,61)
(h6,89)
(h5,60)
(h9,99)
(h8,79)
(h3,4)
(h7,70)
(i1,89)
(i0,53)
(i3,27)
(i7,93)
(i9,42)
(i4,56)
(i2,41)
(i8,59)
(j7,18)
(j4,12)
(j2,49)
(j0,34)
(j9,14)
(j3,65)
(j1,45)
(j5,48)
(k9,27)
(k1,6)
(k8,56)
(k6,80)
(k3,84)
(k5,73)
(k4,76)
(k7,50)
(l7,60)
(l3,88)
(l6,20)
(l1,48)
(l4,32)
(l5,59)
(l9,70)
(l0,95)
(m1,39)
(m9,41)
(m6,75)
(m8,1)
(m7,37)
(m5,36)
(m2,37)
(m3,13)
(n8,32)
(n3,63)
(n9,37)
(n5,79)
(n7,32)
(o5,94)
(o9,0)
(o4,80)
(o1,27)
(o3,70)
(o2,81)
(o8,73)
(o6,11)
(o7,56)
(p2,73)
(p4,91)
(p1,7)
(p8,29)
(p9,76)
(p6,26)
(p5,60)
(p0,99)
(p3,88)
(p7,10)
(q3,23)
(q4,47)
(q5,55)
(q7,31)
(q8,74)
(q0,78)
(q9,89)
(q6,63)
(q2,8)
(r7,100)
(r1,59)
(r5,84)
(r3,21)
(r8,96)
(r0,82)
(s9,6)
(s7,50)
(s4,49)
(s0,3)
(s3,32)
(s1,90)
(s8,10)
(s6,68)
(t5,14)
(t0,60)
(t6,17)
(t9,65)
(t3,56)
(t7,44)
(t1,25)
(t4,83)
(t2,0)
(t8,3)
(u6,29)
(u0,79)
(u8,19)
(u4,62)
(u9,8)
(u1,69)
(u3,21)
(u2,23)
(u7,42)
(v5,3)
(v7,41)
(v6,55)
(v2,6)
(v0,32)
(v4,91)
(v9,23)
(w3,10)
(w9,80)
(w4,87)
(w8,33)
(w5,16)
(w0,88)
(w2,99)
(w7,26)
(w1,10)
(x1,9)
(x3,15)
(x6,55)
(x8,38)
(x9,6)
(x7,51)
(y0,95)
(y9,89)
(y2,6)
(y3,70)
(y7,55)
(y1,95)
(z6,60)
(z4,18)
(z8,37)
(z7,39)
(z5,85)
(z2,5)
(z0,16)
(z1,36)
[(i7,93)]
(a5,3)
(a2,79)
(a8,54)
(a3,87)
(a1,58)
(a9,42)
(a7,85)
(b7,6)
(b6,40)
(b4,93)
(b5,64)
(b8,73)
(b2,42)
(b9,42)
(c9,76)
(c8,82)
(c5,39)
(c6,36)
(c0,21)
(c4,11)
(d3,65)
(d1,10)
(d8,3)
(d6,47)
(d9,58)
(d2,76)
(d5,88)
(d0,15)
(e4,3)
(e2,94)
(e1,69)
(e9,43)
(e0,38)
(e6,29)
(e5,49)
(e7,54)
(f5,30)
(f1,41)
(f0,53)
(f2,65)
(f4,51)
(f9,80)
(f8,28)
(f7,5)
(g2,47)
(g4,73)
(g1,35)
(g3,59)
(g8,61)
(g9,1)
(g0,67)
(g6,34)
(h2,61)
(h6,89)
(h5,60)
(h9,99)
(h8,79)
(h3,4)
(h7,70)
(i1,89)
(i0,53)
(i3,27)
(i7,93)
(i9,42)
(i4,56)
(i2,41)
(i8,59)
(j7,18)
(j4,12)
(j2,49)
(j0,34)
(j9,14)
(j3,65)
(j1,45)
(j5,48)
(k9,27)
(k1,6)
(k8,56)
(k6,80)
(k3,84)
(k5,73)
(k4,76)
(k7,50)
(l7,60)
(l3,88)
(l6,20)
(l1,48)
(l4,32)
(l5,59)
(l9,70)
(l0,95)
(m1,39)
(m9,41)
(m6,75)
(m8,1)
(m7,37)
(m5,36)
(m2,37)
(m3,13)
(n8,32)
(n3,63)
(n9,37)
(n5,79)
(n7,32)
(o5,94)
(o9,0)
(o4,80)
(o1,27)
(o3,70)
(o2,81)
(o8,73)
(o6,11)
(o7,56)
(p2,73)
(p4,91)
(p1,7)
(p8,29)
(p9,76)
(p6,26)
(p5,60)
(p0,99)
(p3,88)
(p7,10)
(q3,23)
(q4,47)
(q5,55)
(q7,31)
(q8,74)
(q0,78)
(q9,89)
(q6,63)
(q2,8)
(r7,100)
(r1,59)
(r5,84)
(r3,21)
(r8,96)
(r0,82)
(s9,6)
(s7,50)
(s4,49)
(s0,3)
(s3,32)
(s1,90)
(s8,10)
(s6,68)
(t5,14)
(t0,60)
(t6,17)
(t9,65)
(t3,56)
(t7,44)
(t1,25)
(t4,83)
(t2,0)
(t8,3)
(u6,29)
(u0,79)
(u8,19)
(u4,62)
(u9,8)
(u1,69)
(u3,21)
(u2,23)
(u7,42)
(v5,3)
(v7,41)
(v6,55)
(v2,6)
(v0,32)
(v4,91)
(v9,23)
(w3,10)
(w9,80)
(w4,87)
(w8,33)
(w5,58)
(w0,88)
(w2,99)
(w7,26)
(w1,10)
(x1,9)
(x3,15)
(x6,55)
(x8,38)
(x9,6)
(x7,51)
(y0,95)
(y9,89)
(y2,6)
(y3,70)
(y7,55)
(y1,95)
(z6,60)
(z4,18)
(z8,37)
(z7,39)
(z5,85)
(z2,5)
(z0,16)
(z1,36)
Waiting...
[(w2,73)]
[(z3,14)]
(a5,3)
(a2,79)
(a8,54)
(a3,87)
(a1,58)
(a9,42)
(a7,85)
(b7,6)
(b6,40)
(b4,93)
(b5,64)
(b8,73)
(b2,42)
(b9,42)
(c9,76)
(c8,82)
(c5,39)
(c6,36)
(c0,21)
(c4,11)
(d3,65)
(d1,10)
(d8,3)
(d6,47)
(d9,58)
(d2,7)
(d5,88)
(d0,15)
(e4,3)
(e2,94)
(e1,69)
(e9,43)
(e0,38)
(e5,49)
(e7,54)
(f5,30)
(f1,41)
(f0,53)
(f2,65)
(f4,86)
(f9,80)
(f8,64)
(f7,5)
(g2,47)
(g4,73)
(g1,35)
(g3,59)
(g8,61)
(g9,1)
(g0,3)
(g6,34)
(h2,61)
(h6,89)
(h5,97)
(h9,99)
(h8,79)
(h3,4)
(h7,70)
(i1,89)
(i0,53)
(i3,27)
(i7,93)
(i9,42)
(i4,56)
(i2,41)
(i8,59)
(j7,18)
(j4,12)
(j2,49)
(j0,34)
(j9,14)
(j3,65)
(j1,45)
(j5,48)
(k9,27)
(k1,6)
(k8,56)
(k6,80)
(k3,84)
(k5,73)
(k4,42)
(k7,50)
(l7,0)
(l3,88)
(l6,20)
(l1,48)
(l4,48)
(l5,59)
(l9,70)
(l0,95)
(m4,90)
(m1,39)
(m9,41)
(m6,75)
(m8,1)
(m7,37)
(m5,36)
(m2,37)
(m3,13)
(n8,32)
(n3,34)
(n9,37)
(n5,79)
(n7,32)
(o5,94)
(o9,0)
(o4,80)
(o1,27)
(o3,70)
(o2,81)
(o8,73)
(o6,11)
(o7,56)
(p2,73)
(p4,91)
(p1,94)
(p8,29)
(p9,76)
(p6,26)
(p5,60)
(p0,74)
(p3,88)
(p7,10)
(q3,52)
(q4,47)
(q5,73)
(q7,31)
(q8,74)
(q0,78)
(q9,89)
(q6,46)
(q2,8)
(r7,100)
(r1,59)
(r5,84)
(r3,21)
(r8,96)
(r0,82)
(s2,34)
(s9,6)
(s7,50)
(s4,49)
(s0,3)
(s3,32)
(s1,78)
(s8,10)
(s6,68)
(t5,14)
(t0,60)
(t6,17)
(t9,65)
(t3,56)
(t7,44)
(t1,25)
(t4,83)
(t2,0)
(t8,3)
(u6,29)
(u0,79)
(u8,19)
(u4,62)
(u9,8)
(u1,69)
(u3,21)
(u2,23)
(v5,3)
(v7,41)
(v6,55)
(v2,6)
(v0,32)
(v4,91)
(v9,23)
(w9,80)
(w4,87)
(w8,67)
(w5,58)
(w0,88)
(w2,73)
(w1,10)
(x1,9)
(x3,15)
(x6,55)
(x8,38)
(x9,6)
(x7,51)
(y5,48)
(y0,95)
(y9,89)
(y2,6)
(y3,70)
(y7,55)
(y1,95)
(z3,14)
(z4,18)
(z8,37)
(z7,39)
(z5,85)
(z2,5)
(z0,16)
(z1,36)
[(p1,94)]
Waiting...
[(s8,33)]
[(z3,14)]
[(i7,76)]
Waiting...
[(b2,52)]
[(t4,92)]
(a0,39)
(a6,82)
(a5,3)
(a2,79)
(a3,87)
(a1,58)
(a9,42)
(a7,85)
(b7,6)
(b6,40)
(b4,93)
(b5,64)
(b8,73)
(b2,52)
(b9,42)
(c7,77)
(c9,76)
(c8,82)
(c5,77)
(c6,36)
(c0,98)
(c4,11)
(d3,61)
(d8,3)
(d6,47)
(d9,58)
(d5,88)
(d0,15)
(e4,3)
(e2,21)
(e1,69)
(e9,43)
(e0,38)
(e5,28)
(e7,54)
(f5,28)
(f0,53)
(f2,38)
(f9,80)
(f7,5)
(g2,47)
(g4,73)
(g1,33)
(g3,59)
(g8,61)
(g0,3)
(g6,34)
(h5,54)
(h2,61)
(h6,89)
(h9,81)
(h8,79)
(h3,39)
(h7,70)
(i7,76)
(i1,34)
(i0,53)
(i3,27)
(i9,15)
(i4,56)
(i2,41)
(i8,59)
(j7,18)
(j4,12)
(j0,34)
(j9,14)
(j3,65)
(j1,45)
(j5,84)
(k2,84)
(k4,44)
(k9,27)
(k1,6)
(k8,56)
(k6,80)
(k3,84)
(k5,73)
(k7,50)
(l4,98)
(l7,0)
(l3,88)
(l6,20)
(l1,48)
(l5,59)
(l9,70)
(l0,95)
(m4,90)
(m1,39)
(m9,41)
(m6,75)
(m8,1)
(m7,25)
(m5,36)
(m2,37)
(m3,13)
(n0,60)
(n8,32)
(n3,34)
(n9,37)
(n5,79)
(n7,32)
(o0,16)
(o5,94)
(o9,0)
(o4,80)
(o1,27)
(o3,70)
(o2,81)
(o8,73)
(o7,56)
(p2,73)
(p4,91)
(p9,76)
(p6,26)
(p5,60)
(p0,74)
(p3,51)
(p7,10)
(q3,52)
(q4,32)
(q5,73)
(q7,31)
(q8,74)
(q0,78)
(q9,89)
(q2,8)
(r7,100)
(r1,59)
(r5,33)
(r3,55)
(r0,82)
(s2,34)
(s9,6)
(s7,50)
(s4,49)
(s0,3)
(s3,82)
(s1,78)
(s8,33)
(s6,68)
(t5,14)
(t0,60)
(t6,17)
(t9,65)
(t3,56)
(t7,44)
(t1,25)
(t4,92)
(t2,0)
(t8,3)
(u7,43)
(u3,0)
(u6,29)
(u0,84)
(u8,19)
(u4,62)
(u9,8)
(u1,69)
(u2,41)
(v8,99)
(v7,35)
(v6,55)
(v0,32)
(v4,91)
(v9,23)
(w3,17)
(w6,16)
(w9,80)
(w4,49)
(w5,58)
(w0,88)
(w2,73)
(w1,10)
(x1,9)
(x3,15)
(x6,55)
(x8,38)
(x9,6)
(x7,51)
(y5,48)
(y0,95)
(y9,89)
(y2,54)
(y3,70)
(y7,6)
(y1,95)
(z3,14)
(z4,18)
(z8,30)
(z7,57)
(z5,85)
(z2,5)
(z0,16)
(z1,36)
[(i9,15)]
[(w9,30)]
[(p0,74)]
Waiting...
[(e5,28)]
[(l4,91)]
[(o2,81)]
[(w2,73)]
(a8,52)
(a6,82)
(a5,3)
(a2,79)
(a3,87)
(a1,58)
(a9,42)
(a7,85)
(b0,38)
(b7,6)
(b6,88)
(b4,93)
(b5,54)
(b8,73)
(b2,52)
(b9,6)
(c2,1)
(c7,77)
(c9,76)
(c8,82)
(c5,77)
(c6,36)
(c0,98)
(c4,67)
(d1,98)
(d3,61)
(d8,50)
(d6,47)
(d9,58)
(d5,88)
(d0,15)
(e4,20)
(e2,21)
(e1,14)
(e9,43)
(e0,38)
(e5,28)
(e7,54)
(f8,53)
(f5,28)
(f0,53)
(f2,38)
(f9,56)
(f7,5)
(g2,47)
(g4,73)
(g1,33)
(g3,74)
(g8,61)
(g0,3)
(g6,34)
(h4,13)
(h2,61)
(h6,5)
(h9,81)
(h8,79)
(h3,39)
(h7,70)
(i7,76)
(i1,34)
(i0,53)
(i3,28)
(i9,15)
(i4,56)
(i2,41)
(i8,59)
(j7,18)
(j4,12)
(j0,34)
(j9,76)
(j3,65)
(j1,45)
(j5,84)
(k0,47)
(k2,84)
(k4,44)
(k9,27)
(k1,6)
(k8,76)
(k6,80)
(k3,84)
(k5,73)
(k7,50)
(l4,91)
(l7,0)
(l3,88)
(l6,20)
(l1,95)
(l5,59)
(l9,70)
(l0,96)
(m4,90)
(m1,39)
(m9,41)
(m6,14)
(m8,1)
(m7,25)
(m5,36)
(m2,37)
(m3,13)
(n4,74)
(n0,60)
(n8,32)
(n3,34)
(n9,37)
(n5,79)
(n7,32)
(o0,16)
(o5,94)
(o9,0)
(o4,80)
(o1,27)
(o3,70)
(o2,81)
(o8,73)
(o7,56)
(p8,76)
(p2,73)
(p4,91)
(p9,76)
(p6,26)
(p5,60)
(p0,74)
(p3,51)
(p7,10)
(q1,56)
(q3,52)
(q4,32)
(q5,73)
(q7,31)
(q8,74)
(q0,78)
(q9,89)
(q2,8)
(r6,64)
(r8,83)
(r2,81)
(r7,100)
(r1,59)
(r5,33)
(r0,82)
(s2,34)
(s9,6)
(s7,50)
(s4,49)
(s0,3)
(s3,82)
(s1,78)
(s8,33)
(s6,68)
(t5,14)
(t0,60)
(t6,17)
(t9,56)
(t3,56)
(t7,44)
(t1,25)
(t4,92)
(t2,0)
(t8,3)
(u5,33)
(u7,43)
(u3,0)
(u6,29)
(u0,84)
(u8,19)
(u4,62)
(u9,8)
(u1,69)
(u2,41)
(v8,99)
(v7,35)
(v6,51)
(v0,24)
(v4,91)
(v9,23)
(w3,17)
(w9,30)
(w4,49)
(w5,58)
(w0,88)
(w2,73)
(w1,16)
(x1,9)
(x3,49)
(x6,55)
(x8,12)
(x9,6)
(x7,51)
(y5,48)
(y0,95)
(y9,89)
(y2,54)
(y3,70)
(y7,6)
(y1,95)
(z3,14)
(z4,96)
(z8,30)
(z7,57)
(z5,85)
(z2,5)
(z0,16)
(z1,36)
[(j9,76)]
[(v0,24)]
[(d1,98)]
