Waiting...
(a0,33)
(a5,33)
(a2,26)
(a8,6)
(a1,34)
(a3,27)
(b5,35)
(b9,91)
(b8,96)
(b2,92)
(b7,77)
(c8,79)
(c6,11)
(c9,78)
(c1,23)
(d5,81)
(d3,54)
(d7,50)
(d8,53)
(d4,6)
(d6,29)
(e9,83)
(e0,59)
(e5,50)
(e3,89)
(e8,6)
(e7,46)
(f5,83)
(f1,83)
(f9,6)
(f7,2)
(f8,35)
(f0,99)
(g6,27)
(g8,65)
(g5,29)
(g7,6)
(h4,82)
(h8,19)
(h7,97)
(h9,20)
(h3,51)
(h0,89)
(i6,18)
(i2,63)
(i9,46)
(i7,88)
(i1,9)
(i3,26)
(i5,5)
(j9,68)
(j2,7)
(j8,88)
(j1,97)
(j4,4)
(j0,95)
(k6,14)
(k4,94)
(k9,69)
(k2,20)
(k3,10)
(k5,85)
(l9,70)
(l5,51)
(l1,86)
(l6,37)
(l7,19)
(l3,23)
(l8,81)
(m7,57)
(m1,10)
(m9,11)
(m6,52)
(m0,79)
(n5,62)
(n6,71)
(n9,3)
(n4,17)
(n3,53)
(n0,68)
(o7,47)
(o0,28)
(o9,67)
(o4,58)
(o1,91)
(o8,20)
(o3,9)
(o2,74)
(p6,86)
(p5,93)
(p8,29)
(p2,93)
(p7,28)
(p4,100)
(p3,24)
(q5,88)
(q1,64)
(q6,40)
(q8,99)
(r0,83)
(r7,88)
(r2,16)
(r6,69)
(r9,32)
(r1,59)
(s5,13)
(s0,10)
(s4,41)
(s3,44)
(t7,19)
(t9,94)
(t5,79)
(t2,17)
(t1,18)
(t0,42)
(u8,58)
(u9,17)
(u6,69)
(u7,57)
(u3,0)
(u4,83)
(v1,7)
(v3,24)
(v5,69)
(v8,62)
(v4,99)
(v6,18)
(v2,63)
(w2,94)
(w1,55)
(w8,86)
(w9,8)
(w7,33)
(w6,71)
(w4,62)
(w0,89)
(x1,13)
(x9,19)
(x5,16)
(x7,16)
(x0,34)
(x6,60)
(y4,75)
(y1,79)
(y5,59)
(y3,24)
(y0,72)
(y6,40)
(z8,2)
(z1,14)
(z6,39)
(z0,8)
(z4,98)
(z9,1)
[(e6,69)]
[(r8,28)]
(a7,75)
(a9,24)
(a0,33)
(a5,33)
(a2,26)
(a8,3)
(a1,34)
(a3,27)
(b5,8)
(b9,91)
(b8,96)
(b2,92)
(b7,77)
(c3,64)
(c8,79)
(c6,11)
(c9,78)
(c1,23)
(d2,74)
(d9,81)
(d5,81)
(d3,54)
(d7,50)
(d8,53)
(d4,6)
(d6,29)
(e0,84)
(e6,69)
(e9,83)
(e5,50)
(e3,89)
(e8,6)
(e7,46)
(f5,83)
(f1,83)
(f9,6)
(f7,2)
(f8,35)
(g6,27)
(g8,65)
(g5,12)
(g7,6)
(h6,93)
(h1,3)
(h4,82)
(h8,19)
(h7,97)
(h9,20)
(h3,51)
(h0,89)
(i6,18)
(i2,63)
(i9,46)
(i7,88)
(i1,9)
(i3,26)
(i5,5)
(j5,98)
(j9,68)
(j2,7)
(j8,88)
(j1,97)
(j4,4)
(j0,7)
(k6,14)
(k4,94)
(k9,69)
(k2,20)
(k3,10)
(k5,85)
(l9,70)
(l5,51)
(l1,86)
(l6,37)
(l7,19)
(l3,23)
(l8,81)
(m7,57)
(m1,10)
(m9,11)
(m6,52)
(m0,79)
(n1,24)
(n5,62)
(n9,3)
(n4,17)
(n3,53)
(n0,86)
(o5,87)
(o7,47)
(o0,28)
(o9,67)
(o4,58)
(o1,91)
(o8,20)
(o3,9)
(o2,74)
(p6,86)
(p8,29)
(p2,58)
(p7,28)
(p3,24)
(q3,71)
(q7,81)
(q5,88)
(q1,64)
(q6,40)
(q8,99)
(r8,28)
(r5,41)
(r0,83)
(r7,88)
(r2,16)
(r6,69)
(r9,32)
(r1,59)
(s5,13)
(s0,10)
(s3,44)
(t7,19)
(t9,94)
(t5,79)
(t2,17)
(t1,18)
(t0,42)
(u8,58)
(u9,17)
(u6,69)
(u7,57)
(u3,0)
(u4,83)
(v7,14)
(v3,62)
(v5,0)
(v8,62)
(v4,35)
(v6,18)
(v2,63)
(w2,94)
(w1,55)
(w8,86)
(w9,8)
(w7,33)
(w6,71)
(w4,62)
(w0,89)
(x1,13)
(x9,19)
(x5,16)
(x7,16)
(x0,34)
(x6,60)
(y7,2)
(y4,75)
(y1,79)
(y5,59)
(y3,24)
(y0,72)
(y6,40)
(z8,2)
(z1,14)
(z6,39)
(z0,8)
(z4,98)
(z9,1)
Waiting...
Waiting...
Waiting...
[(q3,71)]
[(r2,16)]
(a7,75)
(a0,33)
(a5,33)
(a2,26)
(a1,34)
(a3,27)
(b3,25)
(b4,1)
(b5,8)
(b9,91)
(b8,96)
(b2,60)
(b7,77)
(c7,52)
(c3,64)
(c8,40)
(c6,12)
(c9,78)
(c1,23)
(d1,36)
(d9,81)
(d5,81)
(d3,54)
(d7,42)
(d8,53)
(d4,6)
(d6,29)
(e0,84)
(e6,69)
(e9,83)
(e5,50)
(e3,89)
(e8,6)
(e7,46)
(f3,36)
(f1,83)
(f9,6)
(f7,2)
(f8,35)
(g3,50)
(g2,24)
(g4,53)
(g6,70)
(g8,65)
(g5,12)
(g7,6)
(h2,7)
(h6,93)
(h8,19)
(h7,97)
(h9,20)
(h3,51)
(h0,89)
(i8,83)
(i6,18)
(i2,63)
(i9,46)
(i7,88)
(i1,9)
(i3,26)
(i5,5)
(j5,98)
(j9,68)
(j2,7)
(j8,88)
(j1,97)
(j4,4)
(j0,7)
(k6,14)
(k4,24)
(k9,69)
(k2,20)
(k3,10)
(k5,23)
(l2,9)
(l5,51)
(l1,86)
(l6,37)
(l7,19)
(l3,21)
(l8,81)
(m3,83)
(m4,6)
(m7,57)
(m1,15)
(m9,11)
(m6,52)
(m0,79)
(n1,24)
(n5,56)
(n9,3)
(n4,17)
(n3,53)
(n0,86)
(o5,87)
(o0,28)
(o9,43)
(o4,58)
(o1,91)
(o2,91)
(p8,29)
(p2,58)
(p7,28)
(p3,24)
(q0,91)
(q3,71)
(q7,81)
(q5,88)
(q1,64)
(q6,81)
(r8,28)
(r0,83)
(r7,88)
(r2,16)
(r6,69)
(r9,32)
(r1,73)
(s2,3)
(s6,44)
(s5,18)
(s3,44)
(t3,2)
(t6,69)
(t7,84)
(t9,80)
(t5,79)
(t2,17)
(t1,77)
(t0,42)
(u0,51)
(u8,80)
(u9,36)
(u6,69)
(u7,57)
(u3,0)
(u4,83)
(v0,38)
(v3,62)
(v5,0)
(v8,62)
(v6,18)
(v2,63)
(w2,94)
(w1,55)
(w8,86)
(w9,8)
(w7,33)
(w6,71)
(w4,23)
(w0,89)
(x3,80)
(x1,13)
(x9,19)
(x5,16)
(x0,17)
(y2,4)
(y7,2)
(y4,75)
(y1,79)
(y5,59)
(y3,32)
(y0,72)
(y6,40)
(z3,33)
(z5,90)
(z8,2)
(z1,14)
(z6,39)
(z0,53)
(z4,98)
(z9,1)
(a6,48)
(a7,75)
(a0,33)
(a5,33)
(a2,26)
(a1,34)
(a3,27)
(b3,25)
(b4,1)
(b5,8)
(b9,91)
(b8,96)
(b2,60)
(b7,61)
(c7,52)
(c3,64)
(c8,40)
(c6,12)
(c9,78)
(c1,23)
(d1,36)
(d9,81)
(d5,81)
(d3,54)
(d7,42)
(d8,53)
(d4,6)
(d6,29)
(e1,45)
(e0,84)
(e6,69)
(e9,91)
(e5,50)
(e3,89)
(e8,26)
(e7,46)
(f3,36)
(f1,83)
(f9,6)
(f7,2)
(f8,35)
(g9,41)
(g3,50)
(g2,24)
(g4,53)
(g6,70)
(g8,65)
(g5,12)
(g7,6)
(h2,7)
(h6,93)
(h8,36)
(h7,97)
(h9,20)
(h3,51)
(h0,89)
(i8,83)
(i6,18)
(i2,63)
(i9,31)
(i7,88)
(i1,9)
(i3,26)
(i5,5)
(j3,100)
(j5,98)
(j9,68)
(j2,72)
(j8,88)
(j1,21)
(j4,4)
(j0,7)
(k7,61)
(k6,14)
(k4,24)
(k9,69)
(k2,20)
(k3,92)
(k5,23)
(l0,57)
(l2,9)
(l5,51)
(l1,86)
(l6,37)
(l7,19)
(l3,21)
(l8,81)
(m3,83)
(m4,6)
(m7,69)
(m1,15)
(m9,11)
(m6,52)
(m0,79)
(n6,67)
(n1,24)
(n5,56)
(n9,3)
(n4,17)
(n3,53)
(n0,86)
(o5,87)
(o0,28)
(o9,43)
(o4,58)
(o1,30)
(o2,91)
(p8,29)
(p2,58)
(p7,28)
(p3,24)
(q0,91)
(q3,71)
(q7,81)
(q5,88)
(q1,64)
(q6,81)
(r8,28)
(r0,83)
(r7,88)
(r2,16)
(r6,69)
(r9,32)
(r1,73)
(s1,7)
(s2,3)
(s6,44)
(s5,18)
(s3,44)
(t8,71)
(t3,2)
(t6,69)
(t7,84)
(t9,80)
(t5,79)
(t2,19)
(t0,42)
(u1,44)
(u0,51)
(u8,80)
(u9,36)
(u6,69)
(u7,57)
(u3,0)
(u4,83)
(v0,38)
(v3,62)
(v5,0)
(v8,62)
(v6,18)
(v2,63)
(w2,94)
(w1,55)
(w8,86)
(w9,98)
(w7,33)
(w6,71)
(w4,23)
(w0,89)
(x3,80)
(x1,13)
(x9,19)
(x5,16)
(x0,17)
(y2,4)
(y7,2)
(y4,75)
(y1,38)
(y5,91)
(y3,32)
(y0,72)
(y6,40)
(z3,33)
(z5,90)
(z8,2)
(z1,14)
(z6,39)
(z0,53)
(z4,98)
(z9,1)
[(j1,21)]
[(j0,7)]
Waiting...
Waiting...
[(e9,91)]
Waiting...
(a6,48)
(a7,75)
(a0,33)
(a5,33)
(a2,9)
(a1,34)
(a3,27)
(b6,6)
(b3,25)
(b4,1)
(b5,8)
(b9,91)
(b8,96)
(b2,60)
(b7,61)
(c7,39)
(c3,64)
(c8,40)
(c9,78)
(c1,23)
(d2,22)
(d1,36)
(d9,81)
(d3,54)
(d7,42)
(d8,53)
(d4,6)
(d6,29)
(e1,45)
(e0,84)
(e6,69)
(e9,91)
(e5,50)
(e3,89)
(e8,26)
(e7,46)
(f3,36)
(f1,83)
(f9,6)
(f7,2)
(f8,35)
(g9,41)
(g3,50)
(g2,24)
(g4,53)
(g6,70)
(g8,65)
(g5,12)
(g7,6)
(h5,21)
(h2,7)
(h6,93)
(h8,36)
(h7,97)
(h9,5)
(h3,51)
(h0,89)
(i8,83)
(i6,18)
(i2,34)
(i9,31)
(i7,88)
(i1,9)
(i3,26)
(i5,5)
(j3,100)
(j5,98)
(j9,0)
(j2,72)
(j8,88)
(j1,21)
(j4,4)
(j0,7)
(k8,20)
(k7,61)
(k4,24)
(k9,69)
(k2,20)
(k3,92)
(l0,57)
(l2,9)
(l1,13)
(l6,37)
(l7,19)
(l3,21)
(l8,81)
(m3,83)
(m4,6)
(m7,69)
(m1,15)
(m9,11)
(m6,52)
(m0,88)
(n6,67)
(n1,24)
(n5,56)
(n9,3)
(n4,17)
(o0,28)
(o9,43)
(o4,58)
(o1,30)
(o2,91)
(p8,29)
(p2,58)
(p7,28)
(p3,24)
(q9,25)
(q4,33)
(q3,71)
(q7,81)
(q5,64)
(q1,64)
(q6,81)
(r8,28)
(r0,83)
(r7,88)
(r2,16)
(r6,69)
(r9,14)
(r1,73)
(s7,55)
(s1,7)
(s6,44)
(s5,18)
(s3,44)
(t1,1)
(t8,71)
(t6,69)
(t7,84)
(t9,80)
(t5,79)
(t2,19)
(t0,42)
(u1,44)
(u0,51)
(u8,80)
(u9,36)
(u6,69)
(u7,57)
(u3,0)
(u4,83)
(v0,38)
(v3,62)
(v5,0)
(v8,62)
(v6,18)
(v2,63)
(w5,15)
(w2,94)
(w1,55)
(w8,86)
(w9,98)
(w7,80)
(w6,71)
(w4,23)
(w0,33)
(x3,80)
(x1,13)
(x9,19)
(x5,16)
(x0,17)
(y7,2)
(y4,75)
(y1,38)
(y5,91)
(y3,32)
(y0,72)
(y6,40)
(z3,33)
(z8,2)
(z1,14)
(z6,39)
(z0,53)
(z4,98)
(z9,1)
(a6,48)
(a7,75)
(a0,33)
(a5,33)
(a2,9)
(a1,34)
(a3,27)
(b6,6)
(b3,25)
(b4,1)
(b5,8)
(b9,91)
(b8,96)
(b2,60)
(b7,61)
(c7,39)
(c3,64)
(c8,40)
(c9,78)
(c1,23)
(d2,22)
(d1,36)
(d9,81)
(d3,54)
(d7,42)
(d8,53)
(d4,6)
(d6,29)
(e4,39)
(e1,45)
(e0,84)
(e6,69)
(e9,91)
(e5,50)
(e3,89)
(e8,26)
(e7,46)
(f3,36)
(f1,83)
(f9,6)
(f7,2)
(f8,35)
(g1,79)
(g9,41)
(g3,50)
(g2,24)
(g4,53)
(g6,70)
(g8,65)
(g5,12)
(g7,6)
(h5,21)
(h2,7)
(h6,93)
(h8,36)
(h7,97)
(h9,5)
(h3,51)
(h0,89)
(i8,83)
(i6,18)
(i2,34)
(i9,31)
(i7,88)
(i1,9)
(i3,26)
(i5,5)
(j3,100)
(j5,98)
(j9,0)
(j2,72)
(j8,88)
(j1,21)
(j4,4)
(j0,7)
(k8,20)
(k7,61)
(k4,24)
(k9,69)
(k2,20)
(k3,92)
(l0,57)
(l2,9)
(l1,13)
(l6,37)
(l7,19)
(l3,21)
(l8,81)
(m3,83)
(m4,6)
(m7,69)
(m1,15)
(m9,11)
(m6,52)
(m0,88)
(n6,67)
(n1,24)
(n5,56)
(n9,80)
(n4,17)
(o5,79)
(o0,28)
(o9,43)
(o4,58)
(o1,30)
(o2,91)
(p8,29)
(p2,58)
(p7,28)
(p3,24)
(q9,25)
(q4,33)
(q3,71)
(q7,81)
(q5,64)
(q1,64)
(q6,81)
(r8,28)
(r0,51)
(r7,88)
(r2,16)
(r6,69)
(r9,14)
(r1,73)
(s7,55)
(s1,7)
(s6,44)
(s5,18)
(s3,44)
(t1,1)
(t8,71)
(t6,69)
(t7,84)
(t9,80)
(t5,79)
(t2,19)
(t0,42)
(u1,44)
(u0,51)
(u8,80)
(u9,36)
(u6,69)
(u7,37)
(u3,0)
(u4,83)
(v0,38)
(v3,62)
(v5,0)
(v8,62)
(v6,18)
(v2,63)
(w5,15)
(w2,94)
(w1,55)
(w8,86)
(w9,98)
(w7,80)
(w6,71)
(w4,23)
(w0,33)
(x3,80)
(x1,13)
(x9,19)
(x5,16)
(x0,17)
(y7,2)
(y4,75)
(y1,38)
(y5,91)
(y3,32)
(y0,72)
(y6,40)
(z3,33)
(z8,2)
(z1,14)
(z6,39)
(z0,53)
(z4,98)
(z9,1)
