(a0,13)
(a5,95)
(a6,14)
(a2,24)
(a4,79)
(a8,22)
(a3,28)
(a7,5)
(a9,77)
(a1,94)
(b0,59)
(b5,38)
(b8,86)
(b3,90)
(b1,31)
(b6,68)
(c6,44)
(c7,23)
(c8,84)
(c4,29)
(c2,19)
(d1,57)
(d8,98)
(d3,77)
(d0,5)
(d7,45)
(d2,84)
(e1,96)
(e7,81)
(e2,54)
(e5,66)
(e4,41)
(e9,56)
(e8,75)
(f1,34)
(f0,95)
(f5,35)
(f7,80)
(f4,100)
(f3,69)
(g2,18)
(g5,83)
(g4,29)
(g7,52)
(g1,12)
(g6,89)
(g0,18)
(g3,75)
(h0,58)
(h6,69)
(h8,17)
(h4,62)
(h9,68)
(h2,33)
(h1,41)
(i2,14)
(i6,70)
(i1,7)
(i7,25)
(i5,69)
(i0,32)
(j0,81)
(j6,41)
(j1,59)
(j4,63)
(j8,83)
(j2,13)
(k3,43)
(k2,97)
(k0,34)
(k8,21)
(k1,15)
(k4,82)
(k6,51)
(l7,11)
(l0,78)
(l9,56)
(l2,3)
(l8,29)
(l1,21)
(l4,60)
(m6,96)
(m2,57)
(n2,34)
(n3,64)
(n1,7)
(n7,27)
(n9,65)
(n5,30)
(n8,70)
(n6,47)
(n0,75)
(o8,95)
(o9,99)
(o6,97)
(o2,58)
(o7,90)
(o4,45)
(o1,51)
(o5,35)
(o3,7)
(p6,12)
(p8,3)
(p4,95)
(p2,4)
(p5,59)
(p0,77)
(p1,80)
(p3,38)
(q6,54)
(q2,10)
(q9,43)
(q4,1)
(q0,99)
(q7,84)
(q3,8)
(q8,91)
(r1,43)
(r9,21)
(r3,47)
(r6,56)
(r5,24)
(r2,62)
(r0,53)
(s3,57)
(s1,18)
(s9,80)
(s8,99)
(s2,73)
(s4,89)
(s6,47)
(s7,12)
(t0,8)
(t4,3)
(t7,70)
(t5,91)
(t2,94)
(t9,13)
(u4,58)
(u5,69)
(u1,38)
(u8,5)
(u9,10)
(u0,11)
(u6,99)
(u3,30)
(u7,89)
(v8,1)
(v1,63)
(v3,94)
(v6,4)
(v5,54)
(v4,44)
(w4,26)
(w0,47)
(w3,81)
(w6,73)
(w9,23)
(w1,81)
(x0,56)
(x9,78)
(x4,71)
(x5,91)
(x1,100)
(y1,81)
(y8,44)
(y5,19)
(y6,50)
(y4,74)
(y7,49)
(y9,26)
(y0,15)
(y3,4)
(z3,48)
(z8,9)
(z5,57)
(z2,91)
(z7,28)
(z1,79)
(z4,25)
(z9,49)
(a0,13)
(a5,95)
(a6,14)
(a2,24)
(a4,79)
(a8,22)
(a3,4)
(a7,5)
(a9,77)
(a1,94)
(b0,59)
(b5,38)
(b8,86)
(b3,90)
(b1,31)
(b6,68)
(c6,44)
(c7,23)
(c8,84)
(c4,29)
(c2,19)
(d1,57)
(d8,98)
(d3,77)
(d0,5)
(d7,45)
(d2,89)
(e1,96)
(e7,81)
(e2,61)
(e5,66)
(e4,41)
(e9,56)
(e8,75)
(f6,71)
(f1,34)
(f0,95)
(f5,35)
(f7,80)
(f4,100)
(f3,69)
(g2,18)
(g5,83)
(g4,29)
(g7,52)
(g1,12)
(g6,6)
(g0,18)
(g3,75)
(h0,58)
(h6,69)
(h8,17)
(h4,13)
(h9,68)
(h2,33)
(h1,41)
(i2,14)
(i6,70)
(i1,7)
(i7,25)
(i5,69)
(i0,32)
(j5,100)
(j0,81)
(j6,41)
(j1,59)
(j4,63)
(j2,13)
(k3,43)
(k2,97)
(k0,34)
(k8,21)
(k1,15)
(k4,82)
(k6,51)
(l7,11)
(l0,78)
(l9,56)
(l2,3)
(l8,29)
(l1,21)
(l4,60)
(m6,96)
(m2,57)
(n2,34)
(n3,64)
(n1,7)
(n7,27)
(n9,65)
(n5,30)
(n8,70)
(n6,47)
(n0,75)
(o8,95)
(o9,99)
(o6,97)
(o2,34)
(o7,8)
(o4,45)
(o1,100)
(o5,35)
(o3,7)
(p6,12)
(p8,3)
(p4,95)
(p2,4)
(p5,59)
(p0,77)
(p1,80)
(p3,38)
(q6,54)
(q2,10)
(q9,43)
(q4,1)
(q0,99)
(q7,84)
(q3,8)
(q8,91)
(r4,38)
(r1,43)
(r9,21)
(r3,47)
(r6,56)
(r5,24)
(r2,62)
(r0,49)
(s3,57)
(s1,18)
(s9,80)
(s8,99)
(s2,73)
(s4,89)
(s6,47)
(s7,12)
(t0,8)
(t4,3)
(t7,70)
(t5,91)
(t2,94)
(t9,13)
(u4,58)
(u5,69)
(u1,38)
(u8,5)
(u9,10)
(u0,11)
(u6,99)
(u3,30)
(u7,89)
(v8,1)
(v1,63)
(v3,94)
(v6,4)
(v5,54)
(v4,44)
(w5,42)
(w4,26)
(w0,47)
(w3,81)
(w6,17)
(w9,23)
(w1,81)
(x8,19)
(x2,40)
(x0,56)
(x4,71)
(x5,91)
(x1,100)
(y1,81)
(y8,44)
(y5,19)
(y6,50)
(y4,74)
(y7,49)
(y9,26)
(y0,15)
(y3,4)
(z3,48)
(z8,9)
(z5,42)
(z2,72)
(z1,79)
(z4,25)
(z9,49)
[(r0,49)]
[(v0,61)]
Waiting...
[(w5,42)]
