Waiting...
(a4,22)
(a9,41)
(a6,49)
(a5,33)
(a2,81)
(a1,62)
(b3,10)
(b4,67)
(b8,90)
(b2,54)
(b1,35)
(b6,22)
(b9,90)
(b7,7)
(c5,88)
(c9,78)
(c4,22)
(c6,2)
(c7,21)
(c3,36)
(c2,51)
(c0,52)
(c8,39)
(d9,75)
(d7,17)
(d1,25)
(d8,53)
(d4,84)
(d5,55)
(d2,98)
(e6,62)
(e9,63)
(e5,15)
(e0,73)
(e2,23)
(e4,40)
(e8,56)
(f0,68)
(f5,40)
(f7,76)
(f8,68)
(f2,69)
(f3,24)
(f1,71)
(g5,15)
(g6,33)
(g8,56)
(g1,12)
(g9,52)
(g2,68)
(g4,5)
(g3,99)
(h0,34)
(h8,78)
(h4,38)
(h7,15)
(h5,43)
(h6,93)
(i5,45)
(i0,6)
(i8,63)
(i7,33)
(i4,23)
(i6,11)
(i3,12)
(j0,59)
(j7,6)
(j3,38)
(j2,64)
(j6,6)
(j5,11)
(j9,81)
(j1,23)
(j4,38)
(k3,20)
(k1,89)
(k5,51)
(k0,77)
(k2,48)
(k7,96)
(k4,2)
(k9,69)
(l9,9)
(l1,27)
(l5,58)
(l4,53)
(l0,17)
(l8,57)
(m9,73)
(m8,39)
(m5,5)
(m2,0)
(m6,81)
(m7,51)
(m4,40)
(m0,77)
(n2,0)
(n4,11)
(n9,28)
(n3,1)
(n8,73)
(n1,44)
(n7,70)
(n6,53)
(o6,26)
(o2,48)
(o1,64)
(o4,86)
(o8,62)
(o9,87)
(p7,50)
(p2,63)
(p5,15)
(p6,6)
(p1,12)
(p0,30)
(p9,73)
(p8,21)
(q3,41)
(q0,16)
(q6,8)
(q7,14)
(q5,19)
(q8,77)
(q4,98)
(q1,30)
(r4,100)
(r7,16)
(r0,24)
(r8,57)
(r2,87)
(r6,55)
(s6,76)
(s2,67)
(s9,28)
(s3,23)
(s1,1)
(s0,37)
(t2,93)
(t1,90)
(t4,38)
(t5,6)
(t3,62)
(t6,76)
(t8,95)
(u4,74)
(u5,78)
(u8,96)
(u2,8)
(u7,25)
(u3,77)
(u9,27)
(u6,89)
(v9,71)
(v0,3)
(v7,45)
(v5,89)
(v4,49)
(v1,13)
(v8,75)
(v3,6)
(w4,56)
(w6,71)
(w7,9)
(w3,33)
(w2,96)
(w5,90)
(w8,80)
(w0,38)
(x0,100)
(x6,1)
(x2,45)
(x4,39)
(x7,51)
(x3,30)
(x1,1)
(y7,6)
(y1,49)
(y6,35)
(y0,10)
(y2,23)
(y8,90)
(y9,7)
(y4,46)
(y5,63)
(z2,96)
(z4,60)
(z0,45)
(z3,66)
[(e2,23)]
[(c5,88)]
[(x6,1)]
[(h6,78)]
[(m0,51)]
[(j2,64)]
[(b9,90)]
[(l8,57)]
Waiting...
[(u5,6)]
Waiting...
Waiting...
(a7,52)
(a3,93)
(a4,22)
(a9,41)
(a6,49)
(a5,66)
(a2,81)
(a1,62)
(b5,32)
(b0,70)
(b3,10)
(b4,67)
(b8,88)
(b2,54)
(b1,35)
(b6,3)
(b9,90)
(b7,7)
(c9,73)
(c1,82)
(c5,88)
(c4,23)
(c6,56)
(c7,47)
(c3,36)
(c2,51)
(c0,52)
(c8,20)
(d9,75)
(d7,17)
(d1,25)
(d8,53)
(d4,84)
(d5,55)
(d2,98)
(e6,62)
(e9,63)
(e5,15)
(e0,73)
(e2,23)
(e4,99)
(e8,56)
(f4,35)
(f0,68)
(f5,40)
(f7,76)
(f8,71)
(f2,69)
(f3,24)
(f1,71)
(g5,99)
(g6,33)
(g8,56)
(g1,12)
(g9,52)
(g2,68)
(g4,21)
(g3,99)
(h0,34)
(h8,78)
(h4,35)
(h7,15)
(h5,43)
(h6,78)
(i2,23)
(i5,45)
(i0,6)
(i8,63)
(i7,33)
(i4,4)
(i6,11)
(i3,12)
(j0,59)
(j7,6)
(j3,38)
(j2,64)
(j6,100)
(j5,11)
(j9,81)
(j1,23)
(j4,17)
(k3,20)
(k1,89)
(k5,51)
(k0,77)
(k2,48)
(k7,96)
(k4,73)
(k9,69)
(l2,9)
(l9,9)
(l1,27)
(l5,58)
(l4,53)
(l0,17)
(l8,57)
(m9,73)
(m8,39)
(m5,5)
(m2,0)
(m6,81)
(m7,51)
(m4,43)
(m0,51)
(n0,45)
(n2,0)
(n4,43)
(n9,40)
(n3,1)
(n8,73)
(n1,21)
(n7,70)
(n6,53)
(o0,19)
(o6,26)
(o2,31)
(o1,64)
(o4,86)
(o8,29)
(o9,87)
(p7,50)
(p2,63)
(p5,15)
(p6,48)
(p1,12)
(p0,30)
(p9,73)
(p8,21)
(q2,15)
(q3,41)
(q0,16)
(q6,8)
(q7,14)
(q5,53)
(q8,89)
(q4,98)
(q1,30)
(r4,100)
(r7,16)
(r0,24)
(r8,57)
(r2,67)
(r6,11)
(s5,32)
(s6,76)
(s2,67)
(s9,28)
(s3,54)
(s1,1)
(s0,37)
(t2,89)
(t1,90)
(t4,38)
(t3,62)
(t6,76)
(t8,95)
(u4,74)
(u5,6)
(u8,96)
(u2,8)
(u7,25)
(u3,83)
(u9,13)
(u6,89)
(v6,30)
(v9,71)
(v0,3)
(v7,45)
(v5,16)
(v4,49)
(v1,13)
(v8,75)
(v3,6)
(w9,62)
(w4,56)
(w6,10)
(w7,87)
(w3,33)
(w2,77)
(w5,90)
(w8,12)
(w0,38)
(x0,100)
(x6,1)
(x2,45)
(x4,39)
(x7,51)
(x3,96)
(x1,1)
(y7,6)
(y1,60)
(y6,35)
(y0,10)
(y2,23)
(y8,90)
(y9,7)
(y4,46)
(y5,63)
(z7,42)
(z2,96)
(z4,60)
(z0,45)
(z3,66)
[(h0,34)]
[(g3,99)]
Waiting...
(a7,52)
(a3,93)
(a4,22)
(a9,41)
(a6,49)
(a5,66)
(a2,81)
(a1,62)
(b5,32)
(b0,70)
(b3,10)
(b4,67)
(b8,88)
(b2,54)
(b1,35)
(b9,90)
(b7,7)
(c9,73)
(c5,88)
(c4,23)
(c6,56)
(c7,47)
(c3,36)
(c2,51)
(c0,52)
(c8,20)
(d0,42)
(d9,75)
(d7,17)
(d1,25)
(d8,53)
(d4,84)
(d5,55)
(d2,98)
(e6,62)
(e9,63)
(e5,15)
(e0,73)
(e2,23)
(e4,99)
(e8,56)
(f4,35)
(f0,68)
(f5,40)
(f7,76)
(f8,71)
(f2,69)
(f3,24)
(f1,71)
(g5,99)
(g6,33)
(g8,56)
(g1,12)
(g9,52)
(g2,68)
(g4,21)
(g3,99)
(h0,34)
(h8,78)
(h4,35)
(h7,34)
(h5,43)
(h6,78)
(i2,23)
(i5,45)
(i0,6)
(i8,63)
(i7,33)
(i4,4)
(i6,11)
(i3,12)
(j0,59)
(j7,6)
(j3,38)
(j2,64)
(j6,100)
(j5,11)
(j9,81)
(j1,23)
(j4,17)
(k8,69)
(k3,20)
(k1,89)
(k5,51)
(k0,77)
(k2,48)
(k7,96)
(k4,73)
(k9,69)
(l2,9)
(l9,9)
(l1,27)
(l5,58)
(l4,53)
(l0,17)
(l8,57)
(m9,73)
(m8,39)
(m5,5)
(m2,0)
(m6,81)
(m7,51)
(m4,43)
(m0,51)
(n0,45)
(n2,0)
(n4,43)
(n9,40)
(n3,1)
(n8,73)
(n1,21)
(n7,70)
(n6,53)
(o0,19)
(o6,26)
(o2,31)
(o1,64)
(o4,86)
(o8,29)
(o9,87)
(p4,19)
(p7,50)
(p2,63)
(p5,15)
(p6,48)
(p1,12)
(p0,30)
(p9,73)
(p8,21)
(q2,15)
(q3,41)
(q0,16)
(q6,8)
(q7,14)
(q5,53)
(q8,89)
(q4,98)
(q1,30)
(r4,100)
(r7,16)
(r0,24)
(r8,57)
(r2,67)
(r6,11)
(s8,86)
(s5,32)
(s6,76)
(s2,67)
(s9,28)
(s3,54)
(s1,1)
(s0,37)
(t2,89)
(t1,90)
(t4,38)
(t3,62)
(t6,68)
(t8,95)
(u4,74)
(u5,6)
(u8,96)
(u2,8)
(u7,25)
(u3,83)
(u9,13)
(u6,89)
(v6,30)
(v9,71)
(v0,3)
(v7,45)
(v5,16)
(v4,49)
(v1,13)
(v8,29)
(v3,6)
(w9,62)
(w4,56)
(w6,10)
(w7,87)
(w3,33)
(w2,77)
(w5,90)
(w8,12)
(w0,38)
(x0,100)
(x6,1)
(x2,45)
(x4,39)
(x7,51)
(x3,96)
(x1,1)
(y7,6)
(y1,60)
(y6,35)
(y0,10)
(y2,23)
(y8,90)
(y9,7)
(y4,46)
(y5,63)
(z7,42)
(z2,96)
(z4,60)
(z0,45)
(z3,66)
Waiting...
[(j6,100)]
[(o8,29)]
[(i3,12)]
[(k4,73)]
[(m8,96)]
