(a9,41)
(a8,59)
(a6,49)
(a5,33)
(a2,52)
(a1,42)
(b3,10)
(b4,63)
(b8,8)
(b2,26)
(b0,42)
(b1,81)
(b6,22)
(b5,50)
(b9,7)
(b7,17)
(c4,22)
(c6,2)
(c7,4)
(c3,65)
(c2,13)
(c0,52)
(c8,91)
(d7,17)
(d1,25)
(d8,53)
(d4,84)
(d3,2)
(d5,52)
(d0,63)
(d2,98)
(e6,62)
(e9,39)
(e7,67)
(e5,15)
(e0,73)
(e2,91)
(e4,40)
(e8,100)
(f4,42)
(f6,22)
(f8,4)
(f2,69)
(f3,24)
(f1,83)
(g8,56)
(g1,12)
(g7,82)
(g9,21)
(g2,43)
(g4,93)
(g3,4)
(g5,41)
(h8,78)
(h4,50)
(h0,79)
(h9,54)
(h7,39)
(h5,87)
(h6,93)
(i0,27)
(i8,63)
(i1,1)
(i7,35)
(i4,23)
(i6,11)
(i2,50)
(i3,35)
(j3,38)
(j2,62)
(j0,100)
(j8,19)
(j6,6)
(j7,66)
(j5,100)
(j9,81)
(j1,23)
(j4,38)
(k3,75)
(k1,30)
(k6,36)
(k5,54)
(k0,50)
(k2,31)
(k7,96)
(k4,2)
(k9,69)
(l2,96)
(l9,83)
(l1,27)
(l5,58)
(l6,86)
(l4,61)
(l0,17)
(l7,41)
(l8,15)
(m1,27)
(m5,5)
(m2,0)
(m6,81)
(m8,100)
(m7,51)
(m4,40)
(m0,2)
(n2,37)
(n9,28)
(n3,85)
(n8,6)
(n1,44)
(n7,70)
(n6,53)
(o2,48)
(o1,30)
(o4,75)
(o8,62)
(o9,47)
(p2,67)
(p5,75)
(p6,6)
(p1,12)
(p0,41)
(p9,36)
(p8,21)
(q0,51)
(q6,74)
(q7,14)
(q5,19)
(q2,25)
(q8,77)
(q4,98)
(q1,30)
(r1,58)
(r4,29)
(r7,16)
(r9,54)
(r3,19)
(r5,25)
(r0,24)
(r8,50)
(r2,87)
(r6,55)
(s9,98)
(s8,14)
(s3,23)
(s1,64)
(s2,10)
(s0,37)
(s7,68)
(t4,49)
(t7,67)
(t5,52)
(t3,62)
(t6,76)
(t8,31)
(u5,78)
(u8,70)
(u2,59)
(u7,25)
(u3,77)
(u0,10)
(u9,27)
(u6,14)
(v9,71)
(v0,38)
(v7,45)
(v5,89)
(v4,78)
(v1,13)
(v8,81)
(v3,12)
(w4,56)
(w6,68)
(w7,84)
(w9,67)
(w3,33)
(w2,89)
(w5,49)
(w8,80)
(w0,38)
(x6,33)
(x2,43)
(x4,44)
(x7,53)
(x3,30)
(x1,1)
(y6,45)
(y0,10)
(y2,57)
(y8,78)
(y9,4)
(y7,76)
(y4,82)
(y5,49)
(z4,60)
(z7,95)
(z6,52)
(z5,7)
(z0,45)
(z3,66)
(z8,7)
[(a4,22)]
[(e3,4)]
Waiting...
[(l2,56)]
Waiting...
Waiting...
[(p5,15)]
[(y5,63)]
[(u0,49)]
(a4,22)
(a9,41)
(a8,59)
(a6,49)
(a5,33)
(a2,52)
(a1,42)
(b3,10)
(b4,63)
(b8,90)
(b2,26)
(b0,42)
(b1,81)
(b6,22)
(b9,7)
(b7,17)
(c5,58)
(c4,22)
(c6,2)
(c7,4)
(c3,65)
(c2,13)
(c0,52)
(c8,39)
(d9,75)
(d7,17)
(d1,25)
(d8,53)
(d4,84)
(d3,1)
(d5,55)
(d0,45)
(d2,98)
(e3,4)
(e6,62)
(e9,63)
(e7,67)
(e5,15)
(e0,73)
(e2,96)
(e4,40)
(e8,100)
(f4,42)
(f8,68)
(f2,69)
(f3,24)
(f1,83)
(g8,56)
(g1,12)
(g7,74)
(g9,21)
(g2,68)
(g4,5)
(g3,4)
(g5,24)
(h8,78)
(h4,38)
(h0,79)
(h7,15)
(h5,43)
(h6,93)
(i5,45)
(i0,27)
(i8,63)
(i1,1)
(i7,35)
(i4,23)
(i6,11)
(i3,35)
(j3,38)
(j2,62)
(j0,4)
(j8,66)
(j6,6)
(j5,100)
(j9,81)
(j1,23)
(j4,38)
(k3,75)
(k1,89)
(k6,55)
(k5,51)
(k0,50)
(k2,31)
(k7,96)
(k4,2)
(k9,69)
(l2,56)
(l9,83)
(l1,27)
(l5,58)
(l4,61)
(l0,17)
(l7,85)
(l8,54)
(m5,5)
(m2,0)
(m6,81)
(m8,77)
(m7,51)
(m4,40)
(m0,2)
(n9,28)
(n3,1)
(n8,73)
(n1,44)
(n7,70)
(n6,53)
(o5,99)
(o2,48)
(o1,48)
(o4,86)
(o8,62)
(o9,47)
(p7,50)
(p2,67)
(p5,15)
(p6,6)
(p1,12)
(p0,30)
(p9,73)
(p8,21)
(q3,41)
(q0,51)
(q6,31)
(q7,14)
(q5,19)
(q2,46)
(q8,77)
(q4,98)
(q1,30)
(r4,100)
(r7,16)
(r9,12)
(r3,53)
(r5,25)
(r0,24)
(r8,50)
(r2,87)
(r6,55)
(s9,28)
(s8,14)
(s3,23)
(s1,64)
(s2,53)
(s0,37)
(s7,74)
(t1,90)
(t4,49)
(t7,25)
(t5,52)
(t3,62)
(t6,76)
(t8,95)
(u4,74)
(u5,78)
(u8,70)
(u2,8)
(u7,25)
(u3,77)
(u0,49)
(u9,27)
(u6,14)
(v9,71)
(v0,3)
(v7,45)
(v5,89)
(v4,78)
(v1,13)
(v8,75)
(v3,12)
(w4,56)
(w6,71)
(w7,84)
(w3,33)
(w2,96)
(w5,90)
(w8,80)
(w0,38)
(x6,33)
(x2,43)
(x4,66)
(x7,53)
(x3,30)
(x1,1)
(y1,49)
(y6,45)
(y0,10)
(y2,57)
(y8,90)
(y9,7)
(y7,76)
(y4,82)
(y5,63)
(z4,60)
(z7,7)
(z5,7)
(z0,45)
(z3,66)
(z8,57)
[(o1,48)]
Waiting...
(a4,22)
(a9,41)
(a8,33)
(a6,49)
(a5,33)
(a2,52)
(a1,42)
(b3,10)
(b4,67)
(b8,90)
(b2,26)
(b1,35)
(b6,22)
(b9,26)
(b7,17)
(c4,22)
(c6,2)
(c7,4)
(c3,65)
(c2,13)
(c0,52)
(c8,39)
(d9,75)
(d7,17)
(d1,25)
(d8,53)
(d4,84)
(d3,1)
(d5,55)
(d0,45)
(d2,98)
(e3,4)
(e6,62)
(e9,63)
(e7,67)
(e5,15)
(e0,73)
(e2,96)
(e4,40)
(e8,100)
(f4,42)
(f8,68)
(f2,69)
(f3,24)
(f1,83)
(g6,33)
(g8,56)
(g1,12)
(g9,21)
(g2,68)
(g4,5)
(g3,4)
(h8,78)
(h4,38)
(h7,15)
(h5,43)
(h6,93)
(i5,45)
(i0,27)
(i8,63)
(i7,35)
(i4,23)
(i6,11)
(i3,35)
(j3,38)
(j2,62)
(j0,4)
(j8,66)
(j6,6)
(j5,100)
(j9,81)
(j1,23)
(j4,38)
(k3,75)
(k1,89)
(k6,55)
(k5,51)
(k0,50)
(k2,31)
(k7,96)
(k4,2)
(k9,69)
(l9,83)
(l1,27)
(l5,58)
(l4,61)
(l0,17)
(l7,85)
(l8,54)
(m5,5)
(m2,0)
(m6,81)
(m7,51)
(m4,40)
(m0,77)
(n2,0)
(n4,11)
(n9,28)
(n3,1)
(n8,73)
(n1,44)
(n7,70)
(n6,53)
(o5,99)
(o2,48)
(o1,48)
(o4,86)
(o8,62)
(o9,47)
(p7,50)
(p2,63)
(p5,15)
(p6,6)
(p1,12)
(p0,30)
(p9,73)
(p8,21)
(q3,41)
(q0,51)
(q6,31)
(q7,14)
(q5,19)
(q2,46)
(q8,77)
(q4,98)
(q1,30)
(r4,100)
(r7,16)
(r0,24)
(r8,50)
(r2,87)
(r6,55)
(s9,28)
(s8,29)
(s3,23)
(s1,73)
(s2,53)
(s0,37)
(s7,74)
(t1,90)
(t4,49)
(t5,52)
(t3,62)
(t6,76)
(t8,95)
(u4,74)
(u5,78)
(u8,70)
(u2,8)
(u7,25)
(u3,77)
(u9,27)
(u6,14)
(v9,71)
(v0,3)
(v7,45)
(v5,89)
(v4,49)
(v1,13)
(v8,75)
(v3,12)
(w4,56)
(w6,71)
(w7,9)
(w3,33)
(w2,96)
(w5,90)
(w8,80)
(w0,38)
(x6,33)
(x2,43)
(x4,66)
(x7,53)
(x3,30)
(x1,1)
(y1,49)
(y6,45)
(y0,10)
(y2,57)
(y8,90)
(y9,7)
(y7,76)
(y4,9)
(y5,63)
(z4,60)
(z5,7)
(z0,45)
(z3,66)
[(e2,96)]
[(k1,89)]
(a4,22)
(a9,41)
(a8,33)
(a6,49)
(a5,33)
(a2,52)
(a1,62)
(b3,10)
(b4,67)
(b8,90)
(b2,26)
(b1,35)
(b6,22)
(b9,26)
(b7,17)
(c4,22)
(c6,2)
(c7,4)
(c3,65)
(c2,13)
(c0,52)
(c8,39)
(d9,75)
(d7,17)
(d1,25)
(d8,53)
(d4,84)
(d5,55)
(d0,45)
(d2,98)
(e6,62)
(e9,63)
(e7,27)
(e5,15)
(e0,73)
(e2,96)
(e4,40)
(e8,56)
(f7,76)
(f4,42)
(f8,68)
(f2,69)
(f3,24)
(f1,71)
(g5,15)
(g6,33)
(g8,56)
(g1,12)
(g9,21)
(g2,68)
(g4,5)
(g3,4)
(h8,78)
(h4,38)
(h7,15)
(h5,43)
(h6,93)
(i5,45)
(i0,27)
(i8,63)
(i7,33)
(i4,23)
(i6,11)
(i3,35)
(j3,38)
(j2,62)
(j0,4)
(j8,66)
(j6,6)
(j5,100)
(j9,81)
(j1,23)
(j4,38)
(k3,75)
(k1,89)
(k6,55)
(k5,51)
(k0,50)
(k2,31)
(k7,96)
(k4,2)
(k9,69)
(l9,83)
(l1,27)
(l5,58)
(l4,61)
(l0,17)
(l7,85)
(l8,54)
(m5,5)
(m2,0)
(m6,81)
(m7,51)
(m4,40)
(m0,77)
(n2,0)
(n4,11)
(n9,28)
(n3,1)
(n8,73)
(n1,44)
(n7,70)
(n6,53)
(o5,99)
(o2,48)
(o1,48)
(o4,86)
(o8,62)
(o9,47)
(p7,50)
(p2,63)
(p5,15)
(p6,6)
(p1,12)
(p0,30)
(p9,73)
(p8,21)
(q3,41)
(q0,51)
(q6,31)
(q7,14)
(q5,19)
(q2,46)
(q8,77)
(q4,98)
(q1,30)
(r4,100)
(r7,16)
(r0,24)
(r8,50)
(r2,87)
(r6,55)
(s9,28)
(s8,29)
(s3,23)
(s1,73)
(s2,53)
(s0,37)
(s7,74)
(t1,90)
(t4,49)
(t5,52)
(t3,62)
(t6,76)
(t8,95)
(u4,74)
(u5,78)
(u8,70)
(u2,8)
(u7,25)
(u3,77)
(u9,27)
(u6,14)
(v9,71)
(v0,3)
(v7,45)
(v5,89)
(v4,49)
(v1,13)
(v8,75)
(v3,12)
(w4,56)
(w6,71)
(w7,9)
(w3,33)
(w2,96)
(w5,90)
(w8,80)
(w0,38)
(x6,33)
(x2,45)
(x4,66)
(x7,53)
(x3,30)
(x1,1)
(y1,49)
(y6,45)
(y0,10)
(y2,23)
(y8,90)
(y9,7)
(y7,76)
(y4,9)
(y5,63)
(z4,60)
(z5,7)
(z0,45)
(z3,66)
(a4,22)
(a9,41)
(a6,49)
(a5,33)
(a2,52)
(a1,62)
(b3,10)
(b4,67)
(b8,90)
(b2,26)
(b1,35)
(b6,22)
(b9,26)
(b7,17)
(c4,22)
(c6,2)
(c7,4)
(c3,65)
(c2,13)
(c0,52)
(c8,39)
(d9,75)
(d7,17)
(d1,25)
(d8,53)
(d4,84)
(d5,55)
(d0,45)
(d2,98)
(e6,62)
(e9,63)
(e7,27)
(e5,15)
(e0,73)
(e2,96)
(e4,40)
(e8,56)
(f7,76)
(f8,68)
(f2,69)
(f3,24)
(f1,71)
(g5,15)
(g6,33)
(g8,56)
(g1,12)
(g9,21)
(g2,68)
(g4,5)
(g3,4)
(h8,78)
(h4,38)
(h7,15)
(h5,43)
(h6,93)
(i5,45)
(i0,27)
(i8,63)
(i7,33)
(i4,23)
(i6,11)
(i3,35)
(j3,38)
(j2,62)
(j0,4)
(j6,6)
(j5,100)
(j9,81)
(j1,23)
(j4,38)
(k3,75)
(k1,89)
(k5,51)
(k0,50)
(k2,31)
(k7,96)
(k4,2)
(k9,69)
(l9,83)
(l1,27)
(l5,58)
(l4,61)
(l0,17)
(l8,54)
(m5,5)
(m2,0)
(m6,81)
(m7,51)
(m4,40)
(m0,77)
(n2,0)
(n4,11)
(n9,28)
(n3,1)
(n8,73)
(n1,44)
(n7,70)
(n6,53)
(o2,48)
(o1,48)
(o4,86)
(o8,62)
(o9,47)
(p7,50)
(p2,63)
(p5,15)
(p6,6)
(p1,12)
(p0,30)
(p9,73)
(p8,21)
(q3,41)
(q0,51)
(q6,31)
(q7,14)
(q5,19)
(q8,77)
(q4,98)
(q1,30)
(r4,100)
(r7,16)
(r0,24)
(r8,50)
(r2,87)
(r6,55)
(s9,28)
(s3,23)
(s1,73)
(s2,53)
(s0,37)
(s7,74)
(t1,90)
(t4,49)
(t5,52)
(t3,62)
(t6,76)
(t8,95)
(u4,74)
(u5,78)
(u8,70)
(u2,8)
(u7,25)
(u3,77)
(u9,27)
(u6,14)
(v9,71)
(v0,3)
(v7,45)
(v5,89)
(v4,49)
(v1,13)
(v8,75)
(v3,12)
(w4,56)
(w6,71)
(w7,9)
(w3,33)
(w2,96)
(w5,90)
(w8,80)
(w0,38)
(x6,33)
(x2,45)
(x4,66)
(x7,53)
(x3,30)
(x1,1)
(y1,49)
(y6,45)
(y0,10)
(y2,23)
(y8,90)
(y9,7)
(y4,9)
(y5,63)
(z2,96)
(z4,60)
(z0,45)
(z3,66)
[(w2,96)]
(a4,22)
(a9,41)
(a6,49)
(a5,33)
(a2,52)
(a1,62)
(b3,10)
(b4,67)
(b8,90)
(b2,54)
(b1,35)
(b6,22)
(b9,26)
(b7,17)
(c4,22)
(c6,2)
(c7,4)
(c3,65)
(c2,13)
(c0,52)
(c8,39)
(d9,75)
(d7,17)
(d1,25)
(d8,53)
(d4,84)
(d5,55)
(d2,98)
(e6,62)
(e9,63)
(e5,15)
(e0,73)
(e2,96)
(e4,40)
(e8,56)
(f7,76)
(f8,68)
(f2,69)
(f3,24)
(f1,71)
(g5,15)
(g6,33)
(g8,56)
(g1,12)
(g9,21)
(g2,68)
(g4,5)
(g3,4)
(h8,78)
(h4,38)
(h7,15)
(h5,43)
(h6,93)
(i5,45)
(i0,27)
(i8,63)
(i7,33)
(i4,23)
(i6,11)
(i3,35)
(j7,6)
(j3,38)
(j2,62)
(j6,6)
(j5,100)
(j9,81)
(j1,23)
(j4,38)
(k3,20)
(k1,89)
(k5,51)
(k0,77)
(k2,31)
(k7,96)
(k4,2)
(k9,69)
(l9,83)
(l1,27)
(l5,58)
(l4,61)
(l0,17)
(l8,54)
(m8,39)
(m5,5)
(m2,0)
(m6,81)
(m7,51)
(m4,40)
(m0,77)
(n2,0)
(n4,11)
(n9,28)
(n3,1)
(n8,73)
(n1,44)
(n7,70)
(n6,53)
(o2,48)
(o1,48)
(o4,86)
(o8,62)
(o9,47)
(p7,50)
(p2,63)
(p5,15)
(p6,6)
(p1,12)
(p0,30)
(p9,73)
(p8,21)
(q3,41)
(q0,51)
(q6,31)
(q7,14)
(q5,19)
(q8,77)
(q4,98)
(q1,30)
(r4,100)
(r7,16)
(r0,24)
(r8,50)
(r2,87)
(r6,55)
(s9,28)
(s3,23)
(s1,73)
(s2,53)
(s0,37)
(s7,74)
(t2,93)
(t1,90)
(t4,49)
(t5,52)
(t3,62)
(t6,76)
(t8,95)
(u4,74)
(u5,78)
(u8,70)
(u2,8)
(u7,25)
(u3,77)
(u9,27)
(u6,14)
(v9,71)
(v0,3)
(v7,45)
(v5,89)
(v4,49)
(v1,13)
(v8,75)
(v3,12)
(w4,56)
(w6,71)
(w7,9)
(w3,33)
(w2,96)
(w5,90)
(w8,80)
(w0,38)
(x6,33)
(x2,45)
(x4,66)
(x7,53)
(x3,30)
(x1,1)
(y1,49)
(y6,35)
(y0,10)
(y2,23)
(y8,90)
(y9,7)
(y4,9)
(y5,63)
(z2,96)
(z4,60)
(z0,45)
(z3,66)
[(p0,30)]
[(y6,35)]
