Waiting...
[(t3,43)]
[(n2,37)]
Waiting...
[(a2,97)]
[(t3,43)]
[(t7,25)]
[(a2,97)]
[(y6,31)]
[(t7,25)]
[(j0,7)]
[(k1,28)]
[(d9,54)]
[(y3,4)]
[(k1,28)]
[(j5,81)]
[(n2,37)]
[(q5,35)]
Waiting...
[(t4,84)]
(a0,70)
(a7,34)
(a3,0)
(a9,89)
(a1,62)
(a4,58)
(a6,97)
(b2,0)
(b1,94)
(b0,9)
(b6,80)
(b4,2)
(b5,42)
(b9,22)
(c4,36)
(c6,93)
(c2,32)
(c9,67)
(d6,60)
(d0,19)
(d7,72)
(d3,36)
(d2,57)
(d1,76)
(e2,54)
(e7,65)
(e5,47)
(e4,49)
(e9,4)
(e8,23)
(e3,79)
(f5,74)
(f9,85)
(f4,60)
(f3,83)
(f6,7)
(f2,55)
(g4,16)
(g7,52)
(g1,45)
(g6,47)
(g2,4)
(g0,18)
(g3,39)
(h8,5)
(h4,2)
(h9,83)
(h5,80)
(h2,99)
(h1,23)
(i2,33)
(i6,77)
(i1,18)
(i7,58)
(i3,86)
(i5,40)
(i0,13)
(j0,7)
(j4,63)
(j8,60)
(j5,81)
(j9,44)
(j3,52)
(j2,42)
(k1,28)
(k3,96)
(k4,68)
(k6,51)
(k5,13)
(k7,2)
(k2,65)
(l5,15)
(l2,3)
(l3,44)
(l0,7)
(l6,63)
(l8,22)
(l1,60)
(l4,8)
(m0,70)
(m7,56)
(m2,53)
(m1,66)
(m6,87)
(m8,9)
(n2,37)
(n1,85)
(n7,3)
(n4,49)
(n9,65)
(n5,91)
(n8,16)
(n6,44)
(n0,18)
(o4,45)
(o9,3)
(o1,32)
(o6,19)
(o5,35)
(o3,61)
(p6,69)
(p4,100)
(p1,0)
(p3,32)
(p9,44)
(q0,89)
(q1,88)
(q6,34)
(q7,71)
(q3,51)
(q9,94)
(q8,45)
(q5,35)
(r4,16)
(r7,57)
(r1,3)
(r6,65)
(r5,24)
(r8,38)
(r3,60)
(r2,71)
(r0,35)
(s9,54)
(s8,99)
(s2,73)
(s4,7)
(s6,47)
(s7,4)
(t4,84)
(t7,25)
(t8,94)
(t5,98)
(t2,61)
(t9,1)
(t1,0)
(u3,91)
(u2,44)
(u9,92)
(u7,17)
(u1,85)
(u4,14)
(v1,63)
(v0,33)
(v9,67)
(v3,94)
(v6,4)
(v7,100)
(v5,0)
(v4,9)
(w2,12)
(w0,47)
(w5,42)
(w3,81)
(w6,36)
(w9,35)
(w7,57)
(w1,81)
(w8,22)
(x9,23)
(x4,11)
(x5,50)
(x7,81)
(x1,77)
(x6,18)
(x3,83)
(y7,91)
(y1,78)
(y9,47)
(y8,18)
(y2,91)
(y0,45)
(y3,4)
(z1,37)
(z4,25)
(z3,74)
(z9,49)
(z0,55)
Waiting...
Waiting...
[(e2,54)]
[(a0,70)]
(a0,70)
(a7,34)
(a3,0)
(a9,89)
(a1,62)
(a4,58)
(a6,97)
(b2,0)
(b1,94)
(b0,9)
(b6,80)
(b4,2)
(b5,42)
(b9,22)
(c4,36)
(c6,93)
(c2,32)
(c9,67)
(d6,60)
(d0,19)
(d7,72)
(d3,36)
(d2,57)
(d1,76)
(e2,54)
(e7,65)
(e5,47)
(e4,49)
(e9,4)
(e8,23)
(e3,79)
(f5,74)
(f9,85)
(f4,60)
(f3,83)
(f6,7)
(f2,55)
(g5,83)
(g4,16)
(g7,52)
(g1,45)
(g6,47)
(g2,4)
(g0,18)
(g3,39)
(h8,5)
(h4,2)
(h9,83)
(h5,80)
(h2,99)
(h1,23)
(i8,58)
(i2,33)
(i6,77)
(i1,18)
(i7,58)
(i3,86)
(i5,40)
(i0,13)
(j0,7)
(j4,63)
(j8,60)
(j5,81)
(j9,44)
(j3,52)
(j2,42)
(k8,15)
(k1,28)
(k3,96)
(k4,3)
(k6,51)
(k5,13)
(k7,2)
(k2,65)
(l5,15)
(l2,3)
(l3,44)
(l0,7)
(l6,63)
(l8,22)
(l1,60)
(l4,8)
(m0,70)
(m7,56)
(m2,53)
(m1,66)
(m6,87)
(m8,9)
(n2,37)
(n1,85)
(n7,3)
(n4,49)
(n9,65)
(n5,91)
(n8,16)
(n6,44)
(n0,18)
(o4,45)
(o9,3)
(o1,32)
(o6,19)
(o5,35)
(o3,61)
(p7,49)
(p0,77)
(p6,69)
(p4,100)
(p1,0)
(p3,32)
(p9,44)
(q0,89)
(q1,88)
(q6,34)
(q7,71)
(q3,51)
(q8,45)
(q5,35)
(r4,16)
(r7,57)
(r1,3)
(r6,65)
(r5,24)
(r8,38)
(r3,60)
(r2,71)
(r0,35)
(s9,54)
(s8,99)
(s2,73)
(s4,7)
(s6,47)
(s7,4)
(t4,84)
(t7,25)
(t8,94)
(t5,98)
(t2,61)
(t9,1)
(t1,0)
(u0,43)
(u6,54)
(u3,91)
(u2,44)
(u9,19)
(u7,17)
(u1,85)
(u4,14)
(v1,63)
(v0,33)
(v9,67)
(v3,94)
(v6,4)
(v7,100)
(v5,0)
(v4,9)
(w2,12)
(w0,47)
(w5,42)
(w3,81)
(w6,36)
(w9,35)
(w7,57)
(w1,81)
(w8,22)
(x8,44)
(x9,23)
(x4,11)
(x5,50)
(x7,55)
(x1,77)
(x6,18)
(x3,36)
(y7,91)
(y1,78)
(y9,47)
(y8,59)
(y2,91)
(y0,45)
(y3,4)
(z7,53)
(z1,37)
(z4,25)
(z3,74)
(z9,49)
(z0,55)
[(u1,85)]
[(v1,63)]
[(t2,61)]
[(k8,15)]
[(p8,28)]
