[(q2,31)]
(a0,27)
(a8,47)
(a3,6)
(a7,55)
(a4,80)
(a9,76)
(a6,56)
(a5,66)
(a2,58)
(a1,42)
(b9,49)
(b3,34)
(b1,36)
(b6,12)
(b5,45)
(b0,82)
(b8,72)
(b2,51)
(b7,50)
(c8,12)
(c1,19)
(c5,96)
(c7,43)
(c9,73)
(c4,23)
(d0,40)
(d7,56)
(d3,54)
(d2,55)
(d6,67)
(d9,13)
(d4,30)
(d5,0)
(e6,89)
(e3,9)
(e1,55)
(e2,75)
(e7,69)
(e9,68)
(e5,15)
(e0,10)
(e4,54)
(f6,61)
(f4,16)
(f9,12)
(f5,16)
(f7,7)
(f8,74)
(f2,40)
(f3,19)
(f1,58)
(g8,13)
(g5,0)
(g6,45)
(g1,92)
(g7,97)
(g9,80)
(g2,6)
(g4,90)
(g3,0)
(h3,6)
(h5,81)
(h0,94)
(h1,79)
(h7,31)
(h6,33)
(i9,84)
(i0,77)
(i2,19)
(i6,1)
(j8,30)
(j4,8)
(j0,86)
(j2,30)
(j5,11)
(k3,12)
(k4,88)
(k9,83)
(k6,51)
(k5,98)
(k8,51)
(k2,17)
(l7,6)
(l3,33)
(l2,13)
(l9,39)
(l1,72)
(l5,65)
(m6,13)
(m1,36)
(m7,4)
(m8,42)
(m5,70)
(m2,37)
(n2,61)
(n5,20)
(n9,87)
(n8,13)
(n4,23)
(n0,42)
(n7,70)
(o0,30)
(o3,90)
(o7,70)
(o4,8)
(o2,11)
(o5,85)
(o1,56)
(o8,29)
(p2,31)
(p4,36)
(p5,97)
(p7,88)
(p9,69)
(p3,88)
(p6,86)
(p0,79)
(p8,94)
(q0,28)
(q5,25)
(q2,31)
(q3,100)
(q6,90)
(q4,91)
(q1,25)
(r1,76)
(r2,92)
(r7,53)
(r0,89)
(s2,5)
(s6,38)
(s7,96)
(s8,56)
(s5,56)
(s3,47)
(s1,32)
(t7,24)
(t9,60)
(t5,70)
(t1,59)
(t4,64)
(t6,84)
(t8,51)
(u7,78)
(u0,1)
(u6,35)
(u1,53)
(u4,98)
(u5,7)
(u2,24)
(u3,83)
(v4,44)
(v6,31)
(v9,69)
(v0,15)
(v5,91)
(v1,74)
(v3,94)
(w3,76)
(w8,30)
(w0,37)
(w5,51)
(w4,56)
(w6,89)
(w7,87)
(w2,77)
(x7,19)
(x4,18)
(x9,86)
(x5,30)
(x0,3)
(x6,70)
(x2,85)
(x3,66)
(x1,52)
(y9,75)
(y0,66)
(y3,70)
(y7,9)
(y1,60)
(y6,35)
(y2,82)
(y8,86)
(z8,48)
(z6,0)
(z2,90)
(z1,96)
(z0,45)
[(y8,72)]
[(q2,31)]
[(y8,72)]
[(e4,9)]
Waiting...
[(e4,9)]
[(y1,52)]
[(e2,31)]
[(p5,6)]
[(b9,34)]
(a0,27)
(a8,47)
(a3,6)
(a7,55)
(a4,80)
(a9,76)
(a5,66)
(a2,58)
(a1,42)
(b9,34)
(b3,34)
(b1,36)
(b6,12)
(b5,45)
(b0,82)
(b8,20)
(b2,51)
(b7,50)
(c8,51)
(c1,19)
(c5,1)
(c7,43)
(c9,73)
(c4,23)
(d0,40)
(d7,56)
(d3,54)
(d2,55)
(d6,67)
(d9,13)
(d4,30)
(d5,0)
(e6,89)
(e3,9)
(e1,55)
(e2,31)
(e7,69)
(e9,68)
(e5,15)
(e0,10)
(f6,61)
(f4,6)
(f9,81)
(f5,16)
(f7,7)
(f8,74)
(f2,40)
(f3,19)
(f1,58)
(g5,0)
(g6,45)
(g1,92)
(g7,97)
(g9,80)
(g2,6)
(g4,49)
(g3,0)
(h3,6)
(h5,81)
(h0,94)
(h1,79)
(h7,31)
(h6,33)
(i8,76)
(i9,84)
(i0,77)
(i2,21)
(i6,1)
(j7,58)
(j8,30)
(j4,8)
(j0,86)
(j2,30)
(j5,62)
(k3,12)
(k4,88)
(k9,83)
(k6,51)
(k5,98)
(k8,51)
(k2,17)
(l7,6)
(l3,33)
(l2,13)
(l9,39)
(l1,72)
(l5,65)
(m6,13)
(m1,36)
(m7,4)
(m8,42)
(m5,70)
(m2,37)
(n2,61)
(n5,20)
(n9,87)
(n8,13)
(n4,23)
(n0,42)
(n7,70)
(o0,30)
(o3,90)
(o7,70)
(o4,8)
(o2,11)
(o5,26)
(o1,56)
(o8,29)
(p2,31)
(p4,36)
(p5,6)
(p7,88)
(p9,69)
(p3,88)
(p6,86)
(p0,79)
(p8,94)
(q0,43)
(q9,66)
(q5,25)
(q2,31)
(q3,100)
(q6,90)
(q4,91)
(q1,25)
(r1,76)
(r2,92)
(r7,53)
(r0,89)
(s0,77)
(s2,5)
(s6,38)
(s7,96)
(s8,56)
(s5,56)
(s3,47)
(s1,32)
(t7,24)
(t9,60)
(t5,70)
(t1,59)
(t4,64)
(t6,54)
(t8,46)
(u7,29)
(u0,1)
(u6,35)
(u1,41)
(u4,98)
(u5,7)
(u2,24)
(v4,44)
(v6,31)
(v9,50)
(v0,15)
(v5,48)
(v1,74)
(v3,94)
(w3,76)
(w8,30)
(w0,37)
(w5,51)
(w4,56)
(w6,89)
(w7,87)
(w2,77)
(x4,79)
(x9,86)
(x5,30)
(x0,3)
(x6,89)
(x2,85)
(x3,66)
(y9,75)
(y0,66)
(y3,70)
(y7,9)
(y1,52)
(y6,35)
(y2,82)
(y8,72)
(z8,48)
(z6,46)
(z2,90)
(z0,45)
(a0,27)
(a8,47)
(a3,6)
(a7,55)
(a4,80)
(a9,76)
(a5,66)
(a2,58)
(a1,42)
(b9,34)
(b3,34)
(b1,36)
(b6,12)
(b5,45)
(b0,82)
(b8,20)
(b2,51)
(b7,50)
(c8,51)
(c1,19)
(c7,43)
(c9,73)
(c4,23)
(d0,40)
(d7,56)
(d3,54)
(d2,55)
(d6,67)
(d9,13)
(d4,28)
(d5,0)
(e6,89)
(e3,9)
(e1,55)
(e2,31)
(e7,69)
(e9,68)
(e5,15)
(e0,10)
(f6,61)
(f4,6)
(f9,81)
(f5,16)
(f7,7)
(f8,24)
(f2,40)
(f3,19)
(f1,58)
(g5,0)
(g6,45)
(g1,76)
(g7,97)
(g9,80)
(g2,6)
(g4,49)
(g3,0)
(h3,6)
(h5,81)
(h0,94)
(h1,79)
(h7,31)
(h6,33)
(i8,76)
(i9,84)
(i0,77)
(i2,21)
(i6,1)
(j7,58)
(j8,30)
(j4,8)
(j0,86)
(j2,30)
(j5,62)
(k3,12)
(k4,88)
(k9,25)
(k6,51)
(k5,98)
(k8,51)
(k2,17)
(l4,54)
(l7,6)
(l3,20)
(l2,13)
(l9,39)
(l1,72)
(l5,96)
(m4,63)
(m6,13)
(m1,36)
(m7,4)
(m8,42)
(m5,70)
(m2,37)
(n2,61)
(n5,20)
(n9,87)
(n8,9)
(n4,23)
(n0,42)
(n7,70)
(o0,30)
(o3,90)
(o7,70)
(o4,8)
(o2,11)
(o5,26)
(o1,56)
(o8,29)
(p2,81)
(p4,36)
(p5,6)
(p7,88)
(p9,69)
(p3,88)
(p6,86)
(p0,79)
(p8,94)
(q0,43)
(q9,66)
(q5,25)
(q2,31)
(q3,100)
(q6,90)
(q4,91)
(q1,25)
(r1,76)
(r2,92)
(r7,53)
(r0,89)
(s0,77)
(s2,5)
(s6,38)
(s7,96)
(s8,56)
(s5,56)
(s3,47)
(s1,32)
(t7,24)
(t9,60)
(t5,70)
(t1,59)
(t4,77)
(t6,54)
(t8,46)
(u7,29)
(u0,1)
(u6,35)
(u1,41)
(u4,98)
(u5,19)
(u2,24)
(v8,63)
(v4,44)
(v6,31)
(v9,50)
(v0,8)
(v5,48)
(v1,74)
(v3,94)
(w3,76)
(w8,30)
(w0,37)
(w5,51)
(w4,56)
(w6,89)
(w7,87)
(w2,77)
(x4,79)
(x9,86)
(x5,30)
(x0,3)
(x6,89)
(x2,85)
(x3,66)
(y9,75)
(y0,66)
(y3,70)
(y7,9)
(y1,52)
(y6,35)
(z8,48)
(z6,46)
(z2,90)
(z0,45)
[(v8,63)]
[(t4,77)]
[(q2,31)]
(a0,27)
(a8,47)
(a3,6)
(a7,55)
(a4,80)
(a9,76)
(a5,66)
(a2,58)
(a1,42)
(b9,34)
(b3,34)
(b1,36)
(b6,12)
(b5,45)
(b0,82)
(b8,20)
(b2,51)
(b7,50)
(c8,51)
(c1,19)
(c7,43)
(c9,73)
(c4,23)
(d0,40)
(d7,7)
(d3,54)
(d2,55)
(d6,67)
(d9,13)
(d4,28)
(d5,0)
(e6,89)
(e3,9)
(e1,55)
(e2,31)
(e7,69)
(e9,68)
(e5,15)
(e0,10)
(f6,61)
(f4,6)
(f9,81)
(f5,16)
(f7,7)
(f8,24)
(f2,40)
(f3,19)
(f1,67)
(g5,0)
(g6,45)
(g1,76)
(g7,97)
(g9,80)
(g2,6)
(g4,49)
(g3,0)
(h3,6)
(h5,81)
(h0,94)
(h1,79)
(h7,31)
(h6,33)
(i8,76)
(i9,84)
(i0,77)
(i2,21)
(i6,1)
(j7,58)
(j8,30)
(j4,8)
(j0,86)
(j2,30)
(j5,62)
(k3,12)
(k4,88)
(k9,25)
(k6,51)
(k5,98)
(k8,51)
(k2,17)
(l4,54)
(l7,6)
(l3,20)
(l2,13)
(l9,16)
(l1,72)
(l5,96)
(m4,63)
(m6,13)
(m1,36)
(m7,4)
(m8,42)
(m5,70)
(m2,37)
(n6,41)
(n2,61)
(n5,20)
(n9,87)
(n8,9)
(n4,23)
(n0,42)
(n7,70)
(o0,30)
(o3,90)
(o7,70)
(o4,8)
(o2,38)
(o5,26)
(o1,56)
(o8,29)
(p2,81)
(p4,99)
(p5,6)
(p7,88)
(p9,73)
(p3,88)
(p6,86)
(p0,79)
(p8,94)
(q0,43)
(q9,66)
(q5,25)
(q2,31)
(q3,100)
(q6,90)
(q4,91)
(q1,25)
(r1,76)
(r2,92)
(r7,53)
(r0,89)
(s0,77)
(s2,5)
(s6,38)
(s7,96)
(s8,56)
(s5,56)
(s3,47)
(s1,32)
(t7,24)
(t9,60)
(t5,70)
(t1,59)
(t4,77)
(t6,54)
(t8,46)
(u7,29)
(u0,1)
(u6,35)
(u1,41)
(u4,98)
(u5,19)
(u2,24)
(v8,63)
(v4,44)
(v6,31)
(v9,50)
(v0,8)
(v5,48)
(v1,74)
(v3,94)
(w3,76)
(w8,30)
(w0,37)
(w5,51)
(w4,56)
(w6,89)
(w7,87)
(w2,77)
(x4,79)
(x9,86)
(x5,30)
(x0,3)
(x6,89)
(x2,85)
(x3,66)
(y4,51)
(y9,75)
(y0,66)
(y3,70)
(y7,9)
(y1,52)
(y6,35)
(z8,48)
(z6,46)
(z2,90)
(z0,45)
