[(l9,62)]
[(o7,66)]
(a3,79)
(a2,59)
(a0,38)
(a5,22)
(a6,97)
(a4,96)
(a7,17)
(b4,37)
(b9,82)
(b3,48)
(b0,5)
(b8,30)
(b1,38)
(c9,87)
(c5,83)
(c8,69)
(c2,81)
(c0,1)
(c6,14)
(c7,23)
(d4,60)
(d7,80)
(d6,43)
(d2,86)
(d3,83)
(d9,82)
(d1,57)
(d8,73)
(d0,40)
(e2,2)
(e5,46)
(e0,81)
(e6,10)
(e3,1)
(e1,96)
(e7,81)
(e4,66)
(e8,27)
(f8,24)
(f9,54)
(f2,93)
(f0,67)
(f1,38)
(f5,32)
(f7,61)
(f4,43)
(f3,48)
(g2,76)
(g9,23)
(g5,34)
(g4,77)
(g7,91)
(g1,41)
(g6,48)
(g3,24)
(h2,54)
(h6,75)
(h3,19)
(h7,47)
(h5,17)
(h0,58)
(h8,25)
(h4,1)
(h1,89)
(i3,38)
(i8,84)
(i9,2)
(i4,12)
(i1,10)
(i7,0)
(i5,9)
(i0,32)
(j7,14)
(j8,68)
(j5,45)
(j0,77)
(j6,98)
(j1,17)
(j4,56)
(j2,28)
(k7,81)
(k9,99)
(k5,75)
(k3,13)
(k0,34)
(k1,15)
(k4,46)
(k6,94)
(l5,98)
(l1,11)
(l3,10)
(l6,100)
(l9,62)
(l0,73)
(l2,70)
(l8,36)
(l4,88)
(m9,83)
(m8,84)
(m7,81)
(m4,6)
(m3,94)
(m0,20)
(m6,88)
(n9,18)
(n0,24)
(n4,54)
(n2,89)
(n3,83)
(n1,30)
(n7,27)
(n5,8)
(n6,88)
(o9,91)
(o1,68)
(o3,85)
(o0,4)
(o8,84)
(o6,3)
(o2,55)
(o7,66)
(o5,25)
(p5,6)
(p9,71)
(p4,24)
(p7,62)
(p6,95)
(p8,74)
(p2,81)
(p1,5)
(p3,34)
(q4,22)
(q5,79)
(q1,80)
(q6,58)
(q2,59)
(q9,0)
(q0,55)
(q3,28)
(r8,51)
(r4,92)
(r7,88)
(r1,44)
(r3,29)
(r6,48)
(r2,64)
(r0,0)
(s0,11)
(s3,70)
(s1,10)
(s9,94)
(s8,99)
(s6,61)
(s7,94)
(t8,11)
(t1,20)
(t2,25)
(t0,67)
(t7,93)
(t5,71)
(u7,74)
(u0,44)
(u2,57)
(u5,9)
(u1,1)
(u8,78)
(u6,26)
(u3,74)
(v3,11)
(v1,9)
(v2,4)
(v6,67)
(v9,19)
(v7,94)
(v0,30)
(v8,1)
(v5,19)
(w0,67)
(w1,91)
(w2,75)
(w8,14)
(w7,5)
(w6,54)
(w5,67)
(w4,78)
(w3,78)
(w9,82)
(x3,56)
(x6,67)
(x9,27)
(x7,93)
(x8,97)
(x2,19)
(x0,28)
(x4,21)
(x5,42)
(y9,41)
(y4,61)
(y3,94)
(y2,40)
(y1,42)
(y8,70)
(y5,77)
(y6,36)
(y7,49)
(y0,92)
(z0,12)
(z2,95)
(z7,79)
(z3,30)
(z5,7)
(z1,56)
(z4,27)
(a3,79)
(a2,59)
(a0,33)
(a5,22)
(a6,97)
(a4,96)
(a7,17)
(b4,37)
(b9,82)
(b3,48)
(b0,5)
(b8,30)
(b1,38)
(c9,87)
(c5,83)
(c8,69)
(c2,81)
(c0,1)
(c6,14)
(c7,23)
(d4,60)
(d7,80)
(d6,43)
(d2,86)
(d3,83)
(d9,82)
(d1,57)
(d8,73)
(d0,40)
(e2,2)
(e5,46)
(e0,81)
(e6,10)
(e3,1)
(e1,96)
(e7,81)
(e4,66)
(e8,27)
(f8,24)
(f9,54)
(f2,93)
(f0,67)
(f1,38)
(f5,32)
(f7,61)
(f4,43)
(f3,48)
(g2,76)
(g9,23)
(g5,34)
(g4,77)
(g7,91)
(g1,41)
(g6,48)
(g3,24)
(h2,54)
(h6,75)
(h3,19)
(h7,47)
(h5,17)
(h0,58)
(h8,25)
(h4,1)
(h1,89)
(i3,38)
(i8,84)
(i9,2)
(i4,12)
(i1,10)
(i7,0)
(i5,9)
(i0,32)
(j9,1)
(j7,14)
(j8,68)
(j5,45)
(j0,77)
(j6,98)
(j1,17)
(j4,56)
(j2,28)
(k7,81)
(k9,99)
(k5,75)
(k3,13)
(k0,34)
(k1,15)
(k4,46)
(k6,94)
(l5,98)
(l1,11)
(l3,10)
(l6,100)
(l9,62)
(l0,73)
(l2,70)
(l8,36)
(l4,88)
(m9,83)
(m8,84)
(m7,81)
(m4,6)
(m3,94)
(m0,20)
(m6,88)
(n9,18)
(n0,24)
(n4,54)
(n2,89)
(n3,83)
(n1,30)
(n7,27)
(n5,8)
(n6,88)
(o9,91)
(o1,68)
(o3,85)
(o0,4)
(o8,84)
(o6,3)
(o2,55)
(o7,66)
(o5,25)
(p5,6)
(p9,71)
(p4,24)
(p7,62)
(p6,95)
(p8,74)
(p2,81)
(p1,5)
(p3,34)
(q4,22)
(q5,79)
(q1,80)
(q6,58)
(q2,59)
(q9,0)
(q0,55)
(q3,28)
(r8,51)
(r4,92)
(r7,88)
(r1,44)
(r3,29)
(r6,7)
(r2,64)
(r0,0)
(s0,11)
(s3,49)
(s1,10)
(s9,94)
(s8,99)
(s6,61)
(s7,94)
(t8,11)
(t1,20)
(t2,25)
(t0,67)
(t7,93)
(t5,71)
(u7,74)
(u0,44)
(u2,57)
(u5,9)
(u1,1)
(u8,78)
(u6,26)
(u3,91)
(v3,43)
(v1,9)
(v2,4)
(v6,67)
(v9,19)
(v7,94)
(v0,30)
(v8,1)
(v5,19)
(w0,67)
(w1,91)
(w2,75)
(w8,14)
(w7,5)
(w6,54)
(w5,67)
(w4,78)
(w3,78)
(w9,82)
(x3,56)
(x6,67)
(x9,27)
(x7,93)
(x8,97)
(x2,19)
(x0,28)
(x4,21)
(x5,42)
(y9,41)
(y4,61)
(y3,94)
(y2,40)
(y1,42)
(y8,70)
(y5,77)
(y6,36)
(y7,49)
(y0,92)
(z0,12)
(z2,95)
(z7,79)
(z3,30)
(z5,7)
(z1,56)
(z4,27)
[(o2,55)]
[(o1,59)]
(a9,28)
(a3,79)
(a2,59)
(a0,33)
(a5,22)
(a6,97)
(a4,48)
(a7,17)
(b4,37)
(b9,82)
(b3,48)
(b0,5)
(b8,30)
(b1,38)
(c9,87)
(c5,83)
(c8,69)
(c2,81)
(c0,1)
(c6,14)
(c7,23)
(d4,60)
(d7,80)
(d6,43)
(d2,86)
(d3,83)
(d9,82)
(d1,57)
(d8,58)
(d0,40)
(e2,2)
(e5,64)
(e0,65)
(e6,10)
(e3,1)
(e1,96)
(e7,81)
(e4,66)
(e8,27)
(f8,24)
(f9,54)
(f2,93)
(f0,67)
(f1,38)
(f5,32)
(f7,61)
(f4,43)
(f3,48)
(g2,76)
(g9,23)
(g5,34)
(g4,77)
(g7,91)
(g1,41)
(g6,48)
(g3,24)
(h2,54)
(h6,75)
(h3,19)
(h7,47)
(h5,17)
(h0,58)
(h8,25)
(h4,1)
(h1,89)
(i3,38)
(i8,84)
(i9,2)
(i4,12)
(i1,10)
(i7,0)
(i5,9)
(i0,32)
(j9,1)
(j7,14)
(j8,68)
(j5,45)
(j0,77)
(j6,98)
(j1,17)
(j4,56)
(j2,28)
(k7,81)
(k9,99)
(k5,75)
(k3,13)
(k0,34)
(k1,15)
(k4,46)
(k6,94)
(l5,98)
(l1,11)
(l3,10)
(l6,100)
(l9,62)
(l0,73)
(l2,70)
(l8,36)
(l4,88)
(m2,69)
(m9,83)
(m8,84)
(m7,91)
(m4,6)
(m3,94)
(m0,20)
(m6,88)
(n9,18)
(n0,24)
(n4,54)
(n2,89)
(n3,83)
(n1,30)
(n7,27)
(n5,8)
(n6,88)
(o9,91)
(o1,59)
(o3,85)
(o0,4)
(o8,84)
(o6,3)
(o2,55)
(o7,66)
(o5,25)
(p5,6)
(p9,71)
(p4,24)
(p7,62)
(p6,95)
(p8,74)
(p2,97)
(p1,5)
(p3,34)
(q4,22)
(q5,79)
(q1,80)
(q6,58)
(q2,59)
(q9,0)
(q0,55)
(q3,28)
(r9,81)
(r8,51)
(r4,92)
(r7,88)
(r1,44)
(r3,29)
(r6,7)
(r2,64)
(r0,0)
(s0,11)
(s3,49)
(s1,10)
(s9,94)
(s8,99)
(s6,61)
(s7,94)
(t8,11)
(t1,20)
(t2,25)
(t0,67)
(t7,93)
(t5,71)
(u7,74)
(u0,44)
(u2,57)
(u5,9)
(u1,1)
(u8,78)
(u6,26)
(u3,91)
(v3,43)
(v1,9)
(v2,4)
(v6,67)
(v9,19)
(v7,94)
(v0,30)
(v8,1)
(v5,19)
(w0,67)
(w1,91)
(w2,75)
(w8,14)
(w7,5)
(w6,54)
(w5,67)
(w4,78)
(w3,78)
(w9,82)
(x3,56)
(x6,67)
(x9,27)
(x7,93)
(x8,97)
(x2,19)
(x0,28)
(x4,21)
(x5,42)
(y9,41)
(y4,61)
(y3,94)
(y2,40)
(y1,42)
(y8,70)
(y5,77)
(y6,36)
(y7,49)
(y0,92)
(z0,12)
(z2,95)
(z7,79)
(z3,30)
(z5,7)
(z1,56)
(z4,27)
(a9,28)
(a3,79)
(a2,59)
(a0,33)
(a5,22)
(a6,97)
(a4,48)
(a7,17)
(b4,37)
(b9,82)
(b3,48)
(b0,5)
(b8,30)
(b1,38)
(c9,87)
(c5,83)
(c8,69)
(c2,81)
(c0,1)
(c6,14)
(c7,23)
(d4,60)
(d7,80)
(d6,43)
(d2,86)
(d3,83)
(d9,82)
(d1,57)
(d8,58)
(d0,40)
(e2,2)
(e5,64)
(e0,65)
(e6,10)
(e3,1)
(e1,96)
(e7,81)
(e4,66)
(e8,27)
(f8,24)
(f9,54)
(f2,93)
(f0,67)
(f1,38)
(f5,32)
(f7,61)
(f4,43)
(f3,48)
(g8,17)
(g2,76)
(g9,23)
(g5,34)
(g4,77)
(g7,91)
(g1,41)
(g6,48)
(g3,24)
(h2,54)
(h6,75)
(h3,31)
(h7,47)
(h5,17)
(h0,58)
(h8,25)
(h4,1)
(h1,89)
(i3,38)
(i8,84)
(i9,2)
(i4,12)
(i1,10)
(i7,0)
(i5,9)
(i0,32)
(j9,1)
(j7,14)
(j8,68)
(j5,45)
(j0,77)
(j6,98)
(j1,17)
(j4,56)
(j2,28)
(k7,81)
(k9,99)
(k5,75)
(k3,13)
(k0,34)
(k1,15)
(k4,46)
(k6,94)
(l5,98)
(l1,11)
(l3,10)
(l6,100)
(l9,62)
(l0,73)
(l2,70)
(l8,36)
(l4,88)
(m2,69)
(m9,83)
(m8,84)
(m7,91)
(m4,6)
(m3,94)
(m0,20)
(m6,88)
(n9,18)
(n0,24)
(n4,51)
(n2,89)
(n3,83)
(n1,30)
(n7,27)
(n5,8)
(n6,88)
(o9,91)
(o1,59)
(o3,85)
(o0,4)
(o8,84)
(o6,3)
(o2,55)
(o7,66)
(o5,25)
(p5,6)
(p9,71)
(p4,24)
(p7,62)
(p6,95)
(p8,74)
(p2,97)
(p1,5)
(p3,34)
(q4,22)
(q5,79)
(q1,69)
(q6,58)
(q2,59)
(q9,0)
(q0,55)
(q3,28)
(r9,81)
(r8,51)
(r4,92)
(r7,88)
(r1,44)
(r3,29)
(r6,7)
(r2,64)
(r0,0)
(s5,94)
(s0,11)
(s3,49)
(s1,10)
(s9,94)
(s8,99)
(s6,61)
(s7,94)
(t9,61)
(t8,11)
(t1,20)
(t2,25)
(t0,67)
(t7,93)
(t5,71)
(u7,74)
(u0,44)
(u2,57)
(u5,9)
(u1,1)
(u8,78)
(u6,26)
(u3,91)
(v3,43)
(v1,9)
(v2,4)
(v6,67)
(v9,19)
(v7,94)
(v0,30)
(v8,1)
(v5,19)
(w0,67)
(w1,91)
(w2,75)
(w8,14)
(w7,5)
(w6,54)
(w5,67)
(w4,78)
(w3,78)
(w9,82)
(x3,56)
(x6,67)
(x9,27)
(x7,93)
(x8,97)
(x2,19)
(x0,28)
(x4,21)
(x5,42)
(y9,41)
(y4,61)
(y3,94)
(y2,40)
(y1,42)
(y8,70)
(y5,77)
(y6,36)
(y7,49)
(y0,92)
(z0,12)
(z2,95)
(z7,79)
(z3,30)
(z5,7)
(z1,56)
(z4,27)
[(f4,32)]
Waiting...
Waiting...
[(o7,66)]
[(l2,7)]
[(h6,75)]
[(x8,41)]
[(u3,91)]
(a9,28)
(a3,79)
(a2,59)
(a0,33)
(a5,22)
(a6,97)
(a4,48)
(a7,17)
(b4,37)
(b9,82)
(b3,48)
(b0,52)
(b8,30)
(b1,38)
(c9,87)
(c5,83)
(c8,69)
(c2,81)
(c0,1)
(c6,14)
(c7,45)
(d4,60)
(d7,91)
(d6,43)
(d2,86)
(d3,83)
(d9,82)
(d1,57)
(d8,58)
(d0,40)
(e2,2)
(e0,65)
(e6,83)
(e3,1)
(e7,82)
(e4,66)
(e8,27)
(f8,61)
(f9,39)
(f2,93)
(f0,67)
(f1,38)
(f5,32)
(f7,61)
(f4,32)
(f3,48)
(g8,17)
(g2,76)
(g9,23)
(g5,34)
(g4,77)
(g7,91)
(g1,41)
(g6,48)
(g3,24)
(h2,20)
(h6,75)
(h3,31)
(h7,47)
(h5,13)
(h0,58)
(h8,25)
(h4,1)
(h1,31)
(i3,38)
(i8,84)
(i9,2)
(i4,47)
(i1,10)
(i7,0)
(i5,9)
(i0,32)
(j3,27)
(j9,1)
(j7,14)
(j8,68)
(j5,45)
(j0,77)
(j6,98)
(j1,17)
(j4,56)
(j2,28)
(k7,81)
(k9,99)
(k5,75)
(k3,13)
(k0,34)
(k1,15)
(k4,46)
(k6,94)
(l5,98)
(l1,11)
(l3,12)
(l6,100)
(l9,62)
(l0,73)
(l2,7)
(l8,36)
(l4,88)
(m2,69)
(m9,83)
(m8,84)
(m7,91)
(m4,6)
(m3,94)
(m0,20)
(m6,88)
(n0,24)
(n2,89)
(n3,70)
(n1,30)
(n7,27)
(n5,8)
(n6,88)
(o9,91)
(o1,59)
(o3,85)
(o0,4)
(o8,84)
(o6,3)
(o2,55)
(o7,66)
(o5,25)
(p5,6)
(p9,71)
(p4,24)
(p7,62)
(p6,95)
(p8,74)
(p2,97)
(p1,5)
(p3,34)
(q4,22)
(q5,79)
(q1,69)
(q6,58)
(q2,10)
(q9,0)
(q0,55)
(q3,28)
(r8,51)
(r4,92)
(r7,88)
(r1,44)
(r3,41)
(r6,7)
(r2,64)
(r0,41)
(s5,94)
(s0,11)
(s3,49)
(s1,10)
(s9,94)
(s8,97)
(s6,61)
(s7,36)
(t9,61)
(t8,11)
(t1,20)
(t2,25)
(t0,67)
(t7,93)
(t5,71)
(u7,74)
(u0,44)
(u2,68)
(u5,33)
(u1,10)
(u8,78)
(u6,26)
(u3,91)
(v4,35)
(v3,43)
(v1,9)
(v2,4)
(v6,67)
(v9,19)
(v7,94)
(v0,30)
(v8,1)
(v5,19)
(w0,67)
(w1,91)
(w2,75)
(w8,14)
(w7,5)
(w6,54)
(w5,67)
(w4,78)
(w3,59)
(w9,82)
(x6,67)
(x9,27)
(x7,52)
(x8,41)
(x2,19)
(x0,28)
(x4,21)
(x5,42)
(y9,41)
(y4,61)
(y3,16)
(y2,40)
(y1,42)
(y8,70)
(y5,77)
(y6,36)
(y7,49)
(y0,92)
(z9,58)
(z0,12)
(z2,95)
(z7,79)
(z3,30)
(z5,7)
(z1,56)
(z4,16)
(a9,28)
(a3,79)
(a2,59)
(a0,33)
(a5,22)
(a6,97)
(a4,48)
(a7,17)
(b4,37)
(b9,82)
(b3,48)
(b0,52)
(b8,30)
(b1,38)
(c9,87)
(c5,83)
(c8,69)
(c2,81)
(c0,1)
(c6,14)
(c7,45)
(d4,60)
(d7,91)
(d6,43)
(d2,86)
(d3,83)
(d9,82)
(d1,57)
(d8,58)
(d0,40)
(e2,2)
(e0,65)
(e6,83)
(e3,1)
(e7,82)
(e4,66)
(e8,27)
(f8,61)
(f9,39)
(f2,93)
(f0,67)
(f1,38)
(f5,32)
(f7,61)
(f4,32)
(f3,48)
(g8,17)
(g2,76)
(g9,23)
(g5,34)
(g4,77)
(g7,91)
(g1,41)
(g6,48)
(g3,24)
(h2,20)
(h6,75)
(h3,31)
(h7,47)
(h5,13)
(h0,58)
(h8,25)
(h4,1)
(h1,31)
(i3,38)
(i8,84)
(i9,2)
(i4,47)
(i1,10)
(i7,0)
(i5,9)
(i0,32)
(j3,27)
(j9,1)
(j7,14)
(j8,68)
(j5,45)
(j0,77)
(j6,98)
(j1,17)
(j4,56)
(j2,28)
(k7,81)
(k9,99)
(k5,75)
(k3,13)
(k0,34)
(k1,15)
(k4,46)
(k6,94)
(l5,98)
(l1,11)
(l3,12)
(l6,100)
(l9,62)
(l0,73)
(l2,7)
(l8,36)
(l4,88)
(m2,69)
(m9,83)
(m8,84)
(m7,91)
(m4,6)
(m3,94)
(m0,20)
(m6,88)
(n0,24)
(n2,89)
(n3,70)
(n1,30)
(n7,27)
(n5,8)
(n6,88)
(o9,91)
(o1,59)
(o3,85)
(o0,4)
(o8,84)
(o6,3)
(o2,55)
(o7,66)
(o5,25)
(p5,6)
(p9,71)
(p4,24)
(p7,62)
(p6,95)
(p8,74)
(p2,97)
(p1,5)
(p3,34)
(q4,22)
(q5,79)
(q1,69)
(q6,58)
(q2,10)
(q9,0)
(q0,55)
(q3,28)
(r8,51)
(r4,92)
(r7,88)
(r1,44)
(r3,41)
(r6,7)
(r2,64)
(r0,41)
(s5,94)
(s0,11)
(s3,49)
(s1,10)
(s9,94)
(s8,97)
(s6,61)
(s7,36)
(t9,61)
(t8,11)
(t1,20)
(t2,25)
(t0,67)
(t7,93)
(t5,71)
(u7,74)
(u0,44)
(u2,68)
(u5,33)
(u1,10)
(u8,78)
(u6,26)
(u3,91)
(v4,35)
(v3,43)
(v1,9)
(v2,4)
(v6,67)
(v9,19)
(v7,94)
(v0,30)
(v8,1)
(v5,19)
(w0,67)
(w1,91)
(w2,75)
(w8,14)
(w7,5)
(w6,54)
(w5,67)
(w4,78)
(w3,59)
(w9,82)
(x6,67)
(x9,27)
(x7,52)
(x8,41)
(x2,19)
(x0,28)
(x4,21)
(x5,42)
(y9,41)
(y4,61)
(y3,16)
(y2,40)
(y1,42)
(y8,70)
(y5,77)
(y6,36)
(y7,49)
(y0,92)
(z9,58)
(z0,12)
(z2,95)
(z7,79)
(z3,30)
(z5,7)
(z1,56)
(z4,16)
[(s8,97)]
[(d7,91)]
