(a0,13)
(a5,95)
(a6,14)
(a2,24)
(a4,79)
(a8,22)
(a7,5)
(a1,94)
(b9,36)
(b0,59)
(b5,38)
(b8,23)
(b3,45)
(b1,31)
(b6,68)
(c6,44)
(c7,23)
(c8,84)
(c4,29)
(c2,19)
(d1,57)
(d8,98)
(d3,77)
(d0,5)
(d7,45)
(e3,96)
(e1,96)
(e7,81)
(e4,41)
(e9,56)
(e8,75)
(f1,34)
(f0,95)
(f5,35)
(f7,80)
(f4,100)
(f3,69)
(g2,18)
(g5,83)
(g4,29)
(g7,52)
(g1,12)
(g6,6)
(g0,18)
(g3,75)
(h0,58)
(h6,69)
(h8,17)
(h4,13)
(h9,68)
(h2,33)
(h1,41)
(i4,67)
(i2,14)
(i6,70)
(i1,7)
(i7,25)
(i5,69)
(i0,32)
(j0,81)
(j6,41)
(j1,59)
(j4,63)
(j2,13)
(k2,97)
(k0,34)
(k8,21)
(k1,15)
(k4,82)
(k6,51)
(l7,45)
(l0,78)
(l9,10)
(l2,3)
(l8,29)
(l1,21)
(l4,42)
(m6,96)
(m2,57)
(n4,86)
(n2,34)
(n3,64)
(n1,7)
(n7,27)
(n9,65)
(n5,30)
(n8,70)
(n6,47)
(o8,95)
(o9,99)
(o6,97)
(o2,34)
(o7,8)
(o4,45)
(o5,35)
(o3,7)
(p6,12)
(p8,3)
(p2,4)
(p5,59)
(p0,77)
(p1,80)
(p3,38)
(q6,54)
(q2,10)
(q9,43)
(q4,1)
(q0,99)
(q7,84)
(q3,8)
(q8,91)
(r7,25)
(r1,43)
(r9,21)
(r3,47)
(r6,56)
(r5,24)
(r2,62)
(r0,49)
(s3,57)
(s1,18)
(s9,80)
(s8,99)
(s2,73)
(s4,89)
(s6,47)
(s7,12)
(t0,8)
(t4,3)
(t7,70)
(t5,91)
(t2,94)
(t9,13)
(u4,58)
(u5,69)
(u1,38)
(u8,5)
(u9,10)
(u6,99)
(u3,30)
(u7,89)
(v0,61)
(v8,1)
(v1,63)
(v3,94)
(v6,4)
(v5,54)
(v4,44)
(w5,42)
(w4,26)
(w0,47)
(w3,81)
(w9,23)
(w1,81)
(x2,40)
(x0,56)
(x4,71)
(x5,91)
(x1,100)
(y1,81)
(y8,44)
(y5,77)
(y6,50)
(y4,74)
(y7,49)
(y9,26)
(y0,15)
(y3,4)
(z3,48)
(z8,9)
(z5,42)
(z1,79)
(z4,25)
(z9,49)
[(g9,23)]
[(l9,44)]
(a0,13)
(a5,95)
(a6,14)
(a2,52)
(a4,79)
(a8,22)
(a7,5)
(a1,94)
(b9,36)
(b0,59)
(b5,38)
(b8,23)
(b1,31)
(c6,44)
(c7,23)
(c8,84)
(c4,29)
(c2,19)
(d1,57)
(d8,98)
(d0,5)
(d7,45)
(e3,96)
(e1,96)
(e7,81)
(e4,41)
(e9,56)
(e8,75)
(f1,34)
(f0,95)
(f5,35)
(f7,80)
(f4,100)
(f3,69)
(g9,23)
(g2,18)
(g5,83)
(g4,29)
(g7,52)
(g1,12)
(g6,6)
(g0,18)
(g3,75)
(h0,58)
(h6,69)
(h8,17)
(h4,13)
(h9,68)
(h2,33)
(h1,41)
(i4,67)
(i2,14)
(i6,70)
(i1,7)
(i7,25)
(i5,69)
(i0,32)
(j0,81)
(j6,41)
(j1,59)
(j4,63)
(j2,13)
(k2,97)
(k0,34)
(k8,21)
(k1,15)
(k4,82)
(k6,51)
(l9,44)
(l7,45)
(l0,78)
(l2,3)
(l8,29)
(l1,21)
(l4,42)
(m6,96)
(m2,57)
(n4,86)
(n2,34)
(n3,64)
(n1,7)
(n7,27)
(n9,65)
(n5,30)
(n8,70)
(n6,47)
(o8,95)
(o9,99)
(o6,97)
(o2,34)
(o7,8)
(o4,40)
(o5,35)
(o3,7)
(p6,12)
(p8,3)
(p2,4)
(p5,9)
(p0,77)
(p1,80)
(p3,38)
(q6,54)
(q2,10)
(q9,43)
(q4,1)
(q0,99)
(q7,84)
(q3,8)
(q8,91)
(r7,25)
(r1,43)
(r9,21)
(r3,47)
(r6,56)
(r5,24)
(r2,62)
(r0,49)
(s3,57)
(s1,18)
(s9,80)
(s8,99)
(s2,73)
(s4,89)
(s6,47)
(s7,12)
(t0,8)
(t4,3)
(t7,70)
(t5,91)
(t2,94)
(t9,13)
(u4,58)
(u5,69)
(u1,38)
(u8,5)
(u9,10)
(u6,99)
(u3,30)
(u7,89)
(v0,61)
(v8,1)
(v1,63)
(v3,94)
(v6,4)
(v5,54)
(v4,44)
(w5,42)
(w4,26)
(w0,47)
(w3,81)
(w9,23)
(w1,81)
(x2,40)
(x0,56)
(x4,71)
(x5,91)
(x1,100)
(y1,81)
(y8,44)
(y5,77)
(y6,50)
(y4,74)
(y7,49)
(y9,26)
(y0,15)
(y3,89)
(z3,48)
(z8,9)
(z5,42)
(z1,79)
(z4,25)
(z9,49)
(a0,13)
(a5,95)
(a6,14)
(a2,52)
(a4,95)
(a8,22)
(a7,5)
(a1,94)
(b9,36)
(b0,59)
(b5,38)
(b8,23)
(b1,31)
(c6,44)
(c7,23)
(c8,84)
(c4,29)
(c2,19)
(d4,13)
(d1,57)
(d8,98)
(d0,5)
(d7,45)
(e3,96)
(e1,96)
(e7,81)
(e4,41)
(e9,98)
(e8,75)
(f1,34)
(f0,74)
(f5,35)
(f7,80)
(f4,100)
(f3,69)
(g9,23)
(g2,79)
(g5,83)
(g4,29)
(g7,52)
(g1,12)
(g6,6)
(g0,18)
(g3,75)
(h0,58)
(h6,69)
(h8,17)
(h4,13)
(h9,68)
(h2,33)
(h1,41)
(i4,67)
(i2,64)
(i6,70)
(i1,28)
(i7,25)
(i5,69)
(i0,32)
(j9,53)
(j0,81)
(j6,41)
(j1,59)
(j4,63)
(j2,13)
(k2,97)
(k0,34)
(k8,21)
(k1,15)
(k4,82)
(k6,51)
(l6,93)
(l9,44)
(l7,70)
(l0,78)
(l2,3)
(l8,29)
(l1,21)
(l4,42)
(m0,0)
(m6,96)
(m2,57)
(n4,86)
(n2,34)
(n3,64)
(n1,7)
(n7,27)
(n9,65)
(n5,30)
(n8,70)
(n6,47)
(o0,74)
(o8,95)
(o9,99)
(o6,97)
(o2,34)
(o7,8)
(o5,35)
(o3,26)
(p6,12)
(p8,3)
(p2,4)
(p5,9)
(p0,77)
(p1,80)
(p3,38)
(q1,24)
(q6,54)
(q2,10)
(q9,43)
(q4,1)
(q0,99)
(q7,84)
(q3,8)
(q8,91)
(r7,25)
(r1,43)
(r9,21)
(r3,47)
(r6,56)
(r5,24)
(r2,62)
(r0,49)
(s0,87)
(s3,57)
(s1,18)
(s9,80)
(s8,99)
(s2,86)
(s4,44)
(s6,47)
(s7,99)
(t0,8)
(t4,3)
(t7,70)
(t5,91)
(t9,13)
(u2,49)
(u4,58)
(u5,69)
(u1,38)
(u8,5)
(u9,10)
(u6,99)
(u3,30)
(u7,89)
(v0,61)
(v8,48)
(v1,49)
(v3,94)
(v6,4)
(v5,54)
(v4,44)
(w5,42)
(w4,26)
(w0,47)
(w3,81)
(w9,23)
(w1,81)
(x8,15)
(x2,40)
(x0,56)
(x4,71)
(x5,10)
(x1,100)
(y1,39)
(y8,44)
(y5,77)
(y6,50)
(y4,74)
(y7,49)
(y9,26)
(y0,15)
(z0,97)
(z3,48)
(z8,9)
(z5,42)
(z1,79)
(z4,25)
(z9,49)
[(y1,39)]
[(z0,97)]
Waiting...
[(x5,10)]
Waiting...
[(v7,94)]
(a0,13)
(a5,95)
(a6,14)
(a2,52)
(a4,95)
(a8,22)
(a7,5)
(a1,94)
(b4,92)
(b7,75)
(b0,59)
(b5,38)
(b8,23)
(b1,31)
(c1,35)
(c6,44)
(c7,23)
(c8,84)
(c4,29)
(c2,19)
(d5,75)
(d4,13)
(d1,57)
(d8,98)
(d0,5)
(d7,45)
(e3,96)
(e1,96)
(e7,81)
(e4,41)
(e9,98)
(e8,75)
(f0,77)
(f1,38)
(f5,35)
(f7,80)
(f4,100)
(f3,69)
(g9,23)
(g2,79)
(g5,83)
(g4,29)
(g7,52)
(g1,41)
(g6,6)
(g0,18)
(g3,75)
(h0,58)
(h6,8)
(h8,17)
(h4,13)
(h9,68)
(h2,33)
(h1,41)
(i4,67)
(i2,64)
(i6,44)
(i1,28)
(i7,25)
(i5,69)
(i0,32)
(j9,53)
(j0,81)
(j6,41)
(j1,59)
(j4,63)
(j2,13)
(k7,95)
(k2,97)
(k0,34)
(k8,21)
(k1,15)
(k4,82)
(k6,51)
(l6,93)
(l9,44)
(l7,70)
(l0,78)
(l2,3)
(l8,29)
(l1,21)
(l4,42)
(m0,0)
(m6,96)
(m2,57)
(n4,86)
(n2,34)
(n3,64)
(n1,7)
(n7,27)
(n9,65)
(n5,30)
(n8,70)
(n6,47)
(o0,74)
(o8,95)
(o9,37)
(o6,97)
(o2,34)
(o7,8)
(o5,35)
(o3,26)
(p6,12)
(p8,3)
(p2,4)
(p0,77)
(p1,80)
(p3,38)
(q1,24)
(q6,54)
(q2,10)
(q9,43)
(q4,1)
(q0,99)
(q7,84)
(q3,8)
(q8,91)
(r7,25)
(r1,43)
(r9,21)
(r3,47)
(r6,56)
(r5,24)
(r2,62)
(r0,74)
(s3,46)
(s1,18)
(s9,94)
(s8,99)
(s2,86)
(s4,44)
(s6,47)
(s7,99)
(t6,13)
(t0,8)
(t4,3)
(t7,70)
(t5,91)
(t9,47)
(u2,49)
(u4,58)
(u5,69)
(u1,38)
(u8,81)
(u9,10)
(u6,99)
(u3,30)
(u7,89)
(v7,94)
(v0,61)
(v8,48)
(v1,49)
(v3,79)
(v6,4)
(v5,55)
(v4,44)
(w5,42)
(w4,26)
(w0,47)
(w3,61)
(w9,23)
(w1,45)
(x8,15)
(x2,40)
(x0,56)
(x4,71)
(x5,10)
(x1,62)
(y1,39)
(y8,90)
(y5,77)
(y6,50)
(y4,74)
(y7,49)
(y9,26)
(y0,76)
(z3,30)
(z8,9)
(z5,42)
(z1,4)
(z4,25)
(z9,49)
[(t6,13)]
[(m0,0)]
[(i1,28)]
