(a4,76)
(a3,27)
(a6,35)
(a1,54)
(a0,82)
(a9,56)
(a7,13)
(b5,7)
(b8,73)
(b3,92)
(b1,93)
(b4,96)
(b2,49)
(b9,42)
(b6,1)
(b0,1)
(c6,40)
(c5,18)
(c2,31)
(c1,96)
(c8,63)
(c0,10)
(c4,77)
(c7,63)
(d4,7)
(d6,55)
(d1,97)
(d2,76)
(d7,47)
(d5,88)
(d3,47)
(d0,53)
(e0,34)
(e6,47)
(e2,8)
(e8,10)
(e1,59)
(e5,49)
(e4,68)
(e7,16)
(f2,28)
(f4,32)
(f3,27)
(f5,99)
(f6,71)
(f9,51)
(f8,28)
(f1,48)
(f7,5)
(g7,32)
(g3,52)
(g8,61)
(g9,61)
(g0,35)
(g6,55)
(g4,54)
(g5,66)
(h9,99)
(h0,64)
(h8,56)
(h4,42)
(h5,97)
(h3,93)
(h7,30)
(i0,61)
(i3,27)
(i7,41)
(i6,83)
(i9,1)
(i5,61)
(i4,20)
(i2,26)
(i8,69)
(j7,74)
(j0,88)
(j9,10)
(j3,65)
(j1,45)
(j5,5)
(k3,20)
(k5,38)
(k4,78)
(k7,55)
(k6,10)
(k9,75)
(l8,92)
(l5,23)
(l4,17)
(l9,16)
(l1,8)
(l3,97)
(l6,69)
(l0,91)
(l2,16)
(m4,69)
(m1,62)
(m8,63)
(m7,61)
(m5,72)
(m0,93)
(m2,37)
(m3,13)
(n5,24)
(n3,67)
(n2,26)
(n9,9)
(n8,97)
(n7,72)
(o9,20)
(o3,10)
(o2,89)
(o8,10)
(o6,9)
(o7,56)
(o5,76)
(p8,42)
(p9,13)
(p6,38)
(p5,16)
(p0,12)
(p1,81)
(p3,88)
(p4,9)
(p7,44)
(q9,69)
(q4,67)
(q6,63)
(q2,8)
(q3,12)
(r7,91)
(r5,79)
(r1,82)
(r4,60)
(r2,82)
(r3,0)
(r9,52)
(r8,96)
(r6,74)
(r0,79)
(s3,41)
(s4,80)
(s1,85)
(s9,36)
(s8,59)
(s6,68)
(t1,21)
(t3,9)
(t4,86)
(t9,85)
(t2,33)
(t6,37)
(t8,90)
(t5,84)
(u8,19)
(u6,20)
(u4,69)
(u9,2)
(u1,95)
(u3,21)
(u2,23)
(u5,64)
(u7,42)
(v0,8)
(v4,50)
(v8,52)
(v9,57)
(v3,42)
(v1,48)
(v6,47)
(w8,73)
(w5,90)
(w0,90)
(w2,83)
(w7,80)
(w1,69)
(w4,36)
(w9,44)
(x3,59)
(x9,84)
(x5,24)
(x7,37)
(x2,22)
(x8,23)
(x0,41)
(x1,12)
(x6,23)
(y3,51)
(y7,12)
(y2,49)
(y6,0)
(y1,95)
(y8,11)
(z8,67)
(z3,30)
(z2,5)
(z0,5)
(z4,92)
(z9,97)
(z7,99)
(z1,73)
Waiting...
[(s5,94)]
(a4,76)
(a6,80)
(a1,54)
(a0,60)
(a9,56)
(a7,13)
(b5,7)
(b8,73)
(b3,92)
(b1,93)
(b4,77)
(b2,49)
(b9,42)
(b6,1)
(b0,1)
(c6,36)
(c5,18)
(c2,31)
(c1,96)
(c8,63)
(c0,10)
(c4,77)
(c7,63)
(d4,7)
(d6,55)
(d1,97)
(d2,76)
(d7,96)
(d5,88)
(d3,47)
(d0,53)
(e0,34)
(e6,47)
(e2,8)
(e8,10)
(e5,49)
(e4,68)
(e7,16)
(f2,28)
(f4,32)
(f3,27)
(f5,99)
(f6,71)
(f9,51)
(f8,28)
(f1,48)
(f7,5)
(g7,32)
(g3,52)
(g8,61)
(g9,61)
(g0,35)
(g6,55)
(g4,67)
(g5,66)
(h9,99)
(h0,64)
(h8,56)
(h4,50)
(h5,97)
(h3,93)
(h7,30)
(i0,77)
(i3,27)
(i7,41)
(i6,83)
(i9,1)
(i5,61)
(i4,56)
(i2,26)
(i8,69)
(j7,74)
(j0,88)
(j9,10)
(j3,65)
(j1,45)
(j5,5)
(k3,20)
(k5,38)
(k4,78)
(k7,55)
(k6,10)
(k9,75)
(l8,92)
(l5,23)
(l4,17)
(l9,16)
(l1,8)
(l3,97)
(l6,69)
(l0,91)
(l2,16)
(m6,75)
(m1,62)
(m8,63)
(m7,61)
(m5,72)
(m0,93)
(m2,37)
(m3,13)
(n5,24)
(n3,67)
(n2,26)
(n9,63)
(n7,72)
(o9,20)
(o3,10)
(o2,89)
(o8,10)
(o6,9)
(o7,56)
(o5,76)
(p8,42)
(p9,13)
(p6,38)
(p5,60)
(p0,12)
(p3,88)
(p4,66)
(p7,29)
(q0,78)
(q7,12)
(q9,69)
(q6,63)
(q2,8)
(q3,12)
(r7,3)
(r5,79)
(r1,67)
(r4,40)
(r2,82)
(r3,0)
(r9,52)
(r8,96)
(r6,74)
(r0,79)
(s5,94)
(s3,41)
(s4,80)
(s1,85)
(s9,69)
(s8,59)
(s6,68)
(t7,44)
(t1,21)
(t3,9)
(t4,86)
(t9,85)
(t2,33)
(t6,37)
(t8,90)
(t5,84)
(u8,19)
(u6,20)
(u4,69)
(u9,2)
(u1,95)
(u3,21)
(u2,23)
(u5,64)
(u7,42)
(v0,8)
(v4,50)
(v8,52)
(v9,57)
(v3,65)
(v1,48)
(v6,47)
(w8,73)
(w5,90)
(w0,90)
(w2,83)
(w7,80)
(w1,8)
(w9,44)
(x8,23)
(x3,59)
(x9,84)
(x5,6)
(x7,37)
(x2,22)
(x0,35)
(y3,51)
(y7,12)
(y2,49)
(y6,0)
(y1,95)
(z8,67)
(z3,43)
(z2,5)
(z0,5)
(z4,92)
(z9,97)
(z1,73)
Waiting...
[(a0,60)]
(a4,76)
(a6,80)
(a1,54)
(a0,60)
(a9,56)
(a7,13)
(b5,7)
(b8,73)
(b3,92)
(b1,93)
(b4,77)
(b2,49)
(b9,42)
(b6,1)
(b0,1)
(c6,36)
(c5,18)
(c2,31)
(c1,96)
(c8,63)
(c0,10)
(c4,77)
(c7,63)
(d4,7)
(d6,55)
(d1,97)
(d2,76)
(d7,96)
(d5,88)
(d3,47)
(d0,53)
(e0,34)
(e6,47)
(e2,8)
(e8,10)
(e5,49)
(e4,68)
(e7,16)
(f2,28)
(f4,32)
(f3,27)
(f5,99)
(f6,71)
(f9,51)
(f8,28)
(f1,48)
(f7,5)
(g7,32)
(g3,52)
(g8,61)
(g9,61)
(g0,35)
(g6,55)
(g4,67)
(g5,66)
(h6,98)
(h9,99)
(h0,64)
(h8,56)
(h4,50)
(h5,97)
(h3,93)
(h7,30)
(i0,77)
(i3,27)
(i7,41)
(i6,83)
(i9,1)
(i5,61)
(i4,56)
(i2,26)
(i8,69)
(j7,74)
(j0,88)
(j9,10)
(j3,65)
(j1,45)
(j5,5)
(k3,20)
(k5,38)
(k4,78)
(k7,55)
(k6,10)
(k9,75)
(l7,39)
(l8,92)
(l5,23)
(l4,17)
(l9,16)
(l1,8)
(l3,97)
(l6,69)
(l0,91)
(l2,16)
(m6,75)
(m1,62)
(m8,63)
(m7,61)
(m5,72)
(m0,93)
(m2,37)
(m3,13)
(n5,24)
(n3,67)
(n2,26)
(n9,63)
(n7,72)
(o9,20)
(o3,10)
(o2,89)
(o8,10)
(o6,9)
(o7,56)
(o5,76)
(p8,42)
(p9,13)
(p6,38)
(p5,60)
(p0,12)
(p3,88)
(p4,66)
(p7,29)
(q0,78)
(q7,12)
(q9,69)
(q6,63)
(q2,8)
(q3,12)
(r7,3)
(r5,79)
(r1,67)
(r4,40)
(r2,82)
(r3,0)
(r9,52)
(r8,96)
(r6,74)
(r0,79)
(s5,94)
(s3,41)
(s4,80)
(s1,85)
(s9,69)
(s8,59)
(s6,68)
(t7,44)
(t1,21)
(t3,9)
(t4,86)
(t9,85)
(t2,33)
(t6,37)
(t8,90)
(t5,84)
(u8,19)
(u6,20)
(u4,69)
(u9,2)
(u1,95)
(u3,21)
(u2,23)
(u5,64)
(u7,42)
(v0,8)
(v4,50)
(v8,52)
(v9,57)
(v3,65)
(v1,48)
(v6,47)
(w8,73)
(w5,90)
(w0,90)
(w2,83)
(w7,80)
(w1,8)
(w9,44)
(x8,23)
(x3,59)
(x9,84)
(x5,6)
(x7,37)
(x2,22)
(x0,35)
(y3,51)
(y7,12)
(y2,49)
(y6,0)
(y1,95)
(z8,67)
(z3,43)
(z2,5)
(z0,5)
(z4,92)
(z9,97)
(z1,73)
(a4,76)
(a6,80)
(a1,54)
(a9,56)
(a7,13)
(b5,7)
(b8,73)
(b3,92)
(b1,92)
(b4,77)
(b2,49)
(b9,42)
(b6,1)
(b0,1)
(c6,36)
(c5,18)
(c2,31)
(c1,96)
(c8,63)
(c0,10)
(c4,77)
(c7,63)
(d9,74)
(d4,7)
(d6,55)
(d1,97)
(d2,76)
(d7,96)
(d5,88)
(d3,47)
(d0,53)
(e0,34)
(e6,47)
(e2,8)
(e8,10)
(e5,49)
(e4,68)
(e7,16)
(f2,28)
(f4,32)
(f3,27)
(f5,99)
(f6,71)
(f9,51)
(f8,28)
(f1,48)
(f7,5)
(g7,32)
(g3,52)
(g8,61)
(g9,61)
(g0,35)
(g6,55)
(g4,67)
(g5,66)
(h6,98)
(h9,99)
(h0,64)
(h8,56)
(h4,50)
(h5,97)
(h3,93)
(h7,30)
(i0,77)
(i3,27)
(i7,41)
(i6,83)
(i9,1)
(i5,61)
(i4,56)
(i2,26)
(i8,69)
(j7,74)
(j0,88)
(j9,10)
(j3,65)
(j1,45)
(j5,5)
(k3,20)
(k5,38)
(k4,78)
(k7,55)
(k6,10)
(k9,75)
(l7,39)
(l8,73)
(l5,23)
(l4,17)
(l9,16)
(l1,8)
(l3,97)
(l6,69)
(l0,91)
(l2,16)
(m6,75)
(m1,62)
(m8,20)
(m7,61)
(m5,72)
(m0,93)
(m2,37)
(m3,13)
(n5,24)
(n3,67)
(n2,50)
(n9,63)
(n7,72)
(o9,20)
(o3,9)
(o2,89)
(o8,10)
(o6,9)
(o7,56)
(o5,76)
(p8,42)
(p9,13)
(p6,38)
(p5,60)
(p0,12)
(p3,88)
(p4,66)
(p7,29)
(q0,78)
(q7,12)
(q9,69)
(q6,63)
(q2,8)
(q3,12)
(r7,3)
(r5,79)
(r1,67)
(r4,40)
(r2,82)
(r3,0)
(r9,52)
(r8,96)
(r6,74)
(r0,79)
(s5,94)
(s3,41)
(s4,80)
(s1,85)
(s9,69)
(s8,59)
(s6,68)
(t7,44)
(t1,21)
(t3,9)
(t4,71)
(t9,85)
(t2,33)
(t6,37)
(t8,90)
(t5,84)
(u8,19)
(u6,20)
(u4,69)
(u9,2)
(u1,95)
(u3,21)
(u2,23)
(u5,64)
(u7,42)
(v0,8)
(v4,50)
(v8,52)
(v9,57)
(v3,65)
(v1,48)
(v6,47)
(w8,73)
(w5,90)
(w0,90)
(w2,83)
(w7,80)
(w1,8)
(w9,44)
(x8,23)
(x3,59)
(x9,84)
(x5,6)
(x7,37)
(x2,22)
(x0,35)
(y4,21)
(y3,51)
(y7,12)
(y2,49)
(y6,0)
(y1,95)
(z8,67)
(z3,43)
(z2,5)
(z0,5)
(z4,92)
(z9,97)
(z1,73)
[(d7,96)]
(a4,76)
(a6,80)
(a1,54)
(a9,56)
(a7,13)
(b5,7)
(b8,73)
(b3,92)
(b1,92)
(b2,49)
(b9,42)
(b6,1)
(b0,1)
(c6,36)
(c5,18)
(c1,96)
(c8,63)
(c0,10)
(c4,77)
(c7,63)
(d9,74)
(d4,7)
(d6,55)
(d1,97)
(d2,76)
(d7,96)
(d5,88)
(d3,47)
(d0,53)
(e0,34)
(e6,47)
(e2,8)
(e8,10)
(e5,49)
(e4,68)
(e7,16)
(f0,15)
(f2,28)
(f4,32)
(f3,27)
(f5,99)
(f6,71)
(f9,51)
(f8,28)
(f1,48)
(f7,5)
(g7,32)
(g3,52)
(g8,61)
(g9,61)
(g0,35)
(g6,55)
(g4,67)
(g5,66)
(h9,99)
(h0,64)
(h8,56)
(h4,50)
(h5,97)
(h3,93)
(h7,30)
(i0,77)
(i3,27)
(i7,41)
(i6,83)
(i9,1)
(i5,61)
(i4,56)
(i2,26)
(i8,69)
(j7,74)
(j0,88)
(j9,10)
(j3,65)
(j1,45)
(j5,5)
(k3,20)
(k5,38)
(k4,78)
(k7,55)
(k6,10)
(k9,75)
(l7,39)
(l8,73)
(l5,23)
(l4,17)
(l9,16)
(l1,8)
(l3,97)
(l6,69)
(l0,91)
(l2,16)
(m6,75)
(m1,62)
(m8,20)
(m7,61)
(m5,72)
(m0,93)
(m2,37)
(m3,13)
(n5,24)
(n3,67)
(n2,50)
(n9,63)
(n7,72)
(o9,20)
(o3,9)
(o2,89)
(o8,10)
(o6,9)
(o7,56)
(o5,76)
(p8,42)
(p9,13)
(p6,38)
(p5,60)
(p0,12)
(p3,88)
(p4,66)
(p7,29)
(q0,78)
(q9,69)
(q6,63)
(q2,8)
(q3,12)
(r7,3)
(r5,79)
(r1,67)
(r4,40)
(r2,82)
(r3,0)
(r9,52)
(r8,96)
(r6,74)
(r0,79)
(s5,94)
(s3,41)
(s4,80)
(s1,85)
(s9,69)
(s8,59)
(s6,68)
(t7,44)
(t1,21)
(t3,9)
(t4,71)
(t9,85)
(t2,33)
(t6,37)
(t8,90)
(t5,84)
(u8,19)
(u6,20)
(u4,62)
(u9,2)
(u1,95)
(u3,21)
(u2,23)
(u5,64)
(u7,42)
(v0,8)
(v4,50)
(v8,38)
(v9,57)
(v3,65)
(v1,48)
(v6,47)
(w8,73)
(w5,90)
(w0,90)
(w2,83)
(w7,80)
(w1,8)
(w9,44)
(x8,23)
(x3,59)
(x9,84)
(x5,6)
(x7,37)
(x2,22)
(y3,51)
(y7,12)
(y2,49)
(y6,0)
(y1,95)
(z8,67)
(z3,43)
(z2,5)
(z0,5)
(z4,92)
(z9,97)
(z1,73)
(a4,76)
(a6,80)
(a1,54)
(a9,39)
(a7,13)
(b5,7)
(b8,73)
(b3,92)
(b2,49)
(b9,42)
(b6,1)
(b0,1)
(c6,36)
(c5,18)
(c1,96)
(c8,32)
(c0,10)
(c4,77)
(c7,63)
(d4,7)
(d6,55)
(d1,97)
(d2,76)
(d7,96)
(d5,88)
(d3,47)
(d0,53)
(e9,6)
(e0,34)
(e6,47)
(e2,8)
(e8,10)
(e5,49)
(e4,68)
(e7,16)
(f0,15)
(f2,28)
(f4,32)
(f3,27)
(f5,99)
(f6,71)
(f9,80)
(f8,28)
(f1,48)
(f7,5)
(g7,32)
(g3,52)
(g8,61)
(g9,61)
(g0,35)
(g6,55)
(g4,67)
(g5,66)
(h9,99)
(h0,64)
(h8,56)
(h4,50)
(h5,94)
(h3,93)
(h7,30)
(i0,77)
(i3,27)
(i7,41)
(i6,83)
(i9,1)
(i5,61)
(i4,56)
(i2,0)
(i8,69)
(j2,66)
(j7,74)
(j0,88)
(j9,10)
(j3,65)
(j1,45)
(j5,5)
(k3,20)
(k5,38)
(k4,78)
(k7,55)
(k6,10)
(k9,75)
(l7,39)
(l8,73)
(l5,59)
(l4,17)
(l9,16)
(l1,8)
(l3,97)
(l6,69)
(l0,91)
(l2,16)
(m6,75)
(m1,62)
(m8,20)
(m7,61)
(m5,72)
(m0,93)
(m2,37)
(m3,13)
(n5,24)
(n3,67)
(n2,50)
(n7,72)
(o9,20)
(o3,9)
(o2,89)
(o8,10)
(o6,9)
(o7,56)
(o5,76)
(p8,42)
(p9,13)
(p6,38)
(p5,60)
(p0,12)
(p3,88)
(p4,66)
(p7,29)
(q8,74)
(q0,78)
(q9,69)
(q6,63)
(q2,8)
(q3,12)
(r5,84)
(r1,67)
(r4,40)
(r2,27)
(r3,0)
(r9,52)
(r8,96)
(r6,74)
(r0,79)
(s5,94)
(s3,41)
(s4,80)
(s1,85)
(s9,69)
(s8,59)
(s6,68)
(t0,51)
(t7,44)
(t1,21)
(t3,9)
(t4,71)
(t9,85)
(t2,0)
(t6,37)
(t8,90)
(t5,84)
(u8,19)
(u6,20)
(u4,62)
(u9,2)
(u1,95)
(u3,21)
(u2,23)
(u5,64)
(u7,42)
(v0,8)
(v4,50)
(v8,38)
(v9,57)
(v3,65)
(v1,48)
(v6,47)
(w8,73)
(w5,90)
(w0,90)
(w2,83)
(w7,80)
(w1,8)
(w9,51)
(x8,23)
(x3,59)
(x9,84)
(x5,6)
(x7,37)
(x2,22)
(y3,51)
(y7,12)
(y2,49)
(y6,0)
(y1,95)
(z8,67)
(z3,43)
(z2,5)
(z0,5)
(z4,92)
(z9,97)
(z1,8)
[(s5,94)]
[(n2,50)]
[(r1,67)]
[(h8,22)]
[(g1,35)]
