(a3,86)
(a8,0)
(a6,62)
(a0,33)
(a5,33)
(a2,52)
(a1,42)
(b4,83)
(b8,8)
(b2,67)
(b0,30)
(b1,48)
(b6,57)
(b5,86)
(b9,7)
(b7,80)
(c4,10)
(c0,52)
(c7,65)
(c8,91)
(d3,37)
(d5,52)
(d0,1)
(d6,19)
(d2,98)
(d7,70)
(e0,73)
(e2,91)
(e6,77)
(e4,98)
(e9,90)
(e8,100)
(f6,20)
(f4,35)
(f8,8)
(f2,31)
(f9,95)
(f5,17)
(f3,83)
(f1,83)
(g1,12)
(g7,37)
(g9,21)
(g2,96)
(g4,70)
(g0,52)
(g3,91)
(g6,60)
(g5,61)
(h1,9)
(h8,30)
(h4,50)
(h0,8)
(h9,5)
(h7,31)
(h5,21)
(h6,93)
(i0,27)
(i8,69)
(i1,99)
(i7,35)
(i4,8)
(i6,18)
(i2,36)
(i9,31)
(i3,83)
(j8,99)
(j3,61)
(j6,6)
(j7,87)
(j5,0)
(j9,58)
(j1,58)
(j4,4)
(k2,31)
(k8,22)
(k7,28)
(k4,43)
(k9,69)
(l9,8)
(l5,44)
(l6,35)
(l4,61)
(l0,83)
(l7,41)
(l8,18)
(m7,70)
(m3,13)
(m4,6)
(m1,37)
(m0,2)
(n9,3)
(n3,53)
(n2,70)
(n8,6)
(n0,42)
(n1,14)
(n7,51)
(n6,2)
(n4,34)
(o4,86)
(o7,45)
(o5,29)
(o8,62)
(o3,18)
(o9,47)
(o2,91)
(p6,97)
(p4,60)
(p7,13)
(p1,88)
(p0,77)
(p9,36)
(p8,76)
(p3,72)
(q7,55)
(q5,15)
(q2,25)
(q8,8)
(q0,55)
(q4,33)
(q1,30)
(r9,4)
(r3,41)
(r5,40)
(r0,1)
(r4,65)
(r8,33)
(r2,81)
(r6,50)
(r1,35)
(s3,23)
(s1,31)
(s2,10)
(s0,74)
(s7,19)
(t3,72)
(t0,46)
(t6,76)
(t8,48)
(u3,28)
(u0,77)
(u4,18)
(u1,0)
(u8,20)
(u9,27)
(u6,14)
(v7,45)
(v5,89)
(v4,78)
(v1,13)
(v8,63)
(v3,54)
(v6,18)
(v2,54)
(w1,40)
(w4,91)
(w6,68)
(w7,54)
(w9,18)
(w3,66)
(w2,86)
(w5,49)
(w8,83)
(w0,38)
(x2,14)
(x5,98)
(x4,1)
(x7,61)
(x3,66)
(x1,6)
(x0,92)
(y0,71)
(y3,45)
(y8,78)
(y9,4)
(y7,53)
(y4,39)
(y1,2)
(y5,91)
(z7,27)
(z4,25)
(z6,59)
(z5,35)
(z0,65)
(z3,66)
(z8,7)
(z9,100)
[(z4,25)]
[(w6,68)]
[(h1,9)]
[(f3,83)]
[(z7,42)]
(a4,5)
(a3,86)
(a8,0)
(a6,62)
(a0,33)
(a5,33)
(a2,52)
(a1,42)
(b4,83)
(b8,8)
(b2,67)
(b0,16)
(b1,48)
(b6,57)
(b5,86)
(b9,7)
(b7,80)
(c4,10)
(c0,52)
(c7,65)
(c8,91)
(d4,84)
(d3,37)
(d5,52)
(d0,1)
(d6,19)
(d2,98)
(e1,91)
(e0,73)
(e2,91)
(e6,77)
(e4,45)
(e9,90)
(e8,100)
(f6,20)
(f4,35)
(f8,29)
(f2,69)
(f9,95)
(f5,55)
(f3,83)
(f1,83)
(g1,12)
(g7,37)
(g9,21)
(g2,96)
(g4,70)
(g0,52)
(g3,91)
(g6,60)
(g5,61)
(h8,30)
(h4,50)
(h0,8)
(h9,5)
(h7,31)
(h5,87)
(h6,93)
(i0,27)
(i8,69)
(i1,90)
(i7,35)
(i4,8)
(i6,18)
(i2,50)
(i9,31)
(i3,83)
(j0,42)
(j8,95)
(j3,86)
(j6,6)
(j7,87)
(j5,51)
(j9,58)
(j1,58)
(j4,38)
(k2,31)
(k8,22)
(k7,28)
(k4,43)
(k9,69)
(l9,8)
(l5,44)
(l6,35)
(l4,61)
(l0,50)
(l7,41)
(l8,18)
(m8,100)
(m7,51)
(m3,55)
(m4,6)
(m1,37)
(m0,2)
(n9,28)
(n3,53)
(n2,70)
(n8,6)
(n0,42)
(n1,84)
(n7,51)
(n6,2)
(n4,34)
(o4,86)
(o7,45)
(o5,29)
(o8,62)
(o3,72)
(o9,47)
(p6,97)
(p4,14)
(p7,55)
(p1,88)
(p0,41)
(p9,36)
(p8,76)
(p3,72)
(q7,55)
(q5,15)
(q2,25)
(q8,8)
(q0,55)
(q4,33)
(q1,30)
(r9,4)
(r3,41)
(r5,40)
(r0,1)
(r4,65)
(r8,33)
(r2,81)
(r6,50)
(s3,23)
(s1,31)
(s2,10)
(s0,74)
(s7,34)
(t3,72)
(t0,46)
(t6,76)
(t8,48)
(u3,7)
(u0,10)
(u4,18)
(u1,0)
(u8,20)
(u9,27)
(u6,14)
(v7,45)
(v5,89)
(v4,78)
(v1,13)
(v8,63)
(v3,54)
(v6,18)
(v2,54)
(w1,40)
(w4,91)
(w6,68)
(w7,54)
(w9,18)
(w3,66)
(w2,86)
(w5,49)
(w8,83)
(w0,38)
(x2,14)
(x5,52)
(x4,44)
(x7,61)
(x3,66)
(x1,6)
(x0,92)
(y0,71)
(y3,45)
(y8,78)
(y9,4)
(y7,11)
(y4,39)
(y1,2)
(y5,91)
(z7,42)
(z6,59)
(z5,35)
(z0,65)
(z3,66)
(z8,7)
(a4,5)
(a3,86)
(a8,0)
(a6,62)
(a0,33)
(a5,33)
(a2,52)
(a1,42)
(b4,83)
(b8,8)
(b2,67)
(b0,16)
(b1,48)
(b6,57)
(b5,86)
(b9,7)
(b7,80)
(c4,10)
(c0,52)
(c7,65)
(c8,91)
(d4,84)
(d3,37)
(d5,52)
(d0,1)
(d6,19)
(d2,98)
(e1,91)
(e0,73)
(e2,91)
(e6,77)
(e4,45)
(e9,90)
(e8,100)
(f6,20)
(f4,35)
(f8,29)
(f2,69)
(f9,95)
(f5,55)
(f3,83)
(f1,83)
(g1,12)
(g7,37)
(g9,21)
(g2,96)
(g4,70)
(g0,52)
(g3,91)
(g6,60)
(g5,61)
(h8,30)
(h4,50)
(h0,8)
(h9,5)
(h7,31)
(h5,87)
(h6,93)
(i0,27)
(i8,69)
(i1,90)
(i7,35)
(i4,8)
(i6,18)
(i2,50)
(i9,31)
(i3,83)
(j0,42)
(j8,95)
(j3,86)
(j6,6)
(j7,87)
(j5,51)
(j9,58)
(j1,58)
(j4,38)
(k2,31)
(k8,22)
(k7,28)
(k4,43)
(k9,69)
(l9,8)
(l5,44)
(l6,35)
(l4,61)
(l0,50)
(l7,41)
(l8,18)
(m8,100)
(m7,51)
(m3,55)
(m4,6)
(m1,37)
(m0,2)
(n9,28)
(n3,53)
(n2,70)
(n8,6)
(n0,42)
(n1,84)
(n7,51)
(n6,2)
(n4,34)
(o4,86)
(o7,45)
(o5,29)
(o8,62)
(o3,72)
(o9,47)
(p6,97)
(p4,14)
(p7,55)
(p1,88)
(p0,41)
(p9,36)
(p8,76)
(p3,72)
(q7,55)
(q5,15)
(q2,25)
(q8,8)
(q0,55)
(q4,33)
(q1,30)
(r9,4)
(r3,41)
(r5,40)
(r0,1)
(r4,65)
(r8,33)
(r2,81)
(r6,50)
(s3,23)
(s1,31)
(s2,10)
(s0,74)
(s7,34)
(t3,72)
(t0,46)
(t6,76)
(t8,48)
(u3,7)
(u0,10)
(u4,18)
(u1,0)
(u8,20)
(u9,27)
(u6,14)
(v7,45)
(v5,89)
(v4,78)
(v1,13)
(v8,63)
(v3,54)
(v6,18)
(v2,54)
(w1,40)
(w4,91)
(w6,68)
(w7,54)
(w9,18)
(w3,66)
(w2,86)
(w5,49)
(w8,83)
(w0,38)
(x2,14)
(x5,52)
(x4,44)
(x7,61)
(x3,66)
(x1,6)
(x0,92)
(y0,71)
(y3,45)
(y8,78)
(y9,4)
(y7,11)
(y4,39)
(y1,2)
(y5,91)
(z7,42)
(z6,59)
(z5,35)
(z0,65)
(z3,66)
(z8,7)
(a4,5)
(a3,86)
(a8,0)
(a6,62)
(a0,33)
(a5,33)
(a2,52)
(a1,42)
(b4,83)
(b8,8)
(b2,67)
(b0,16)
(b1,48)
(b6,57)
(b5,86)
(b9,7)
(b7,80)
(c4,10)
(c0,52)
(c7,65)
(c8,91)
(d4,84)
(d3,37)
(d5,52)
(d0,1)
(d6,19)
(d2,98)
(e1,91)
(e0,73)
(e2,91)
(e6,77)
(e4,45)
(e9,90)
(e8,100)
(f6,20)
(f4,35)
(f8,29)
(f2,69)
(f9,95)
(f5,55)
(f3,83)
(f1,83)
(g1,12)
(g7,37)
(g9,21)
(g2,96)
(g4,70)
(g0,52)
(g3,91)
(g6,60)
(g5,61)
(h8,30)
(h4,50)
(h0,8)
(h9,5)
(h7,31)
(h5,87)
(h6,93)
(i0,27)
(i8,69)
(i1,90)
(i7,35)
(i4,8)
(i6,18)
(i2,50)
(i9,31)
(i3,83)
(j0,42)
(j8,95)
(j3,86)
(j6,6)
(j7,87)
(j5,51)
(j9,58)
(j1,58)
(j4,38)
(k2,31)
(k8,22)
(k7,28)
(k4,43)
(k9,69)
(l9,8)
(l5,44)
(l6,35)
(l4,61)
(l0,50)
(l7,41)
(l8,18)
(m8,100)
(m7,51)
(m3,55)
(m4,6)
(m1,37)
(m0,2)
(n9,28)
(n3,53)
(n2,70)
(n8,6)
(n0,42)
(n1,84)
(n7,51)
(n6,2)
(n4,34)
(o4,86)
(o7,45)
(o5,29)
(o8,62)
(o3,72)
(o9,47)
(p6,97)
(p4,14)
(p7,55)
(p1,88)
(p0,41)
(p9,36)
(p8,76)
(p3,72)
(q7,55)
(q5,15)
(q2,25)
(q8,8)
(q0,55)
(q4,33)
(q1,30)
(r9,4)
(r3,41)
(r5,40)
(r0,1)
(r4,65)
(r8,33)
(r2,81)
(r6,50)
(s3,23)
(s1,31)
(s2,10)
(s0,74)
(s7,34)
(t3,72)
(t0,46)
(t6,76)
(t8,48)
(u3,7)
(u0,10)
(u4,18)
(u1,0)
(u8,20)
(u9,27)
(u6,14)
(v7,45)
(v5,89)
(v4,78)
(v1,13)
(v8,63)
(v3,54)
(v6,18)
(v2,54)
(w1,40)
(w4,91)
(w6,68)
(w7,54)
(w9,18)
(w3,66)
(w2,86)
(w5,49)
(w8,83)
(w0,38)
(x2,14)
(x5,52)
(x4,44)
(x7,61)
(x3,66)
(x1,6)
(x0,92)
(y0,71)
(y3,45)
(y8,78)
(y9,4)
(y7,11)
(y4,39)
(y1,2)
(y5,91)
(z7,42)
(z6,59)
(z5,35)
(z0,65)
(z3,66)
(z8,7)
[(m8,100)]
[(p4,14)]
(a4,5)
(a3,86)
(a8,0)
(a6,62)
(a0,33)
(a5,33)
(a2,52)
(a1,42)
(b4,83)
(b8,8)
(b2,67)
(b0,16)
(b1,48)
(b6,22)
(b5,86)
(b9,7)
(b7,80)
(c4,10)
(c0,52)
(c7,11)
(c8,91)
(d4,84)
(d3,37)
(d5,52)
(d0,1)
(d6,19)
(d2,98)
(e0,73)
(e2,91)
(e6,77)
(e4,45)
(e9,90)
(e8,100)
(f6,20)
(f4,35)
(f8,29)
(f2,69)
(f9,95)
(f5,55)
(f3,83)
(f1,83)
(g1,12)
(g7,37)
(g9,21)
(g2,96)
(g4,70)
(g0,52)
(g3,91)
(g6,60)
(g5,61)
(h8,78)
(h4,50)
(h0,79)
(h9,5)
(h7,31)
(h5,87)
(h6,93)
(i0,27)
(i8,69)
(i1,90)
(i7,35)
(i4,8)
(i6,18)
(i2,50)
(i9,31)
(i3,83)
(j0,42)
(j8,95)
(j3,86)
(j6,6)
(j7,87)
(j5,51)
(j9,58)
(j1,58)
(j4,38)
(k0,50)
(k2,31)
(k8,22)
(k7,28)
(k4,43)
(k9,69)
(l9,8)
(l5,44)
(l6,35)
(l4,61)
(l0,50)
(l7,41)
(l8,18)
(m8,100)
(m7,51)
(m3,55)
(m4,6)
(m1,37)
(m0,2)
(n9,28)
(n3,53)
(n2,70)
(n8,6)
(n0,42)
(n1,84)
(n7,51)
(n6,2)
(n4,34)
(o4,86)
(o7,45)
(o5,29)
(o8,62)
(o3,72)
(o9,47)
(p6,97)
(p4,14)
(p1,88)
(p0,41)
(p9,36)
(p8,76)
(p3,72)
(q7,55)
(q5,15)
(q2,25)
(q8,8)
(q0,55)
(q4,33)
(q1,30)
(r9,4)
(r3,41)
(r5,40)
(r0,1)
(r4,65)
(r8,33)
(r2,81)
(r6,50)
(s6,32)
(s8,14)
(s3,23)
(s1,31)
(s2,10)
(s0,74)
(s7,34)
(t3,72)
(t0,46)
(t6,76)
(t8,48)
(u3,7)
(u0,10)
(u4,18)
(u1,0)
(u8,20)
(u9,27)
(u6,14)
(v7,45)
(v5,89)
(v4,78)
(v1,13)
(v8,63)
(v3,54)
(v6,18)
(v2,54)
(w1,40)
(w4,91)
(w6,68)
(w7,54)
(w9,18)
(w3,66)
(w2,86)
(w5,49)
(w8,83)
(w0,38)
(x2,14)
(x5,52)
(x4,44)
(x7,61)
(x3,66)
(x1,6)
(x0,92)
(y0,71)
(y3,45)
(y8,78)
(y9,4)
(y7,11)
(y4,39)
(y1,2)
(y5,91)
(z7,42)
(z6,59)
(z5,35)
(z0,65)
(z3,66)
(z8,7)
[(l0,50)]
[(h5,87)]
[(x4,44)]
[(s7,34)]
[(b0,16)]
[(o3,72)]
[(p0,41)]
Waiting...
[(u3,7)]
Waiting...
Waiting...
[(m8,100)]
(a9,79)
(a4,5)
(a3,89)
(a8,0)
(a6,49)
(a0,33)
(a5,33)
(a2,52)
(a1,42)
(b4,83)
(b8,8)
(b2,46)
(b0,16)
(b1,48)
(b6,22)
(b5,86)
(b9,7)
(b7,80)
(c2,13)
(c4,10)
(c0,52)
(c7,11)
(c8,91)
(d1,25)
(d8,26)
(d4,84)
(d3,2)
(d5,52)
(d0,1)
(d6,19)
(d2,98)
(e5,44)
(e0,73)
(e2,91)
(e6,77)
(e4,45)
(e9,90)
(e8,100)
(f6,20)
(f4,35)
(f8,29)
(f2,69)
(f9,95)
(f5,55)
(f3,83)
(f1,83)
(g1,12)
(g7,37)
(g9,21)
(g2,44)
(g4,93)
(g0,53)
(g3,4)
(g6,60)
(g5,61)
(h8,78)
(h4,50)
(h0,79)
(h9,5)
(h7,31)
(h5,87)
(h6,93)
(i5,49)
(i0,27)
(i8,10)
(i1,90)
(i7,35)
(i4,8)
(i6,64)
(i2,50)
(i9,31)
(i3,83)
(j2,62)
(j0,42)
(j8,95)
(j6,6)
(j7,66)
(j5,51)
(j9,58)
(j1,58)
(j4,38)
(k6,36)
(k5,54)
(k0,50)
(k2,31)
(k8,22)
(k7,96)
(k4,2)
(k9,69)
(l1,20)
(l9,8)
(l5,44)
(l6,35)
(l4,61)
(l0,50)
(l7,41)
(l8,18)
(m6,81)
(m8,100)
(m7,51)
(m3,55)
(m4,40)
(m1,22)
(m0,2)
(n9,28)
(n3,53)
(n2,70)
(n8,6)
(n0,42)
(n1,84)
(n7,51)
(n6,2)
(n4,34)
(o4,86)
(o7,45)
(o5,6)
(o8,62)
(o9,47)
(p5,75)
(p7,59)
(p6,6)
(p4,14)
(p1,88)
(p0,41)
(p9,36)
(p8,76)
(p3,72)
(q6,90)
(q7,55)
(q5,15)
(q2,25)
(q8,8)
(q0,73)
(q4,98)
(q1,30)
(r7,94)
(r9,54)
(r3,41)
(r5,15)
(r0,1)
(r4,65)
(r8,50)
(r2,50)
(r6,50)
(s6,32)
(s8,14)
(s3,23)
(s1,31)
(s2,10)
(s0,37)
(s7,34)
(t5,52)
(t4,74)
(t3,72)
(t0,46)
(t6,76)
(t8,48)
(u7,25)
(u2,81)
(u3,7)
(u0,10)
(u4,71)
(u1,0)
(u8,45)
(u9,27)
(u6,14)
(v7,45)
(v5,89)
(v4,78)
(v1,13)
(v8,63)
(v3,54)
(v6,55)
(v2,54)
(w1,40)
(w4,91)
(w6,68)
(w7,54)
(w9,18)
(w3,66)
(w2,89)
(w5,49)
(w8,80)
(w0,38)
(x6,33)
(x2,14)
(x5,52)
(x4,44)
(x7,61)
(x3,66)
(x1,6)
(x0,9)
(y2,94)
(y0,71)
(y3,45)
(y8,78)
(y9,4)
(y7,11)
(y4,39)
(y1,2)
(y5,91)
(z7,42)
(z6,59)
(z5,35)
(z0,8)
(z3,66)
(z8,7)
[(s0,37)]
[(i8,10)]
[(z7,42)]
Waiting...
[(w6,68)]
[(x0,9)]
[(b2,46)]
[(p4,14)]
