(a6,84)
(a1,19)
(a8,65)
(a0,95)
(a5,5)
(a9,58)
(a2,28)
(a7,13)
(b3,2)
(b6,77)
(b8,9)
(b5,94)
(b4,35)
(b9,4)
(b0,49)
(b1,22)
(c0,80)
(c4,70)
(c9,41)
(c3,65)
(c1,10)
(c7,72)
(d8,7)
(d5,40)
(d6,68)
(d7,2)
(d2,58)
(d3,63)
(d0,12)
(e1,39)
(e9,81)
(e5,63)
(e4,41)
(e3,91)
(e7,74)
(e2,32)
(e0,6)
(f6,56)
(f9,64)
(f0,14)
(f8,72)
(f1,18)
(f7,5)
(f4,15)
(f3,33)
(g9,5)
(g2,14)
(g0,85)
(g6,16)
(g4,26)
(g5,83)
(g7,75)
(g3,44)
(h4,13)
(h1,43)
(h8,81)
(h6,56)
(h9,49)
(h2,31)
(h3,70)
(h7,28)
(h0,93)
(i7,16)
(i5,29)
(i4,80)
(i3,10)
(i2,42)
(i6,63)
(i8,97)
(i1,32)
(i0,62)
(j7,57)
(j6,1)
(j3,64)
(j8,40)
(j1,33)
(j2,57)
(j9,89)
(j5,5)
(j4,79)
(k5,92)
(k8,42)
(k4,63)
(k7,2)
(k1,54)
(k6,23)
(k2,35)
(k9,59)
(l7,97)
(l8,100)
(l9,94)
(l1,8)
(l3,46)
(l6,53)
(l0,17)
(l2,88)
(m9,65)
(m5,41)
(m6,10)
(m1,67)
(m4,43)
(m0,56)
(m2,39)
(m8,71)
(m7,48)
(m3,83)
(n4,41)
(n2,50)
(n6,4)
(n1,53)
(n9,26)
(n8,88)
(n7,65)
(o1,45)
(o3,35)
(o2,6)
(o4,70)
(o9,33)
(o0,5)
(o8,33)
(o6,91)
(o7,66)
(o5,24)
(p0,22)
(p1,88)
(p8,10)
(p2,67)
(p3,90)
(p5,44)
(p9,67)
(p4,97)
(p7,44)
(q0,33)
(q1,88)
(q9,82)
(q7,32)
(q4,20)
(q5,70)
(q6,74)
(q2,69)
(q3,53)
(r2,5)
(r3,39)
(r9,12)
(r8,3)
(r7,45)
(r6,74)
(r0,60)
(s7,100)
(s2,30)
(s4,73)
(s5,75)
(s3,64)
(s9,94)
(s8,1)
(s6,42)
(t3,50)
(t4,71)
(t6,37)
(t9,69)
(t1,68)
(t8,14)
(t0,88)
(t7,25)
(t5,54)
(u1,46)
(u3,76)
(u2,39)
(u5,70)
(u7,79)
(u0,24)
(u8,97)
(v3,82)
(v4,73)
(v7,64)
(v1,72)
(v6,42)
(v0,82)
(v2,67)
(v5,11)
(w7,73)
(w1,10)
(w4,38)
(w9,11)
(w8,60)
(w6,41)
(w5,48)
(w3,31)
(x3,100)
(x2,75)
(x5,56)
(x8,59)
(x0,34)
(x7,90)
(x1,53)
(x6,23)
(x4,98)
(y4,62)
(y2,43)
(y3,29)
(y6,66)
(y9,25)
(y1,62)
(y8,91)
(z6,10)
(z4,4)
(z5,83)
(z8,12)
(z9,6)
(z2,77)
(z7,73)
(z1,71)
[(d5,40)]
Waiting...
(a6,84)
(a1,19)
(a8,65)
(a0,95)
(a5,5)
(a9,58)
(a2,28)
(a7,13)
(b3,2)
(b6,77)
(b8,9)
(b5,94)
(b4,35)
(b9,82)
(b0,49)
(c0,80)
(c4,70)
(c9,41)
(c3,65)
(c1,10)
(c7,72)
(d8,7)
(d5,40)
(d6,68)
(d2,82)
(d3,63)
(d0,12)
(e1,39)
(e9,81)
(e5,63)
(e4,41)
(e3,91)
(e7,74)
(e0,6)
(f6,56)
(f9,44)
(f0,14)
(f8,72)
(f1,18)
(f7,5)
(f4,15)
(f3,33)
(g9,5)
(g0,85)
(g6,16)
(g4,26)
(g5,83)
(g7,75)
(g3,44)
(h4,13)
(h8,81)
(h6,56)
(h2,31)
(h3,70)
(h7,58)
(h0,93)
(i7,16)
(i5,29)
(i4,80)
(i3,10)
(i2,42)
(i6,63)
(i8,97)
(i1,32)
(i0,27)
(j7,57)
(j6,1)
(j3,64)
(j8,40)
(j1,45)
(j2,57)
(j9,89)
(j5,5)
(j4,79)
(k5,92)
(k8,42)
(k4,63)
(k7,2)
(k1,54)
(k6,86)
(k2,35)
(k9,59)
(l7,97)
(l8,100)
(l9,94)
(l1,8)
(l3,46)
(l6,53)
(l0,17)
(l2,88)
(m9,65)
(m5,41)
(m6,10)
(m4,43)
(m0,56)
(m2,39)
(m8,71)
(m7,48)
(m3,83)
(n5,24)
(n3,93)
(n4,41)
(n2,50)
(n6,4)
(n1,53)
(n9,26)
(n8,88)
(n7,79)
(o1,45)
(o3,35)
(o2,6)
(o4,70)
(o0,5)
(o8,33)
(o6,59)
(o7,66)
(o5,24)
(p0,22)
(p1,27)
(p8,10)
(p2,67)
(p3,90)
(p9,67)
(p4,97)
(p7,44)
(q1,88)
(q9,82)
(q7,32)
(q4,20)
(q5,70)
(q6,74)
(q2,69)
(q3,53)
(r2,5)
(r3,39)
(r9,12)
(r8,3)
(r7,45)
(r6,74)
(r0,60)
(s7,100)
(s2,30)
(s4,73)
(s5,75)
(s9,94)
(s8,1)
(s6,42)
(t3,50)
(t6,37)
(t9,69)
(t1,68)
(t8,14)
(t0,88)
(t7,25)
(t5,59)
(u1,46)
(u3,76)
(u2,39)
(u5,70)
(u7,79)
(u0,24)
(u8,97)
(v3,82)
(v4,73)
(v7,64)
(v1,72)
(v6,42)
(v0,82)
(v2,67)
(v5,11)
(w7,73)
(w1,10)
(w4,38)
(w9,11)
(w8,60)
(w5,48)
(x3,100)
(x2,75)
(x5,56)
(x8,59)
(x0,34)
(x7,90)
(x1,53)
(x6,23)
(x4,98)
(y4,62)
(y2,43)
(y3,29)
(y6,66)
(y9,25)
(y1,99)
(y8,91)
(z0,66)
(z6,10)
(z4,4)
(z5,83)
(z8,12)
(z9,6)
(z2,77)
(z7,73)
(z1,71)
[(p1,27)]
[(i7,84)]
[(b9,82)]
[(e0,38)]
[(h4,76)]
[(n2,26)]
Waiting...
[(t5,59)]
(a3,63)
(a6,84)
(a1,19)
(a8,65)
(a0,95)
(a5,5)
(a9,58)
(a2,28)
(a7,13)
(b3,2)
(b6,77)
(b8,9)
(b5,94)
(b4,35)
(b0,26)
(c0,80)
(c4,77)
(c9,41)
(c3,37)
(c1,10)
(c7,72)
(d8,81)
(d5,40)
(d6,97)
(d3,63)
(d0,12)
(e1,39)
(e9,81)
(e5,20)
(e4,68)
(e3,91)
(e7,74)
(e0,38)
(f6,56)
(f9,44)
(f0,14)
(f8,72)
(f1,18)
(f7,5)
(f4,15)
(f3,33)
(g8,91)
(g9,5)
(g0,85)
(g6,16)
(g4,26)
(g5,83)
(g7,85)
(g3,100)
(h9,39)
(h4,76)
(h8,81)
(h6,56)
(h3,70)
(h7,58)
(h0,93)
(i9,6)
(i7,84)
(i5,29)
(i4,80)
(i3,10)
(i2,8)
(i6,63)
(i8,77)
(i1,32)
(i0,27)
(j7,57)
(j6,1)
(j3,1)
(j8,40)
(j1,45)
(j2,57)
(j9,89)
(j5,5)
(j4,79)
(k5,92)
(k8,41)
(k4,63)
(k7,2)
(k1,54)
(k6,86)
(k2,35)
(k9,7)
(l8,100)
(l9,94)
(l1,8)
(l3,46)
(l6,53)
(l0,3)
(l2,88)
(m9,65)
(m5,41)
(m6,10)
(m4,44)
(m0,99)
(m2,39)
(m8,71)
(m7,48)
(m3,83)
(n5,24)
(n3,93)
(n4,41)
(n2,26)
(n6,70)
(n1,53)
(n9,26)
(n8,97)
(n7,79)
(o1,45)
(o3,35)
(o2,6)
(o4,70)
(o0,5)
(o8,33)
(o6,59)
(o7,66)
(o5,34)
(p0,22)
(p1,27)
(p8,51)
(p2,67)
(p3,90)
(p9,28)
(p4,98)
(p7,44)
(q1,88)
(q9,82)
(q7,32)
(q4,20)
(q5,70)
(q6,74)
(q2,69)
(q3,12)
(r2,5)
(r3,39)
(r9,12)
(r8,3)
(r7,85)
(r6,74)
(r0,60)
(s1,85)
(s7,100)
(s2,30)
(s4,73)
(s5,75)
(s9,94)
(s8,1)
(s6,42)
(t3,50)
(t6,37)
(t9,69)
(t1,68)
(t8,14)
(t0,88)
(t7,25)
(t5,59)
(u9,70)
(u1,46)
(u3,76)
(u2,93)
(u5,70)
(u7,79)
(u0,24)
(u8,97)
(v3,82)
(v4,73)
(v7,64)
(v1,62)
(v6,74)
(v0,95)
(v2,18)
(v5,50)
(w7,15)
(w1,10)
(w4,22)
(w9,11)
(w8,60)
(w5,48)
(x3,100)
(x2,75)
(x5,91)
(x8,59)
(x0,34)
(x7,90)
(x1,53)
(x6,23)
(x4,69)
(y4,46)
(y2,43)
(y3,29)
(y6,66)
(y9,25)
(y1,99)
(y8,91)
(z3,76)
(z0,66)
(z6,10)
(z4,4)
(z5,83)
(z8,32)
(z9,6)
(z2,77)
(z7,55)
(z1,71)
[(y4,46)]
(a3,63)
(a6,84)
(a1,19)
(a8,65)
(a0,95)
(a5,5)
(a9,58)
(a2,28)
(a7,13)
(b3,2)
(b6,77)
(b8,9)
(b5,94)
(b4,35)
(b0,26)
(c5,46)
(c0,80)
(c4,77)
(c9,41)
(c3,37)
(c1,10)
(c7,72)
(d9,76)
(d8,81)
(d5,40)
(d6,97)
(d3,63)
(d0,12)
(e1,39)
(e9,81)
(e5,20)
(e4,68)
(e3,91)
(e7,74)
(e0,38)
(f6,56)
(f9,44)
(f0,14)
(f8,72)
(f1,18)
(f7,5)
(f4,15)
(f3,33)
(g8,91)
(g9,91)
(g0,85)
(g6,16)
(g4,26)
(g5,22)
(g7,85)
(h9,39)
(h4,76)
(h8,81)
(h6,56)
(h3,70)
(h7,58)
(h0,93)
(i9,6)
(i7,84)
(i5,29)
(i4,80)
(i3,10)
(i2,8)
(i6,63)
(i8,77)
(i1,32)
(i0,27)
(j7,57)
(j6,1)
(j3,1)
(j8,40)
(j1,45)
(j2,57)
(j9,89)
(j5,5)
(j4,79)
(k0,67)
(k5,92)
(k8,41)
(k4,63)
(k7,2)
(k1,54)
(k6,86)
(k2,35)
(k9,7)
(l7,39)
(l8,100)
(l9,94)
(l1,8)
(l3,46)
(l6,53)
(l0,3)
(l2,88)
(m9,65)
(m5,41)
(m6,10)
(m4,44)
(m0,99)
(m2,39)
(m8,71)
(m7,48)
(m3,83)
(n5,24)
(n3,93)
(n4,41)
(n2,26)
(n6,70)
(n1,53)
(n9,26)
(n8,97)
(n7,79)
(o1,45)
(o3,35)
(o2,6)
(o4,70)
(o0,5)
(o8,33)
(o6,59)
(o7,66)
(o5,34)
(p0,22)
(p1,27)
(p8,51)
(p2,67)
(p3,90)
(p9,28)
(p4,98)
(p7,44)
(q1,88)
(q9,82)
(q7,32)
(q4,20)
(q5,70)
(q6,74)
(q2,8)
(q3,12)
(r2,5)
(r3,39)
(r9,12)
(r8,3)
(r6,74)
(r0,60)
(s1,85)
(s7,100)
(s2,30)
(s4,73)
(s5,75)
(s9,94)
(s8,1)
(s6,42)
(t3,50)
(t6,37)
(t9,69)
(t1,62)
(t8,14)
(t0,58)
(t7,25)
(t5,59)
(u9,70)
(u1,46)
(u3,76)
(u2,93)
(u5,70)
(u7,79)
(u0,24)
(u8,97)
(v3,82)
(v4,73)
(v7,64)
(v1,62)
(v6,74)
(v0,95)
(v2,18)
(v5,50)
(w2,83)
(w7,15)
(w1,10)
(w4,22)
(w9,11)
(w8,60)
(w5,5)
(x3,100)
(x2,75)
(x5,91)
(x8,59)
(x0,34)
(x7,90)
(x1,53)
(x6,23)
(x4,69)
(y5,99)
(y4,46)
(y2,43)
(y3,29)
(y6,66)
(y9,25)
(y1,99)
(y8,91)
(z3,76)
(z0,66)
(z6,10)
(z4,4)
(z5,83)
(z8,32)
(z9,6)
(z2,77)
(z7,55)
(z1,71)
[(e0,38)]
[(l0,3)]
(a3,63)
(a6,84)
(a1,19)
(a8,65)
(a0,95)
(a5,5)
(a9,58)
(a2,28)
(a7,13)
(b3,2)
(b6,77)
(b8,9)
(b5,94)
(b4,35)
(b0,26)
(c5,46)
(c0,80)
(c4,77)
(c9,41)
(c3,37)
(c1,10)
(c7,72)
(d7,65)
(d9,76)
(d8,81)
(d5,40)
(d6,97)
(d3,63)
(d0,12)
(e1,39)
(e9,81)
(e5,20)
(e4,68)
(e3,91)
(e7,74)
(e0,38)
(f6,56)
(f9,44)
(f0,14)
(f8,72)
(f1,18)
(f7,5)
(f4,15)
(f3,31)
(g8,91)
(g9,91)
(g0,85)
(g6,16)
(g4,26)
(g5,22)
(g7,85)
(h1,40)
(h9,39)
(h4,76)
(h8,81)
(h6,56)
(h3,70)
(h7,58)
(h0,93)
(i9,6)
(i7,84)
(i5,29)
(i4,80)
(i3,10)
(i2,8)
(i6,63)
(i8,77)
(i1,32)
(i0,27)
(j7,57)
(j6,1)
(j3,1)
(j8,40)
(j1,45)
(j2,57)
(j9,89)
(j5,5)
(j4,79)
(k3,85)
(k0,67)
(k5,92)
(k8,41)
(k4,63)
(k7,2)
(k1,54)
(k6,86)
(k2,35)
(k9,7)
(l7,39)
(l8,100)
(l9,99)
(l1,8)
(l3,46)
(l6,53)
(l0,3)
(l2,88)
(m9,65)
(m5,41)
(m6,10)
(m4,44)
(m0,99)
(m2,37)
(m8,71)
(m7,48)
(m3,83)
(n5,24)
(n3,93)
(n4,41)
(n2,26)
(n6,70)
(n1,53)
(n9,26)
(n8,97)
(n7,79)
(o1,45)
(o3,35)
(o2,6)
(o4,70)
(o0,5)
(o8,33)
(o6,59)
(o7,66)
(o5,34)
(p0,22)
(p1,27)
(p8,51)
(p2,67)
(p3,90)
(p9,28)
(p4,98)
(p7,44)
(q1,88)
(q9,82)
(q7,32)
(q4,20)
(q5,70)
(q6,74)
(q2,8)
(q3,12)
(r2,5)
(r3,39)
(r9,12)
(r8,3)
(r6,74)
(r0,60)
(s1,85)
(s7,100)
(s2,30)
(s4,73)
(s5,75)
(s9,94)
(s8,59)
(s6,42)
(t3,0)
(t6,37)
(t9,89)
(t1,62)
(t8,14)
(t0,58)
(t7,25)
(t5,59)
(u9,70)
(u1,46)
(u3,76)
(u2,93)
(u5,70)
(u7,79)
(u0,24)
(u8,97)
(v3,82)
(v4,73)
(v7,64)
(v1,62)
(v6,74)
(v0,95)
(v2,18)
(v5,50)
(w2,83)
(w7,15)
(w1,10)
(w4,22)
(w9,11)
(w8,60)
(w5,5)
(x3,100)
(x2,75)
(x5,91)
(x8,59)
(x0,34)
(x7,90)
(x1,53)
(x6,23)
(x4,69)
(y5,99)
(y4,46)
(y2,43)
(y3,29)
(y6,66)
(y9,25)
(y1,99)
(y8,91)
(z3,76)
(z0,66)
(z6,10)
(z4,4)
(z5,83)
(z8,32)
(z9,6)
(z2,77)
(z7,55)
(z1,71)
(a3,63)
(a6,84)
(a1,19)
(a8,65)
(a0,95)
(a5,5)
(a9,58)
(a2,28)
(a7,13)
(b3,2)
(b6,77)
(b8,9)
(b5,94)
(b4,35)
(b0,26)
(c5,46)
(c0,80)
(c4,77)
(c9,41)
(c3,37)
(c1,10)
(c7,72)
(d4,64)
(d7,65)
(d9,76)
(d8,81)
(d5,40)
(d6,97)
(d3,63)
(d0,12)
(e1,39)
(e9,81)
(e5,20)
(e4,68)
(e3,91)
(e7,74)
(e0,38)
(f6,56)
(f9,44)
(f0,14)
(f8,72)
(f1,18)
(f7,5)
(f4,15)
(f3,31)
(g2,87)
(g8,91)
(g9,91)
(g0,85)
(g6,70)
(g4,26)
(g5,22)
(g7,85)
(h1,40)
(h9,39)
(h4,76)
(h8,81)
(h6,56)
(h3,70)
(h7,58)
(h0,93)
(i9,6)
(i7,84)
(i5,29)
(i4,80)
(i3,10)
(i2,8)
(i6,63)
(i8,77)
(i1,32)
(i0,27)
(j7,57)
(j6,1)
(j3,1)
(j8,40)
(j1,45)
(j2,57)
(j9,89)
(j5,5)
(j4,79)
(k3,85)
(k0,67)
(k5,92)
(k8,41)
(k4,63)
(k7,2)
(k1,54)
(k6,86)
(k2,35)
(k9,7)
(l7,39)
(l8,100)
(l9,99)
(l1,8)
(l3,46)
(l6,53)
(l0,3)
(l2,88)
(m9,65)
(m5,41)
(m6,10)
(m4,44)
(m0,99)
(m2,37)
(m8,71)
(m7,18)
(m3,83)
(n5,24)
(n3,93)
(n4,41)
(n2,26)
(n6,70)
(n1,53)
(n9,26)
(n8,97)
(n7,79)
(o1,45)
(o3,35)
(o2,6)
(o4,70)
(o0,5)
(o8,33)
(o6,59)
(o7,66)
(o5,34)
(p0,22)
(p1,27)
(p8,51)
(p2,67)
(p3,90)
(p9,28)
(p4,98)
(p7,44)
(q1,88)
(q9,82)
(q7,32)
(q4,20)
(q5,70)
(q6,74)
(q2,8)
(q3,12)
(r2,5)
(r3,39)
(r9,12)
(r8,3)
(r6,74)
(r0,60)
(s1,85)
(s7,100)
(s2,30)
(s4,73)
(s5,75)
(s9,94)
(s8,59)
(s6,42)
(t3,0)
(t6,37)
(t9,89)
(t1,62)
(t8,14)
(t0,58)
(t7,25)
(t5,59)
(u9,70)
(u1,46)
(u3,76)
(u2,93)
(u5,70)
(u7,79)
(u0,24)
(u8,97)
(v3,82)
(v4,73)
(v7,64)
(v1,62)
(v6,74)
(v0,95)
(v2,18)
(v5,50)
(w2,83)
(w7,15)
(w1,10)
(w4,22)
(w9,11)
(w8,60)
(w5,5)
(x3,100)
(x2,75)
(x5,91)
(x8,59)
(x0,34)
(x7,90)
(x1,53)
(x6,23)
(x4,69)
(y5,99)
(y4,46)
(y2,23)
(y3,29)
(y6,66)
(y9,25)
(y1,99)
(y8,91)
(z3,76)
(z0,66)
(z6,10)
(z4,4)
(z5,83)
(z8,32)
(z9,6)
(z2,54)
(z7,55)
(z1,71)
[(g2,87)]
Waiting...
