[(v2,63)]
[(t6,71)]
[(v2,63)]
(a6,54)
(a7,2)
(a9,20)
(a2,95)
(a8,73)
(a5,84)
(a0,65)
(a3,8)
(a1,32)
(b0,73)
(b6,26)
(b4,2)
(b5,25)
(b9,25)
(b3,33)
(b7,75)
(c6,62)
(c2,15)
(c7,85)
(c1,63)
(c5,46)
(c9,50)
(d7,31)
(d6,9)
(d3,83)
(d5,55)
(d1,60)
(d8,82)
(d0,81)
(d9,86)
(e9,23)
(e6,47)
(e0,86)
(e8,23)
(e3,30)
(e5,41)
(f8,65)
(f3,82)
(f0,30)
(f6,100)
(f2,43)
(f7,25)
(g1,61)
(g2,24)
(g6,37)
(g8,28)
(g0,67)
(g5,56)
(g7,84)
(g9,29)
(g4,99)
(g3,60)
(h0,82)
(h8,34)
(h4,12)
(h9,27)
(h5,78)
(h2,82)
(h3,31)
(h1,49)
(h7,47)
(h6,28)
(i9,20)
(i5,19)
(i4,55)
(i0,13)
(i7,62)
(i8,62)
(j1,70)
(j9,97)
(j0,17)
(j3,74)
(j6,75)
(j7,85)
(j2,30)
(j5,62)
(k7,13)
(k8,38)
(k9,72)
(k1,44)
(k5,47)
(l2,2)
(l1,98)
(l0,52)
(l4,8)
(l3,11)
(l9,73)
(l5,40)
(m1,83)
(m9,15)
(m3,50)
(m0,41)
(m4,51)
(m6,93)
(m8,5)
(m2,62)
(n9,65)
(n3,73)
(n1,24)
(n5,52)
(n8,7)
(n6,88)
(n4,85)
(n0,58)
(n7,35)
(o0,27)
(o1,31)
(o6,96)
(o9,49)
(o2,80)
(o7,0)
(o4,19)
(p7,88)
(p6,47)
(p3,13)
(p0,10)
(p9,3)
(p5,63)
(p8,42)
(q1,56)
(q9,20)
(q4,16)
(q8,1)
(q3,18)
(q0,43)
(q5,90)
(q2,4)
(r9,93)
(r5,76)
(r1,37)
(r8,49)
(r3,49)
(r4,12)
(r2,22)
(r7,33)
(r0,48)
(s2,37)
(s3,70)
(s1,17)
(s4,56)
(s6,46)
(s7,4)
(s5,93)
(t2,67)
(t4,96)
(t0,43)
(t3,60)
(t9,99)
(t1,40)
(t5,95)
(t6,71)
(t8,8)
(u0,22)
(u2,59)
(u7,92)
(u3,48)
(u8,66)
(u1,61)
(u4,60)
(u5,85)
(v2,63)
(v9,50)
(v0,100)
(v4,78)
(w7,53)
(w1,1)
(w3,28)
(w8,7)
(w5,65)
(w4,75)
(w6,81)
(x1,94)
(x5,43)
(x2,15)
(x8,34)
(x0,13)
(x6,67)
(x9,86)
(x3,2)
(y8,98)
(y5,69)
(y1,35)
(y7,19)
(y9,71)
(y2,7)
(y4,71)
(y0,55)
(y3,44)
(y6,24)
(z5,92)
(z2,64)
(z3,74)
(z1,35)
(z9,98)
(z7,51)
(z8,82)
(z6,84)
(z0,46)
[(m0,41)]
Waiting...
(a6,54)
(a7,2)
(a9,20)
(a2,95)
(a8,73)
(a5,84)
(a0,65)
(a3,8)
(a1,32)
(b0,73)
(b6,26)
(b4,2)
(b5,25)
(b9,25)
(b3,33)
(b7,75)
(c6,62)
(c2,15)
(c7,85)
(c1,63)
(c5,46)
(c9,50)
(d7,31)
(d6,9)
(d3,99)
(d5,55)
(d1,60)
(d8,75)
(d0,81)
(d9,86)
(e9,97)
(e6,47)
(e0,86)
(e8,23)
(e3,30)
(e5,41)
(f8,65)
(f3,82)
(f0,30)
(f6,43)
(f2,43)
(f7,25)
(g1,61)
(g2,97)
(g6,37)
(g8,28)
(g0,67)
(g5,56)
(g7,84)
(g9,29)
(g4,99)
(g3,60)
(h0,82)
(h8,34)
(h4,12)
(h9,27)
(h5,78)
(h2,82)
(h3,31)
(h1,49)
(h7,47)
(h6,28)
(i9,20)
(i5,19)
(i4,55)
(i0,13)
(i7,62)
(i8,62)
(j1,70)
(j9,97)
(j0,17)
(j3,74)
(j6,75)
(j7,85)
(j2,30)
(j5,62)
(k4,49)
(k7,13)
(k8,38)
(k9,72)
(k1,44)
(k5,47)
(l2,2)
(l1,98)
(l0,52)
(l4,8)
(l3,65)
(l9,73)
(l5,40)
(m1,52)
(m9,15)
(m3,50)
(m0,41)
(m4,51)
(m6,93)
(m8,5)
(m2,62)
(n9,65)
(n3,73)
(n1,24)
(n5,52)
(n8,7)
(n6,88)
(n4,85)
(n0,58)
(n7,35)
(o0,27)
(o1,31)
(o6,96)
(o9,49)
(o2,80)
(o7,0)
(o4,19)
(p7,88)
(p6,0)
(p3,13)
(p0,10)
(p9,3)
(p5,86)
(p8,42)
(q1,56)
(q9,20)
(q4,16)
(q8,1)
(q3,18)
(q0,43)
(q5,90)
(q2,4)
(r9,93)
(r5,76)
(r1,32)
(r8,49)
(r3,49)
(r4,12)
(r2,22)
(r7,33)
(r0,48)
(s2,37)
(s3,70)
(s1,17)
(s4,56)
(s6,46)
(s7,4)
(s5,93)
(t2,67)
(t4,96)
(t0,43)
(t3,60)
(t9,99)
(t1,40)
(t5,95)
(t6,71)
(t8,8)
(u0,22)
(u2,59)
(u7,92)
(u3,48)
(u8,66)
(u1,61)
(u4,60)
(u5,85)
(v2,63)
(v9,50)
(v0,100)
(v4,78)
(w7,53)
(w1,1)
(w3,28)
(w8,7)
(w5,65)
(w4,75)
(w6,42)
(x7,83)
(x1,94)
(x5,43)
(x2,15)
(x8,34)
(x0,13)
(x6,67)
(x9,86)
(x3,2)
(y8,98)
(y5,69)
(y1,35)
(y7,19)
(y9,71)
(y2,7)
(y4,71)
(y0,55)
(y3,44)
(y6,24)
(z5,92)
(z2,64)
(z3,74)
(z1,35)
(z9,98)
(z7,51)
(z8,82)
(z6,84)
(z0,46)
[(m1,52)]
(a6,54)
(a7,2)
(a9,20)
(a2,95)
(a8,73)
(a5,84)
(a0,65)
(a3,8)
(a1,32)
(b0,73)
(b6,26)
(b4,2)
(b5,25)
(b9,25)
(b3,33)
(b7,75)
(c6,62)
(c2,15)
(c7,85)
(c1,63)
(c5,46)
(c9,50)
(d7,31)
(d6,9)
(d3,99)
(d5,55)
(d1,60)
(d8,75)
(d0,81)
(d9,86)
(e9,97)
(e6,47)
(e0,86)
(e8,23)
(e3,30)
(e5,41)
(f8,65)
(f3,82)
(f0,30)
(f6,43)
(f2,43)
(f7,25)
(g1,61)
(g2,97)
(g6,37)
(g8,28)
(g0,67)
(g5,56)
(g7,84)
(g9,29)
(g4,99)
(g3,60)
(h0,82)
(h8,34)
(h4,12)
(h9,27)
(h5,78)
(h2,82)
(h3,31)
(h1,49)
(h7,47)
(h6,28)
(i9,20)
(i5,19)
(i4,55)
(i0,13)
(i7,62)
(i8,62)
(j1,70)
(j9,97)
(j0,17)
(j3,74)
(j6,75)
(j7,85)
(j2,30)
(j5,62)
(k4,49)
(k7,13)
(k8,38)
(k9,72)
(k1,44)
(k5,47)
(l2,2)
(l1,98)
(l0,52)
(l4,8)
(l3,65)
(l9,73)
(l5,40)
(m1,52)
(m9,15)
(m3,50)
(m0,41)
(m4,51)
(m6,93)
(m8,5)
(m2,62)
(n9,65)
(n3,73)
(n1,24)
(n5,52)
(n8,7)
(n6,88)
(n4,85)
(n0,58)
(n7,35)
(o0,27)
(o1,31)
(o6,96)
(o9,49)
(o2,80)
(o7,0)
(o4,19)
(p7,88)
(p6,0)
(p3,13)
(p0,10)
(p9,3)
(p5,86)
(p8,42)
(q1,56)
(q9,20)
(q4,16)
(q8,1)
(q3,18)
(q0,43)
(q5,90)
(q2,4)
(r9,93)
(r5,76)
(r1,32)
(r8,49)
(r3,49)
(r4,12)
(r2,22)
(r7,33)
(r0,48)
(s2,37)
(s3,70)
(s1,17)
(s4,56)
(s6,46)
(s7,4)
(s5,93)
(t2,67)
(t4,96)
(t0,43)
(t3,60)
(t9,99)
(t1,40)
(t5,95)
(t6,71)
(t8,8)
(u0,22)
(u2,59)
(u7,92)
(u3,48)
(u8,66)
(u1,61)
(u4,60)
(u5,85)
(v2,63)
(v9,50)
(v0,100)
(v4,78)
(w7,53)
(w1,1)
(w3,28)
(w8,7)
(w5,65)
(w4,75)
(w6,42)
(x7,83)
(x1,94)
(x5,43)
(x2,15)
(x8,34)
(x0,13)
(x6,67)
(x9,86)
(x3,2)
(y8,98)
(y5,69)
(y1,35)
(y7,19)
(y9,71)
(y2,7)
(y4,71)
(y0,55)
(y3,44)
(y6,24)
(z5,92)
(z2,64)
(z3,74)
(z1,35)
(z9,98)
(z7,51)
(z8,82)
(z6,84)
(z0,46)
[(c7,85)]
(a6,54)
(a7,2)
(a9,20)
(a2,95)
(a8,73)
(a5,84)
(a0,65)
(a3,8)
(a1,32)
(b0,73)
(b6,26)
(b4,2)
(b5,25)
(b9,25)
(b3,33)
(b7,75)
(c6,62)
(c2,15)
(c7,85)
(c1,63)
(c5,46)
(c9,50)
(d7,31)
(d6,9)
(d3,99)
(d5,55)
(d1,60)
(d8,75)
(d0,81)
(d9,86)
(e9,97)
(e6,47)
(e0,86)
(e8,23)
(e3,30)
(e5,41)
(f8,65)
(f3,82)
(f0,30)
(f6,43)
(f2,43)
(f7,25)
(g1,61)
(g2,97)
(g6,37)
(g8,28)
(g0,67)
(g5,56)
(g7,84)
(g9,29)
(g4,99)
(g3,60)
(h0,82)
(h8,34)
(h4,12)
(h9,27)
(h5,78)
(h2,82)
(h3,31)
(h1,49)
(h7,47)
(h6,28)
(i9,20)
(i5,19)
(i4,55)
(i0,13)
(i7,62)
(i8,62)
(j1,70)
(j9,97)
(j0,17)
(j3,74)
(j6,75)
(j7,85)
(j2,30)
(j5,62)
(k7,13)
(k8,38)
(k9,72)
(k1,44)
(k5,47)
(l2,2)
(l1,98)
(l0,52)
(l4,8)
(l9,73)
(l5,40)
(m1,52)
(m9,15)
(m3,50)
(m0,41)
(m4,51)
(m6,93)
(m8,5)
(m2,62)
(n9,65)
(n3,73)
(n1,24)
(n5,52)
(n8,7)
(n6,88)
(n4,85)
(n0,58)
(n7,35)
(o0,27)
(o1,31)
(o6,96)
(o9,49)
(o2,80)
(o7,0)
(o4,19)
(p7,88)
(p6,0)
(p3,13)
(p0,10)
(p9,3)
(p5,86)
(p8,42)
(q1,56)
(q9,20)
(q4,16)
(q8,1)
(q3,18)
(q0,43)
(q5,90)
(r9,93)
(r5,76)
(r1,32)
(r8,49)
(r3,49)
(r4,12)
(r2,22)
(r7,33)
(r0,48)
(s2,37)
(s3,70)
(s1,17)
(s4,56)
(s6,46)
(s7,4)
(s5,93)
(t2,67)
(t4,96)
(t0,43)
(t3,60)
(t9,99)
(t1,40)
(t5,95)
(t8,8)
(u0,22)
(u2,59)
(u7,92)
(u3,48)
(u8,66)
(u1,61)
(u4,60)
(u5,85)
(v2,63)
(v9,50)
(v0,100)
(v4,78)
(w7,53)
(w1,1)
(w3,28)
(w8,7)
(w5,65)
(w4,75)
(x1,94)
(x5,43)
(x2,15)
(x8,34)
(x0,13)
(x6,67)
(x9,86)
(x3,2)
(y8,98)
(y5,69)
(y1,35)
(y7,19)
(y9,71)
(y2,7)
(y4,71)
(y0,55)
(y3,44)
(y6,24)
(z5,92)
(z2,64)
(z3,74)
(z1,35)
(z9,98)
(z7,51)
(z8,82)
(z6,84)
(z0,46)
[(a1,17)]
[(v2,63)]
[(i5,91)]
[(o6,18)]
Waiting...
[(t1,18)]
[(n7,52)]
[(c9,76)]
[(f3,33)]
[(p1,68)]
[(f3,33)]
[(j0,80)]
[(c9,76)]
Waiting...
(a4,2)
(a6,54)
(a7,2)
(a9,20)
(a2,95)
(a8,73)
(a5,84)
(a0,65)
(a3,8)
(a1,17)
(b0,20)
(b6,26)
(b4,2)
(b5,7)
(b9,25)
(b7,75)
(c6,62)
(c2,15)
(c1,63)
(c9,76)
(d4,23)
(d7,74)
(d6,43)
(d5,55)
(d1,32)
(d0,81)
(d9,86)
(e7,28)
(e6,91)
(e0,86)
(e8,23)
(e3,42)
(e5,41)
(f9,48)
(f8,65)
(f3,33)
(f0,19)
(f6,43)
(f2,43)
(f7,67)
(g1,61)
(g6,37)
(g8,28)
(g0,67)
(g5,56)
(g7,84)
(g9,29)
(g4,99)
(g3,60)
(h8,77)
(h0,82)
(h4,12)
(h9,27)
(h5,78)
(h2,82)
(h3,31)
(h1,82)
(h7,47)
(h6,28)
(i6,96)
(i9,20)
(i4,100)
(i0,13)
(i7,62)
(i8,26)
(j7,89)
(j1,70)
(j9,97)
(j0,80)
(j3,74)
(j6,75)
(j2,30)
(j5,62)
(k1,72)
(k7,7)
(k8,27)
(k9,72)
(k5,47)
(l8,89)
(l2,2)
(l1,98)
(l0,21)
(l4,8)
(l9,73)
(l5,40)
(m5,86)
(m1,52)
(m9,43)
(m3,50)
(m4,51)
(m6,93)
(m8,5)
(m2,62)
(n4,24)
(n9,65)
(n1,24)
(n5,52)
(n8,60)
(n6,88)
(n0,58)
(n7,52)
(o5,61)
(o3,14)
(o8,40)
(o1,31)
(o9,49)
(o2,80)
(o7,0)
(o4,19)
(p1,68)
(p7,10)
(p3,96)
(p0,10)
(p9,52)
(p8,42)
(q1,8)
(q9,20)
(q4,16)
(q8,1)
(q3,18)
(q0,43)
(q5,67)
(r9,93)
(r5,76)
(r8,49)
(r3,49)
(r4,12)
(r2,22)
(r7,33)
(r0,48)
(s8,99)
(s2,30)
(s3,70)
(s1,17)
(s4,56)
(s6,46)
(s7,4)
(s5,93)
(t2,67)
(t4,74)
(t0,43)
(t3,60)
(t9,99)
(t1,18)
(t5,95)
(t8,8)
(u0,22)
(u2,59)
(u7,46)
(u3,30)
(u8,66)
(u1,61)
(u4,60)
(u5,85)
(v1,35)
(v3,45)
(v0,100)
(v4,78)
(w6,60)
(w7,53)
(w1,1)
(w3,28)
(w8,7)
(w5,65)
(w4,75)
(x1,10)
(x5,43)
(x2,15)
(x8,34)
(x0,13)
(x6,67)
(x9,86)
(x3,2)
(y8,98)
(y5,17)
(y1,35)
(y7,19)
(y9,98)
(y2,7)
(y4,13)
(y0,28)
(y3,44)
(y6,16)
(z5,92)
(z2,99)
(z3,74)
(z1,35)
(z9,98)
(z7,33)
(z8,82)
(z6,84)
(z0,46)
