(a8,54)
(a3,87)
(a1,58)
(a9,39)
(a7,19)
(b5,7)
(b8,73)
(b3,7)
(b2,85)
(b9,42)
(c5,39)
(c6,36)
(c0,89)
(c4,77)
(c7,63)
(d9,58)
(d1,15)
(d2,76)
(d7,96)
(d5,88)
(d3,47)
(d0,53)
(e1,69)
(e9,6)
(e0,32)
(e6,47)
(e8,10)
(e5,49)
(e7,16)
(f1,41)
(f0,15)
(f2,65)
(f4,51)
(f5,99)
(f9,80)
(f8,28)
(f7,5)
(g4,73)
(g1,35)
(g3,91)
(g8,61)
(g9,61)
(g0,35)
(g6,34)
(g5,66)
(h2,61)
(h6,89)
(h5,60)
(h9,99)
(h0,51)
(h8,22)
(h3,4)
(h7,70)
(i0,74)
(i3,9)
(i7,34)
(i9,42)
(i4,56)
(i2,0)
(i8,32)
(j4,12)
(j7,64)
(j2,66)
(j0,95)
(j9,6)
(j3,65)
(j1,45)
(j5,5)
(k8,56)
(k6,25)
(k3,40)
(k5,14)
(k4,76)
(k7,50)
(l1,48)
(l4,57)
(l5,59)
(l9,70)
(l0,91)
(l2,16)
(m6,75)
(m8,3)
(m7,37)
(m5,94)
(m0,93)
(m2,37)
(m3,13)
(n4,62)
(n5,24)
(n7,72)
(o1,27)
(o0,71)
(o3,9)
(o2,89)
(o8,10)
(o6,51)
(o7,56)
(p2,73)
(p4,98)
(p1,69)
(p8,42)
(p9,76)
(p6,100)
(p5,60)
(p0,12)
(p3,88)
(p7,29)
(q4,47)
(q5,56)
(q7,5)
(q8,74)
(q0,78)
(q9,89)
(q6,63)
(q2,8)
(r7,100)
(r1,59)
(r5,84)
(r2,27)
(r3,21)
(r9,49)
(r8,96)
(r6,0)
(r0,78)
(s4,30)
(s0,65)
(s3,79)
(s1,85)
(s8,59)
(s6,68)
(t6,17)
(t9,33)
(t3,56)
(t7,44)
(t1,21)
(t4,71)
(t2,0)
(t8,3)
(u0,71)
(u8,19)
(u4,62)
(u9,90)
(u1,69)
(u3,21)
(u2,23)
(u5,64)
(u7,42)
(v6,55)
(v3,69)
(v2,74)
(v0,83)
(v4,50)
(v9,23)
(w9,82)
(w4,87)
(w8,36)
(w5,90)
(w0,34)
(w2,99)
(w7,87)
(w1,52)
(x6,55)
(x8,95)
(x9,84)
(x7,37)
(x2,52)
(y9,35)
(y2,6)
(y3,65)
(y7,0)
(y6,0)
(y1,95)
(z8,67)
(z3,7)
(z2,5)
(z0,95)
(z9,97)
(z1,36)
Waiting...
[(j4,12)]
Waiting...
Waiting...
Waiting...
(a8,54)
(a3,87)
(a1,58)
(a9,51)
(a7,19)
(b4,59)
(b5,7)
(b8,73)
(b3,14)
(b2,85)
(b9,42)
(c5,39)
(c6,36)
(c0,89)
(c4,77)
(c7,63)
(d9,58)
(d2,76)
(d7,96)
(d5,88)
(d3,47)
(d0,53)
(e1,69)
(e9,6)
(e0,32)
(e6,47)
(e8,52)
(e5,49)
(e7,16)
(f1,41)
(f0,15)
(f2,65)
(f4,51)
(f5,99)
(f9,80)
(f8,28)
(f7,5)
(g4,73)
(g1,35)
(g3,91)
(g8,61)
(g9,72)
(g0,35)
(g6,34)
(g5,66)
(h2,61)
(h6,89)
(h5,60)
(h9,99)
(h0,51)
(h8,92)
(h3,4)
(h7,70)
(i0,74)
(i3,9)
(i7,46)
(i9,42)
(i4,56)
(i2,0)
(i8,32)
(j4,12)
(j7,19)
(j2,66)
(j0,95)
(j9,6)
(j3,65)
(j1,45)
(j5,5)
(k8,56)
(k6,25)
(k3,40)
(k5,14)
(k4,76)
(k7,50)
(l6,20)
(l1,48)
(l4,32)
(l5,59)
(l9,70)
(l0,95)
(l2,16)
(m6,75)
(m8,3)
(m7,37)
(m5,94)
(m0,93)
(m2,37)
(m3,13)
(n4,62)
(n5,24)
(n7,72)
(o1,27)
(o3,9)
(o2,89)
(o8,10)
(o6,51)
(o7,56)
(p2,73)
(p4,98)
(p1,69)
(p8,42)
(p9,76)
(p6,100)
(p5,60)
(p0,12)
(p3,88)
(p7,29)
(q4,47)
(q5,56)
(q7,5)
(q8,74)
(q0,78)
(q9,89)
(q6,63)
(q2,8)
(r7,100)
(r1,59)
(r5,84)
(r2,57)
(r3,21)
(r9,49)
(r8,96)
(r6,0)
(r0,78)
(s4,30)
(s0,65)
(s3,79)
(s1,85)
(s8,59)
(s6,68)
(t6,17)
(t9,33)
(t3,56)
(t7,44)
(t1,21)
(t4,71)
(t2,0)
(t8,3)
(u0,71)
(u8,19)
(u4,62)
(u9,90)
(u1,69)
(u3,21)
(u2,23)
(u5,64)
(u7,42)
(v6,55)
(v3,69)
(v2,74)
(v0,83)
(v4,22)
(v9,23)
(w9,82)
(w4,87)
(w8,36)
(w5,16)
(w0,34)
(w2,99)
(w7,87)
(w1,52)
(x6,55)
(x8,49)
(x9,84)
(x7,37)
(y9,35)
(y2,6)
(y3,65)
(y7,0)
(y6,0)
(y1,95)
(z5,85)
(z3,7)
(z2,5)
(z0,83)
(z9,97)
(z1,36)
Waiting...
Waiting...
[(w5,16)]
[(z7,96)]
[(l0,95)]
[(b4,59)]
[(g9,72)]
