[(f3,82)]
[(x4,49)]
(a4,85)
(a6,89)
(a9,12)
(a2,95)
(a8,73)
(a5,63)
(a0,65)
(a3,8)
(a1,81)
(b2,38)
(b6,26)
(b4,2)
(b5,25)
(b9,25)
(b3,33)
(b7,32)
(c3,6)
(c6,68)
(c2,15)
(c7,79)
(c1,63)
(c5,95)
(c9,33)
(c4,27)
(d7,89)
(d6,9)
(d3,83)
(d5,55)
(d1,60)
(d8,77)
(d0,96)
(d2,55)
(d9,86)
(e9,23)
(e6,47)
(e1,54)
(e0,86)
(e4,49)
(e8,54)
(e3,30)
(e5,41)
(f3,82)
(f0,30)
(f6,100)
(f2,43)
(f7,25)
(f1,55)
(g1,61)
(g2,36)
(g6,37)
(g8,69)
(g0,67)
(g5,82)
(g7,84)
(g9,29)
(g4,48)
(g3,60)
(h0,35)
(h8,34)
(h4,34)
(h9,27)
(h5,78)
(h2,42)
(h3,14)
(h1,49)
(h7,66)
(h6,28)
(i1,0)
(i5,19)
(i3,77)
(i6,74)
(i4,55)
(i0,13)
(i7,3)
(i8,62)
(j1,94)
(j9,97)
(j0,17)
(j3,12)
(j6,27)
(j7,85)
(j2,30)
(j5,62)
(k0,34)
(k7,13)
(k8,38)
(k9,60)
(k1,44)
(k5,47)
(k2,8)
(l1,98)
(l0,8)
(l4,79)
(l6,40)
(l7,6)
(l3,11)
(l9,73)
(l5,40)
(m1,83)
(m9,15)
(m3,50)
(m0,34)
(m4,51)
(m6,9)
(m8,11)
(m2,62)
(n3,1)
(n9,94)
(n1,90)
(n5,52)
(n8,7)
(n6,88)
(n4,85)
(n0,58)
(n7,60)
(o0,33)
(o1,31)
(o6,96)
(o9,45)
(o2,84)
(o7,0)
(o4,19)
(o8,92)
(p2,79)
(p7,46)
(p4,12)
(p6,47)
(p3,13)
(p0,10)
(p9,30)
(p5,63)
(p8,42)
(q9,20)
(q4,16)
(q8,1)
(q7,30)
(q3,18)
(q0,55)
(q5,90)
(q2,69)
(r5,76)
(r1,37)
(r8,49)
(r3,49)
(r9,40)
(r4,12)
(r2,22)
(r7,33)
(r0,48)
(s2,37)
(s3,70)
(s1,17)
(s4,60)
(s0,72)
(s6,46)
(s7,4)
(s5,20)
(t2,49)
(t4,70)
(t0,43)
(t3,60)
(t9,99)
(t1,8)
(t5,86)
(t6,85)
(t8,63)
(u0,22)
(u2,59)
(u7,21)
(u3,48)
(u8,86)
(u6,20)
(u1,61)
(u4,60)
(u5,85)
(v3,16)
(v9,50)
(v2,12)
(v8,3)
(v0,100)
(v7,8)
(v4,78)
(v1,13)
(w7,53)
(w9,58)
(w1,1)
(w3,28)
(w8,7)
(w5,65)
(w4,75)
(w6,91)
(x2,15)
(x8,34)
(x0,13)
(x6,95)
(x1,81)
(x9,86)
(x3,2)
(y5,69)
(y1,20)
(y7,19)
(y9,71)
(y2,7)
(y4,71)
(y0,55)
(y3,56)
(y6,24)
(z5,92)
(z2,64)
(z3,74)
(z1,70)
(z9,98)
(z7,51)
(z8,82)
(z6,84)
(z0,46)
[(f3,82)]
(a4,85)
(a6,89)
(a9,12)
(a2,95)
(a8,73)
(a5,63)
(a0,65)
(a3,8)
(a1,81)
(b2,38)
(b6,26)
(b4,2)
(b5,25)
(b9,25)
(b3,33)
(b7,32)
(c6,68)
(c2,15)
(c7,79)
(c1,63)
(c5,95)
(c9,33)
(c4,27)
(d7,89)
(d6,9)
(d3,83)
(d5,55)
(d1,60)
(d8,77)
(d0,96)
(d2,55)
(d9,86)
(e9,23)
(e6,47)
(e1,54)
(e0,86)
(e4,49)
(e8,54)
(e3,30)
(e5,41)
(f3,82)
(f0,30)
(f6,100)
(f2,43)
(f7,25)
(f1,55)
(g1,61)
(g2,36)
(g6,37)
(g8,69)
(g0,67)
(g5,82)
(g7,84)
(g9,29)
(g4,48)
(g3,60)
(h0,35)
(h8,34)
(h4,34)
(h9,27)
(h5,78)
(h2,42)
(h3,14)
(h1,49)
(h7,66)
(h6,28)
(i1,0)
(i5,19)
(i3,77)
(i6,74)
(i4,55)
(i0,13)
(i7,3)
(i8,62)
(j1,94)
(j9,97)
(j0,17)
(j3,12)
(j6,27)
(j7,85)
(j2,30)
(j5,62)
(k0,34)
(k7,13)
(k8,38)
(k9,60)
(k1,44)
(k5,47)
(k2,8)
(l1,98)
(l0,8)
(l4,79)
(l6,40)
(l7,6)
(l3,11)
(l9,73)
(l5,40)
(m1,83)
(m9,15)
(m3,50)
(m0,34)
(m4,51)
(m6,9)
(m8,11)
(m2,62)
(n3,1)
(n9,94)
(n1,90)
(n5,52)
(n8,7)
(n6,88)
(n4,85)
(n0,58)
(n7,60)
(o0,33)
(o1,31)
(o6,96)
(o9,45)
(o2,84)
(o7,0)
(o4,19)
(o8,92)
(p2,79)
(p7,46)
(p4,12)
(p6,47)
(p3,13)
(p0,10)
(p9,30)
(p5,63)
(p8,42)
(q9,20)
(q4,16)
(q8,1)
(q7,30)
(q3,18)
(q0,55)
(q5,90)
(q2,69)
(r5,76)
(r1,37)
(r8,49)
(r3,49)
(r9,40)
(r4,12)
(r2,22)
(r7,33)
(r0,48)
(s2,37)
(s3,70)
(s1,17)
(s4,60)
(s0,72)
(s6,46)
(s7,4)
(s5,20)
(t2,49)
(t4,70)
(t0,43)
(t3,60)
(t9,99)
(t1,8)
(t5,86)
(t6,85)
(t8,63)
(u0,22)
(u2,59)
(u7,21)
(u3,48)
(u8,86)
(u6,20)
(u1,61)
(u4,60)
(u5,85)
(v3,16)
(v9,50)
(v2,12)
(v8,3)
(v0,100)
(v7,8)
(v4,78)
(v1,13)
(w7,53)
(w9,58)
(w1,1)
(w3,28)
(w8,7)
(w5,65)
(w4,75)
(w6,91)
(x2,15)
(x8,34)
(x0,13)
(x6,95)
(x1,81)
(x9,86)
(x3,2)
(y5,69)
(y1,20)
(y7,19)
(y9,71)
(y2,7)
(y4,71)
(y0,55)
(y3,56)
(y6,24)
(z5,92)
(z2,64)
(z3,74)
(z1,70)
(z9,98)
(z7,51)
(z8,82)
(z6,84)
(z0,46)
[(v3,16)]
(a4,85)
(a9,12)
(a2,95)
(a8,73)
(a5,63)
(a0,65)
(a3,8)
(a1,81)
(b2,38)
(b6,26)
(b4,2)
(b5,25)
(b9,25)
(b3,33)
(b7,32)
(c6,68)
(c2,15)
(c7,79)
(c1,63)
(c5,95)
(c9,33)
(d7,89)
(d6,9)
(d3,83)
(d5,55)
(d1,60)
(d8,77)
(d0,96)
(d2,55)
(d9,86)
(e9,23)
(e6,47)
(e1,54)
(e0,86)
(e8,54)
(e3,30)
(e5,41)
(f3,82)
(f0,30)
(f6,100)
(f2,43)
(f7,25)
(f1,55)
(g1,61)
(g2,36)
(g6,37)
(g8,69)
(g0,67)
(g5,82)
(g7,84)
(g9,29)
(g4,48)
(g3,60)
(h0,35)
(h8,34)
(h4,34)
(h9,27)
(h5,78)
(h2,42)
(h3,14)
(h1,49)
(h7,66)
(h6,28)
(i1,24)
(i5,19)
(i3,77)
(i6,74)
(i4,55)
(i0,13)
(i7,3)
(i8,62)
(j1,94)
(j9,97)
(j0,17)
(j3,12)
(j6,27)
(j7,85)
(j2,30)
(j5,62)
(k0,34)
(k7,13)
(k8,38)
(k9,60)
(k1,44)
(k5,47)
(k2,8)
(l1,98)
(l0,8)
(l4,79)
(l6,40)
(l7,6)
(l3,11)
(l9,73)
(l5,40)
(m1,83)
(m9,15)
(m3,50)
(m0,34)
(m4,51)
(m6,9)
(m8,11)
(m2,62)
(n3,1)
(n9,20)
(n1,90)
(n5,52)
(n8,7)
(n6,88)
(n4,85)
(n0,58)
(n7,60)
(o0,33)
(o1,31)
(o6,96)
(o9,45)
(o2,84)
(o7,0)
(o4,19)
(o8,92)
(p2,79)
(p7,46)
(p4,12)
(p6,47)
(p3,13)
(p0,10)
(p9,30)
(p5,63)
(p8,42)
(q9,20)
(q4,16)
(q8,1)
(q7,21)
(q3,18)
(q0,55)
(q5,90)
(q2,69)
(r5,76)
(r1,37)
(r8,49)
(r3,49)
(r4,12)
(r2,22)
(r7,33)
(r0,48)
(s2,37)
(s3,70)
(s1,17)
(s4,60)
(s0,72)
(s6,46)
(s7,4)
(s5,20)
(t2,49)
(t4,70)
(t0,43)
(t3,60)
(t9,99)
(t1,8)
(t5,86)
(t6,85)
(t8,63)
(u0,22)
(u2,59)
(u7,21)
(u3,48)
(u8,86)
(u6,20)
(u1,61)
(u4,60)
(u5,85)
(v9,50)
(v2,12)
(v8,3)
(v0,100)
(v4,78)
(v1,13)
(w7,53)
(w9,77)
(w1,1)
(w3,28)
(w8,7)
(w5,65)
(w4,75)
(w6,91)
(x2,15)
(x8,34)
(x0,13)
(x6,95)
(x9,86)
(x3,2)
(y5,69)
(y1,20)
(y7,19)
(y9,71)
(y2,7)
(y4,71)
(y0,55)
(y3,56)
(y6,24)
(z5,92)
(z2,64)
(z3,74)
(z1,70)
(z9,98)
(z7,51)
(z8,82)
(z6,84)
(z0,46)
[(l6,40)]
Waiting...
[(w9,76)]
[(b2,77)]
[(t8,8)]
[(t4,96)]
(a7,2)
(a4,85)
(a9,12)
(a2,95)
(a8,73)
(a5,63)
(a0,65)
(a3,8)
(a1,81)
(b0,78)
(b6,26)
(b4,2)
(b5,25)
(b9,25)
(b3,33)
(b7,32)
(c3,38)
(c6,68)
(c2,15)
(c7,79)
(c1,63)
(c5,95)
(c9,33)
(d7,89)
(d6,9)
(d3,83)
(d5,55)
(d1,60)
(d8,77)
(d0,96)
(d9,86)
(e9,23)
(e6,47)
(e1,54)
(e0,86)
(e8,37)
(e3,30)
(e5,41)
(f3,82)
(f0,30)
(f6,100)
(f2,43)
(f7,25)
(f1,55)
(g1,61)
(g2,36)
(g6,37)
(g8,69)
(g0,67)
(g5,82)
(g7,84)
(g9,29)
(g4,48)
(g3,60)
(h0,82)
(h8,34)
(h4,12)
(h9,27)
(h5,78)
(h2,74)
(h3,14)
(h1,49)
(h7,66)
(h6,28)
(i5,19)
(i3,77)
(i6,74)
(i4,55)
(i0,13)
(i7,3)
(i8,62)
(j1,94)
(j9,97)
(j0,17)
(j3,12)
(j6,27)
(j7,85)
(j2,30)
(j5,62)
(k7,13)
(k8,38)
(k9,7)
(k1,44)
(k5,47)
(k2,8)
(l1,98)
(l0,52)
(l4,8)
(l6,40)
(l7,6)
(l3,11)
(l9,73)
(l5,40)
(m1,83)
(m9,15)
(m3,50)
(m0,34)
(m4,51)
(m6,9)
(m8,11)
(m2,62)
(n3,1)
(n1,90)
(n5,52)
(n8,7)
(n6,88)
(n4,85)
(n0,58)
(n7,60)
(o0,33)
(o1,31)
(o6,96)
(o9,45)
(o2,80)
(o7,0)
(o4,19)
(o8,92)
(p2,79)
(p7,46)
(p4,12)
(p6,47)
(p3,13)
(p0,10)
(p9,30)
(p5,63)
(p8,42)
(q1,56)
(q9,20)
(q4,16)
(q8,1)
(q3,18)
(q0,55)
(q5,90)
(q2,69)
(r9,93)
(r5,76)
(r1,37)
(r8,49)
(r3,49)
(r4,12)
(r2,22)
(r7,33)
(r0,48)
(s2,37)
(s3,70)
(s1,17)
(s4,56)
(s0,72)
(s6,46)
(s7,4)
(s5,20)
(t2,73)
(t4,96)
(t0,43)
(t3,60)
(t9,99)
(t1,8)
(t5,86)
(t6,85)
(t8,8)
(u0,22)
(u2,59)
(u7,21)
(u3,48)
(u8,86)
(u6,2)
(u1,61)
(u4,60)
(u5,85)
(v5,52)
(v9,50)
(v2,12)
(v8,3)
(v0,100)
(v4,78)
(v1,13)
(w9,76)
(w7,53)
(w1,1)
(w3,28)
(w8,7)
(w5,65)
(w4,75)
(w6,91)
(x5,43)
(x2,15)
(x8,34)
(x0,13)
(x6,95)
(x9,86)
(x3,2)
(y5,69)
(y1,35)
(y7,19)
(y9,71)
(y2,7)
(y4,71)
(y0,55)
(y3,44)
(y6,24)
(z5,92)
(z2,64)
(z3,74)
(z1,70)
(z9,98)
(z7,51)
(z8,82)
(z6,84)
(z0,46)
[(l4,8)]
