(a1,74)
(a3,3)
(a5,11)
(a9,11)
(a2,35)
(a0,33)
(a4,85)
(a7,7)
(b6,72)
(b8,5)
(b5,73)
(b4,82)
(b9,82)
(b0,46)
(b1,22)
(c0,100)
(c4,70)
(c6,45)
(c9,71)
(c2,62)
(c3,65)
(c1,19)
(c5,98)
(c7,44)
(d4,32)
(d6,25)
(d5,19)
(d7,91)
(d2,58)
(d3,54)
(d0,3)
(e9,93)
(e1,44)
(e5,58)
(e4,41)
(e3,59)
(e7,55)
(e2,94)
(e0,45)
(f1,66)
(f7,5)
(f8,10)
(f0,49)
(f4,14)
(f3,33)
(g2,71)
(g0,85)
(g6,75)
(g8,100)
(g4,17)
(g9,54)
(g5,72)
(g7,56)
(g3,72)
(h8,3)
(h6,55)
(h9,27)
(h2,69)
(h3,70)
(h7,82)
(h5,8)
(h0,93)
(i4,54)
(i3,95)
(i2,52)
(i6,42)
(i8,97)
(i1,70)
(i0,32)
(j7,57)
(j6,1)
(j3,26)
(j8,77)
(j1,9)
(j2,83)
(j9,1)
(j5,32)
(j0,65)
(j4,81)
(k0,51)
(k7,2)
(k1,57)
(k6,3)
(k2,23)
(k9,59)
(l9,94)
(l1,8)
(l3,46)
(l6,31)
(l0,78)
(l2,7)
(m1,45)
(m4,14)
(m0,56)
(m2,39)
(m9,11)
(m8,71)
(m7,44)
(m3,83)
(n4,41)
(n2,100)
(n6,4)
(n1,40)
(n9,8)
(n8,88)
(n7,64)
(o2,54)
(o4,30)
(o9,91)
(o0,5)
(o8,33)
(o6,57)
(o7,66)
(o5,27)
(p2,66)
(p3,90)
(p5,76)
(p9,63)
(p4,38)
(p7,18)
(q9,82)
(q8,8)
(q7,48)
(q4,20)
(q5,9)
(q6,43)
(q2,10)
(q3,53)
(r3,18)
(r2,31)
(r5,89)
(r9,14)
(r8,3)
(r4,63)
(r7,55)
(r1,63)
(r6,74)
(r0,87)
(s2,51)
(s4,17)
(s5,75)
(s3,82)
(s9,94)
(s8,34)
(s6,42)
(t6,17)
(t9,99)
(t3,100)
(t1,68)
(t4,17)
(t8,17)
(t2,84)
(t0,31)
(t7,62)
(t5,54)
(u4,4)
(u2,88)
(u6,85)
(u5,41)
(u7,34)
(u0,30)
(u8,98)
(v4,12)
(v7,80)
(v1,20)
(v6,42)
(v0,82)
(v2,74)
(v5,14)
(w4,71)
(w9,34)
(w8,35)
(w6,19)
(w5,48)
(w3,31)
(x0,78)
(x7,90)
(x8,61)
(x1,17)
(x9,11)
(x6,23)
(x4,29)
(x5,72)
(y7,82)
(y0,49)
(y2,90)
(y3,41)
(y6,81)
(y9,25)
(y4,45)
(y1,84)
(y8,76)
(y5,58)
(z4,33)
(z5,94)
(z3,43)
(z8,12)
(z9,6)
(z2,95)
(z7,73)
(z1,71)
[(u3,0)]
[(c5,97)]
[(e3,91)]
[(o0,5)]
[(s8,1)]
(a3,3)
(a5,11)
(a9,11)
(a2,28)
(a7,7)
(b6,72)
(b8,5)
(b5,73)
(b4,82)
(b9,82)
(b0,46)
(b1,22)
(c0,100)
(c4,70)
(c6,45)
(c9,41)
(c2,62)
(c3,65)
(c1,19)
(c7,72)
(d4,48)
(d6,25)
(d7,91)
(d2,58)
(d3,54)
(d0,3)
(e1,39)
(e9,93)
(e5,58)
(e4,41)
(e3,91)
(e7,55)
(e2,94)
(e0,45)
(f0,14)
(f8,72)
(f1,66)
(f7,5)
(f4,14)
(f3,33)
(g2,71)
(g0,85)
(g6,75)
(g8,100)
(g4,17)
(g5,72)
(g7,56)
(g3,72)
(h8,3)
(h6,55)
(h9,62)
(h2,69)
(h3,70)
(h7,82)
(h5,8)
(h0,93)
(i4,54)
(i3,95)
(i2,52)
(i6,42)
(i8,97)
(i1,70)
(i0,32)
(j7,57)
(j6,1)
(j3,26)
(j8,77)
(j1,9)
(j2,83)
(j9,1)
(j5,32)
(j4,81)
(k4,63)
(k7,2)
(k1,57)
(k6,3)
(k2,23)
(k9,59)
(l9,94)
(l1,8)
(l3,46)
(l6,31)
(l0,78)
(l2,7)
(m1,45)
(m4,14)
(m0,56)
(m2,39)
(m9,11)
(m8,71)
(m7,44)
(m3,83)
(n4,41)
(n2,50)
(n6,4)
(n1,40)
(n9,8)
(n8,88)
(n7,64)
(o2,54)
(o4,30)
(o9,91)
(o0,5)
(o8,33)
(o6,91)
(o7,66)
(o5,27)
(p2,66)
(p3,90)
(p5,76)
(p9,63)
(p4,38)
(p7,18)
(q9,82)
(q8,8)
(q7,48)
(q4,20)
(q5,9)
(q6,43)
(q2,10)
(q3,53)
(r3,18)
(r5,89)
(r9,14)
(r8,3)
(r4,63)
(r7,55)
(r1,63)
(r6,74)
(r0,67)
(s2,51)
(s4,17)
(s5,75)
(s3,82)
(s9,94)
(s8,1)
(s6,42)
(t6,17)
(t9,99)
(t3,100)
(t1,68)
(t8,17)
(t2,84)
(t0,31)
(t7,62)
(t5,54)
(u1,46)
(u3,0)
(u4,4)
(u2,88)
(u5,41)
(u7,34)
(u0,30)
(u8,98)
(v4,12)
(v7,80)
(v1,20)
(v6,42)
(v0,82)
(v2,74)
(v5,14)
(w4,71)
(w9,34)
(w8,35)
(w6,41)
(w5,48)
(w3,31)
(x8,59)
(x0,78)
(x7,90)
(x1,17)
(x9,53)
(x6,23)
(x4,29)
(y7,82)
(y0,49)
(y2,90)
(y3,41)
(y6,81)
(y9,25)
(y1,84)
(y8,76)
(z4,33)
(z5,94)
(z3,25)
(z8,12)
(z9,6)
(z2,95)
(z7,73)
(z1,71)
[(e5,63)]
Waiting...
(a0,95)
(a3,66)
(a5,11)
(a9,11)
(a2,28)
(a7,13)
(b6,72)
(b8,5)
(b5,73)
(b4,82)
(b9,82)
(b0,46)
(b1,22)
(c0,80)
(c4,70)
(c6,45)
(c9,41)
(c2,70)
(c3,65)
(c1,10)
(c7,72)
(d4,48)
(d6,25)
(d7,91)
(d2,58)
(d3,54)
(d0,3)
(e8,7)
(e1,39)
(e9,93)
(e5,63)
(e4,41)
(e3,91)
(e7,55)
(e2,94)
(e0,45)
(f0,14)
(f8,72)
(f1,66)
(f7,5)
(f4,14)
(f3,33)
(g2,71)
(g0,85)
(g6,16)
(g8,100)
(g4,17)
(g5,72)
(g7,56)
(g3,72)
(h8,3)
(h6,55)
(h9,62)
(h2,69)
(h3,70)
(h7,82)
(h5,91)
(h0,93)
(i4,54)
(i3,95)
(i2,52)
(i6,42)
(i8,97)
(i1,70)
(i0,32)
(j7,57)
(j6,1)
(j3,26)
(j8,77)
(j1,9)
(j2,83)
(j9,1)
(j5,32)
(j4,81)
(k4,63)
(k7,2)
(k1,57)
(k6,3)
(k2,23)
(k9,59)
(l7,97)
(l8,100)
(l9,94)
(l1,8)
(l3,46)
(l6,31)
(l0,17)
(l2,7)
(m1,45)
(m4,14)
(m0,56)
(m2,39)
(m9,11)
(m8,71)
(m7,44)
(m3,83)
(n4,41)
(n2,50)
(n6,4)
(n1,40)
(n9,8)
(n8,88)
(n7,64)
(o1,45)
(o3,35)
(o2,54)
(o4,99)
(o9,91)
(o0,5)
(o8,33)
(o6,91)
(o7,66)
(o5,27)
(p2,66)
(p3,90)
(p5,76)
(p9,63)
(p4,38)
(p7,18)
(q9,82)
(q8,8)
(q7,48)
(q4,20)
(q5,9)
(q6,74)
(q2,10)
(q3,53)
(r3,18)
(r5,89)
(r9,14)
(r8,3)
(r4,63)
(r7,55)
(r1,63)
(r6,74)
(r0,67)
(s7,100)
(s2,51)
(s4,17)
(s5,75)
(s3,82)
(s9,94)
(s8,1)
(s6,42)
(t6,17)
(t9,99)
(t3,100)
(t1,68)
(t8,14)
(t2,58)
(t0,31)
(t7,62)
(t5,54)
(u1,46)
(u3,0)
(u4,4)
(u2,88)
(u5,41)
(u7,34)
(u0,24)
(u8,98)
(v9,42)
(v4,12)
(v7,80)
(v1,20)
(v6,42)
(v0,82)
(v2,74)
(v5,11)
(w4,71)
(w9,34)
(w8,35)
(w6,41)
(w5,48)
(w3,31)
(x8,59)
(x0,78)
(x7,90)
(x1,53)
(x9,53)
(x6,23)
(x4,29)
(y7,35)
(y0,49)
(y2,90)
(y3,29)
(y6,66)
(y9,25)
(y1,84)
(y8,76)
(z4,33)
(z5,94)
(z3,25)
(z8,12)
(z9,6)
(z2,95)
(z7,73)
(z1,71)
(a0,95)
(a3,66)
(a5,11)
(a9,11)
(a2,28)
(a7,13)
(b6,72)
(b8,5)
(b5,73)
(b4,82)
(b9,82)
(b0,46)
(b1,22)
(c0,80)
(c4,70)
(c6,45)
(c9,41)
(c2,70)
(c3,65)
(c1,10)
(c7,72)
(d4,48)
(d6,25)
(d7,91)
(d2,58)
(d3,54)
(d0,3)
(e8,7)
(e1,39)
(e9,93)
(e5,63)
(e4,41)
(e3,91)
(e7,55)
(e2,94)
(e0,45)
(f0,14)
(f8,72)
(f1,66)
(f7,5)
(f4,14)
(f3,33)
(g2,71)
(g0,85)
(g6,16)
(g8,100)
(g4,17)
(g5,72)
(g7,56)
(g3,72)
(h8,3)
(h6,55)
(h9,62)
(h2,69)
(h3,70)
(h7,82)
(h5,91)
(h0,93)
(i4,54)
(i3,95)
(i2,52)
(i6,42)
(i8,97)
(i1,70)
(i0,32)
(j7,57)
(j6,1)
(j3,26)
(j8,77)
(j1,9)
(j2,83)
(j9,1)
(j5,32)
(j4,81)
(k4,63)
(k7,2)
(k1,57)
(k6,3)
(k2,23)
(k9,59)
(l7,97)
(l8,100)
(l9,94)
(l1,8)
(l3,46)
(l6,31)
(l0,17)
(l2,7)
(m1,45)
(m4,14)
(m0,56)
(m2,39)
(m9,11)
(m8,71)
(m7,44)
(m3,83)
(n4,41)
(n2,50)
(n6,4)
(n1,40)
(n9,8)
(n8,88)
(n7,64)
(o1,45)
(o3,35)
(o2,54)
(o4,99)
(o9,91)
(o0,5)
(o8,33)
(o6,91)
(o7,66)
(o5,27)
(p2,66)
(p3,90)
(p5,76)
(p9,63)
(p4,38)
(p7,18)
(q9,82)
(q8,8)
(q7,48)
(q4,20)
(q5,9)
(q6,74)
(q2,10)
(q3,53)
(r3,18)
(r5,89)
(r9,14)
(r8,3)
(r4,63)
(r7,55)
(r1,63)
(r6,74)
(r0,67)
(s7,100)
(s2,51)
(s4,17)
(s5,75)
(s3,82)
(s9,94)
(s8,1)
(s6,42)
(t6,17)
(t9,99)
(t3,100)
(t1,68)
(t8,14)
(t2,58)
(t0,31)
(t7,62)
(t5,54)
(u1,46)
(u3,0)
(u4,4)
(u2,88)
(u5,41)
(u7,34)
(u0,24)
(u8,98)
(v9,42)
(v4,12)
(v7,80)
(v1,20)
(v6,42)
(v0,82)
(v2,74)
(v5,11)
(w4,71)
(w9,34)
(w8,35)
(w6,41)
(w5,48)
(w3,31)
(x8,59)
(x0,78)
(x7,90)
(x1,53)
(x9,53)
(x6,23)
(x4,29)
(y7,35)
(y0,49)
(y2,90)
(y3,29)
(y6,66)
(y9,25)
(y1,84)
(y8,76)
(z4,33)
(z5,94)
(z3,25)
(z8,12)
(z9,6)
(z2,95)
(z7,73)
(z1,71)
[(o3,35)]
[(y0,38)]
(a0,95)
(a3,66)
(a5,11)
(a9,11)
(a2,28)
(a7,13)
(b6,72)
(b8,5)
(b5,73)
(b4,82)
(b9,82)
(b0,46)
(b1,22)
(c0,80)
(c4,70)
(c6,45)
(c9,41)
(c2,70)
(c3,65)
(c1,10)
(c7,72)
(d4,48)
(d6,68)
(d7,91)
(d2,58)
(d3,54)
(d0,3)
(e8,7)
(e1,39)
(e9,93)
(e5,63)
(e4,41)
(e3,91)
(e7,55)
(e2,94)
(e0,45)
(f0,14)
(f8,72)
(f1,66)
(f7,5)
(f4,14)
(f3,33)
(g2,71)
(g0,85)
(g6,16)
(g8,100)
(g4,17)
(g5,72)
(g7,56)
(g3,72)
(h8,3)
(h6,55)
(h9,62)
(h2,69)
(h3,70)
(h7,82)
(h5,91)
(h0,93)
(i4,80)
(i3,95)
(i2,42)
(i6,42)
(i8,97)
(i1,70)
(i0,32)
(j7,57)
(j6,1)
(j3,64)
(j8,77)
(j1,9)
(j2,83)
(j9,1)
(j5,32)
(j4,81)
(k4,63)
(k7,2)
(k1,57)
(k6,3)
(k2,23)
(k9,59)
(l7,97)
(l8,100)
(l9,94)
(l1,8)
(l3,46)
(l6,31)
(l0,17)
(l2,7)
(m1,45)
(m4,14)
(m0,56)
(m2,39)
(m9,11)
(m8,71)
(m7,48)
(m3,83)
(n4,41)
(n2,50)
(n6,4)
(n1,40)
(n9,8)
(n8,88)
(n7,65)
(o1,45)
(o3,35)
(o2,54)
(o4,99)
(o9,91)
(o0,5)
(o8,33)
(o6,91)
(o7,66)
(o5,27)
(p8,10)
(p2,67)
(p3,90)
(p5,76)
(p9,63)
(p4,38)
(p7,18)
(q9,82)
(q8,8)
(q7,48)
(q4,20)
(q5,9)
(q6,74)
(q2,10)
(q3,53)
(r3,39)
(r5,89)
(r9,14)
(r8,3)
(r4,63)
(r7,55)
(r1,82)
(r6,74)
(r0,67)
(s7,100)
(s2,51)
(s4,17)
(s5,75)
(s3,82)
(s9,94)
(s8,1)
(s6,42)
(t6,17)
(t9,99)
(t3,100)
(t1,68)
(t8,14)
(t2,58)
(t0,31)
(t7,62)
(t5,54)
(u1,46)
(u3,0)
(u4,4)
(u2,88)
(u5,41)
(u7,34)
(u0,24)
(u8,98)
(v9,42)
(v4,12)
(v7,80)
(v1,20)
(v6,42)
(v0,82)
(v2,74)
(v5,11)
(w4,71)
(w9,34)
(w8,35)
(w6,41)
(w5,48)
(w3,31)
(x8,59)
(x0,78)
(x7,90)
(x1,53)
(x9,53)
(x6,23)
(x4,29)
(y7,35)
(y0,38)
(y2,90)
(y3,29)
(y6,66)
(y9,25)
(y1,84)
(y8,76)
(z4,33)
(z5,94)
(z3,25)
(z8,12)
(z9,6)
(z2,95)
(z7,73)
(z1,71)
Waiting...
[(z5,94)]
Waiting...
[(a8,65)]
Waiting...
[(t9,69)]
(a8,65)
(a0,95)
(a3,66)
(a5,5)
(a9,58)
(a2,28)
(a7,13)
(b3,2)
(b6,72)
(b8,84)
(b5,94)
(b4,35)
(b9,4)
(b0,49)
(b1,22)
(c0,80)
(c4,70)
(c9,41)
(c3,65)
(c1,10)
(c7,72)
(d8,25)
(d5,30)
(d6,68)
(d7,2)
(d2,58)
(d3,63)
(d0,12)
(e1,39)
(e9,81)
(e5,63)
(e4,41)
(e3,91)
(e7,74)
(e2,94)
(e0,6)
(f6,56)
(f9,64)
(f0,14)
(f8,72)
(f1,18)
(f7,5)
(f4,14)
(f3,33)
(g9,5)
(g2,14)
(g0,85)
(g6,16)
(g8,100)
(g4,26)
(g5,83)
(g7,75)
(g3,44)
(h4,13)
(h1,43)
(h8,81)
(h6,55)
(h9,62)
(h2,31)
(h3,70)
(h7,28)
(h0,93)
(i7,49)
(i5,29)
(i4,80)
(i3,10)
(i2,42)
(i6,42)
(i8,97)
(i1,70)
(i0,62)
(j7,57)
(j6,1)
(j3,64)
(j8,77)
(j1,33)
(j2,57)
(j9,1)
(j5,5)
(j4,79)
(k5,92)
(k8,42)
(k4,63)
(k7,2)
(k1,54)
(k6,23)
(k2,35)
(k9,59)
(l7,97)
(l8,100)
(l9,94)
(l1,8)
(l3,46)
(l6,53)
(l0,17)
(l2,88)
(m9,65)
(m5,41)
(m6,10)
(m1,67)
(m4,14)
(m0,56)
(m2,39)
(m8,71)
(m7,48)
(m3,83)
(n4,41)
(n2,50)
(n6,4)
(n1,53)
(n9,26)
(n8,88)
(n7,65)
(o1,45)
(o3,35)
(o2,6)
(o4,99)
(o9,33)
(o0,5)
(o8,33)
(o6,91)
(o7,66)
(o5,24)
(p0,22)
(p1,57)
(p8,10)
(p2,67)
(p3,90)
(p5,44)
(p9,67)
(p4,97)
(p7,44)
(q1,88)
(q0,79)
(q9,82)
(q7,32)
(q4,20)
(q5,70)
(q6,74)
(q2,69)
(q3,53)
(r3,39)
(r9,14)
(r8,3)
(r4,63)
(r7,46)
(r1,82)
(r6,74)
(r0,67)
(s7,100)
(s2,95)
(s4,73)
(s5,75)
(s3,64)
(s9,94)
(s8,1)
(s6,42)
(t4,54)
(t6,17)
(t9,69)
(t1,68)
(t8,14)
(t0,88)
(t7,25)
(t5,54)
(u1,46)
(u3,0)
(u4,4)
(u2,88)
(u5,70)
(u7,79)
(u0,24)
(u8,97)
(v3,82)
(v4,73)
(v7,64)
(v1,72)
(v6,42)
(v0,82)
(v2,67)
(v5,11)
(w7,73)
(w1,10)
(w4,49)
(w9,25)
(w8,60)
(w6,41)
(w5,48)
(w3,31)
(x2,75)
(x5,39)
(x8,59)
(x0,34)
(x7,90)
(x1,53)
(x9,53)
(x6,23)
(x4,98)
(y4,62)
(y7,35)
(y0,38)
(y2,43)
(y3,29)
(y6,66)
(y9,25)
(y1,62)
(y8,91)
(z6,10)
(z4,33)
(z5,94)
(z3,25)
(z8,12)
(z9,6)
(z2,77)
(z7,73)
(z1,71)
Waiting...
