(a1,24)
(a8,6)
(a5,2)
(a9,1)
(a3,64)
(a2,59)
(a0,33)
(a6,97)
(a4,16)
(a7,17)
(b8,5)
(b5,1)
(b4,37)
(b9,82)
(b3,48)
(b0,58)
(b1,7)
(c3,35)
(c1,52)
(c5,86)
(c0,1)
(c6,14)
(c7,45)
(d1,28)
(d4,27)
(d7,91)
(d2,86)
(d3,83)
(d8,58)
(d0,40)
(e7,55)
(e8,56)
(e4,72)
(e2,79)
(e0,45)
(e6,83)
(e3,69)
(f8,61)
(f9,39)
(f2,93)
(f0,27)
(f1,41)
(f5,32)
(f7,93)
(f4,43)
(f3,74)
(g9,23)
(g5,34)
(g7,81)
(g1,23)
(g3,46)
(h2,20)
(h6,75)
(h3,31)
(h7,49)
(h5,13)
(h0,93)
(h4,1)
(h1,22)
(i6,6)
(i3,38)
(i8,84)
(i9,58)
(i4,51)
(i1,10)
(i5,70)
(i0,32)
(j9,91)
(j7,14)
(j8,68)
(j5,8)
(j0,77)
(j6,3)
(j4,55)
(k2,23)
(k7,81)
(k9,99)
(k5,8)
(k4,46)
(k6,94)
(l7,3)
(l5,98)
(l1,78)
(l3,56)
(l6,86)
(l0,46)
(l2,7)
(l8,92)
(m0,74)
(m2,33)
(m9,83)
(m8,8)
(m7,44)
(m3,35)
(m6,89)
(n0,16)
(n2,89)
(n1,5)
(n7,27)
(o9,91)
(o1,85)
(o3,1)
(o0,4)
(o8,73)
(o6,11)
(o7,66)
(o5,64)
(p5,6)
(p9,71)
(p4,24)
(p7,63)
(p6,37)
(p8,74)
(p2,39)
(q8,6)
(q1,6)
(q7,84)
(q4,22)
(q5,86)
(q6,81)
(q2,10)
(q9,2)
(q3,86)
(r5,68)
(r9,63)
(r8,51)
(r4,92)
(r7,55)
(r1,44)
(r3,41)
(r6,90)
(r2,53)
(r0,41)
(s2,30)
(s5,43)
(s3,82)
(s1,41)
(s9,94)
(s8,28)
(s6,61)
(s7,96)
(t4,34)
(t8,49)
(t9,61)
(t2,25)
(t0,67)
(t7,86)
(t5,71)
(u9,6)
(u4,98)
(u0,44)
(u2,68)
(u1,10)
(u8,40)
(u6,3)
(u3,83)
(v1,30)
(v4,61)
(v3,43)
(v2,4)
(v9,19)
(v7,94)
(v0,30)
(v8,1)
(v5,19)
(w0,67)
(w1,76)
(w2,75)
(w8,14)
(w7,5)
(w6,54)
(w5,67)
(w4,78)
(w3,91)
(x6,67)
(x0,82)
(x4,21)
(x5,42)
(y9,41)
(y4,30)
(y3,16)
(y2,70)
(y1,4)
(y8,31)
(y5,39)
(y6,36)
(y7,49)
(y0,92)
(z8,12)
(z9,58)
(z0,12)
(z2,95)
(z7,75)
(z3,30)
(z1,56)
(z4,16)
(a1,24)
(a8,6)
(a5,2)
(a9,1)
(a3,64)
(a2,59)
(a0,33)
(a6,97)
(a4,16)
(a7,17)
(b8,5)
(b5,1)
(b4,37)
(b9,82)
(b3,48)
(b0,58)
(b1,7)
(c3,35)
(c1,52)
(c5,86)
(c0,1)
(c6,14)
(c7,45)
(d1,28)
(d4,27)
(d7,91)
(d2,86)
(d3,83)
(d8,58)
(d0,40)
(e7,55)
(e8,56)
(e4,72)
(e2,79)
(e0,45)
(e6,83)
(e3,69)
(f8,61)
(f9,39)
(f2,93)
(f0,27)
(f1,41)
(f5,32)
(f7,93)
(f4,43)
(f3,74)
(g9,23)
(g5,34)
(g7,81)
(g1,23)
(g3,46)
(h2,20)
(h6,75)
(h3,31)
(h7,49)
(h5,13)
(h0,93)
(h4,1)
(h1,22)
(i6,6)
(i3,38)
(i8,84)
(i9,58)
(i4,51)
(i1,10)
(i5,70)
(i0,32)
(j9,91)
(j7,14)
(j8,68)
(j5,8)
(j0,77)
(j6,3)
(j4,55)
(k2,23)
(k7,81)
(k9,99)
(k5,8)
(k4,46)
(k6,94)
(l7,3)
(l5,98)
(l1,78)
(l3,56)
(l6,86)
(l0,46)
(l2,7)
(l8,92)
(m0,74)
(m2,33)
(m9,83)
(m8,8)
(m7,44)
(m3,35)
(m6,89)
(n0,16)
(n2,89)
(n1,5)
(n7,27)
(o9,91)
(o1,85)
(o3,1)
(o0,4)
(o8,73)
(o6,11)
(o7,66)
(o5,64)
(p5,6)
(p9,71)
(p4,24)
(p7,63)
(p6,37)
(p8,74)
(p2,39)
(q8,6)
(q1,6)
(q7,84)
(q4,22)
(q5,86)
(q6,81)
(q2,10)
(q9,2)
(q3,86)
(r5,68)
(r9,63)
(r8,51)
(r4,92)
(r7,55)
(r1,44)
(r3,41)
(r6,90)
(r2,53)
(r0,41)
(s2,30)
(s5,43)
(s3,82)
(s1,41)
(s9,94)
(s8,28)
(s6,61)
(s7,96)
(t4,34)
(t8,49)
(t9,61)
(t2,25)
(t0,67)
(t7,86)
(t5,71)
(u9,6)
(u4,98)
(u0,44)
(u2,68)
(u1,10)
(u8,40)
(u6,3)
(u3,83)
(v1,30)
(v4,61)
(v3,43)
(v2,4)
(v9,19)
(v7,94)
(v0,30)
(v8,1)
(v5,19)
(w0,67)
(w1,76)
(w2,75)
(w8,14)
(w7,5)
(w6,54)
(w5,67)
(w4,78)
(w3,91)
(x6,67)
(x0,82)
(x4,21)
(x5,42)
(y9,41)
(y4,30)
(y3,16)
(y2,70)
(y1,4)
(y8,31)
(y5,39)
(y6,36)
(y7,49)
(y0,92)
(z8,12)
(z9,58)
(z0,12)
(z2,95)
(z7,75)
(z3,30)
(z1,56)
(z4,16)
[(s8,34)]
(a1,24)
(a8,6)
(a5,2)
(a9,1)
(a3,64)
(a2,59)
(a0,33)
(a6,97)
(a4,16)
(a7,17)
(b8,5)
(b5,1)
(b4,37)
(b9,82)
(b3,48)
(b0,58)
(b1,7)
(c3,35)
(c1,52)
(c5,86)
(c0,1)
(c7,45)
(d1,28)
(d4,27)
(d7,91)
(d2,86)
(d3,83)
(d8,58)
(d0,40)
(e7,55)
(e8,56)
(e4,72)
(e2,79)
(e0,45)
(e6,83)
(e3,69)
(f8,61)
(f9,39)
(f2,93)
(f0,27)
(f1,41)
(f5,32)
(f7,93)
(f4,43)
(f3,74)
(g9,23)
(g5,34)
(g7,81)
(g1,23)
(g3,46)
(h2,20)
(h6,75)
(h3,31)
(h7,49)
(h5,13)
(h0,93)
(h4,1)
(h1,22)
(i6,6)
(i3,38)
(i8,84)
(i9,58)
(i4,51)
(i1,10)
(i5,70)
(i0,32)
(j9,91)
(j7,14)
(j8,68)
(j5,8)
(j0,77)
(j6,3)
(j4,55)
(k2,23)
(k7,81)
(k9,99)
(k5,8)
(k4,46)
(k6,18)
(l7,3)
(l5,98)
(l1,78)
(l3,56)
(l6,86)
(l0,46)
(l2,7)
(l8,92)
(m0,74)
(m2,33)
(m9,83)
(m8,8)
(m7,44)
(m3,35)
(m6,89)
(n0,16)
(n2,89)
(n1,5)
(n7,27)
(o9,91)
(o1,85)
(o3,1)
(o0,4)
(o8,73)
(o6,11)
(o7,66)
(o5,64)
(p5,6)
(p9,71)
(p4,24)
(p7,63)
(p6,37)
(p8,74)
(p2,39)
(q8,6)
(q1,6)
(q7,84)
(q4,22)
(q5,86)
(q6,81)
(q2,10)
(q9,2)
(q3,86)
(r5,68)
(r9,63)
(r8,51)
(r4,20)
(r7,55)
(r1,44)
(r3,41)
(r6,90)
(r2,36)
(r0,41)
(s2,30)
(s5,43)
(s3,82)
(s1,41)
(s9,94)
(s8,34)
(s6,61)
(s7,96)
(t4,34)
(t8,49)
(t9,94)
(t2,25)
(t0,67)
(t7,86)
(t5,71)
(u7,34)
(u9,6)
(u4,98)
(u0,44)
(u2,68)
(u1,10)
(u8,40)
(u6,3)
(u3,83)
(v1,30)
(v4,61)
(v3,43)
(v2,4)
(v9,19)
(v7,94)
(v0,30)
(v8,1)
(v5,19)
(w0,67)
(w1,76)
(w2,75)
(w8,14)
(w7,23)
(w6,54)
(w5,67)
(w4,78)
(w3,91)
(x6,67)
(x0,82)
(x4,21)
(x5,42)
(y9,41)
(y4,30)
(y3,16)
(y2,70)
(y1,4)
(y8,31)
(y5,39)
(y6,36)
(y0,92)
(z8,12)
(z9,58)
(z0,12)
(z2,95)
(z7,75)
(z3,30)
(z1,40)
(z4,16)
Waiting...
(a1,24)
(a8,6)
(a5,2)
(a9,1)
(a3,64)
(a2,59)
(a0,33)
(a4,16)
(a7,17)
(b8,5)
(b5,1)
(b4,37)
(b9,82)
(b3,48)
(b0,58)
(b1,7)
(c3,35)
(c1,52)
(c5,86)
(c7,45)
(d1,28)
(d4,27)
(d7,91)
(d2,86)
(d3,83)
(d8,58)
(d0,40)
(e7,55)
(e8,56)
(e4,72)
(e2,79)
(e0,45)
(e6,83)
(e3,69)
(f8,61)
(f9,39)
(f2,93)
(f0,27)
(f1,41)
(f5,32)
(f7,93)
(f4,43)
(f3,74)
(g9,23)
(g5,34)
(g7,81)
(g1,23)
(g3,46)
(h2,20)
(h6,75)
(h3,31)
(h7,49)
(h5,13)
(h0,93)
(h4,1)
(h1,22)
(i6,6)
(i3,38)
(i8,84)
(i9,58)
(i4,51)
(i1,10)
(i5,70)
(i0,32)
(j9,91)
(j7,14)
(j8,68)
(j5,2)
(j0,77)
(j6,3)
(j4,55)
(k2,23)
(k7,81)
(k9,99)
(k5,8)
(k4,46)
(k6,18)
(l7,3)
(l5,98)
(l1,78)
(l3,56)
(l6,86)
(l0,46)
(l2,7)
(l8,92)
(m0,74)
(m2,33)
(m9,83)
(m8,8)
(m7,44)
(m3,35)
(n0,16)
(n2,89)
(n1,5)
(n7,27)
(o9,91)
(o1,85)
(o3,1)
(o0,4)
(o8,73)
(o6,11)
(o7,66)
(o5,64)
(p5,6)
(p9,71)
(p4,24)
(p7,63)
(p6,37)
(p8,74)
(p2,39)
(q8,6)
(q1,6)
(q7,84)
(q4,22)
(q5,86)
(q6,81)
(q2,10)
(q9,2)
(q3,86)
(r5,68)
(r9,63)
(r8,51)
(r4,20)
(r7,55)
(r1,44)
(r3,41)
(r6,90)
(r0,41)
(s4,28)
(s2,30)
(s5,43)
(s3,82)
(s1,41)
(s9,94)
(s8,34)
(s6,61)
(s7,96)
(t4,34)
(t8,49)
(t9,94)
(t2,25)
(t0,67)
(t7,86)
(t5,71)
(u7,34)
(u9,6)
(u4,98)
(u0,44)
(u2,68)
(u1,10)
(u8,40)
(u6,3)
(u3,83)
(v1,30)
(v4,61)
(v3,43)
(v2,4)
(v9,19)
(v7,94)
(v0,71)
(v8,1)
(v5,19)
(w9,100)
(w0,67)
(w1,76)
(w2,53)
(w8,14)
(w7,23)
(w6,54)
(w5,67)
(w4,78)
(w3,91)
(x6,67)
(x0,82)
(x4,21)
(x5,42)
(y9,41)
(y4,30)
(y3,16)
(y2,70)
(y1,4)
(y8,31)
(y5,39)
(y0,92)
(z8,12)
(z9,58)
(z0,12)
(z2,95)
(z7,75)
(z3,30)
(z1,40)
(z4,16)
[(w2,53)]
(a1,24)
(a8,6)
(a5,2)
(a9,1)
(a3,64)
(a2,59)
(a0,33)
(a4,16)
(a7,17)
(b8,5)
(b5,1)
(b4,37)
(b9,82)
(b3,48)
(b0,58)
(b1,7)
(c3,35)
(c1,52)
(c5,86)
(c7,45)
(d1,28)
(d4,27)
(d7,91)
(d2,86)
(d3,83)
(d8,58)
(d0,40)
(e7,55)
(e8,56)
(e4,72)
(e2,79)
(e0,45)
(e6,83)
(e3,69)
(f8,61)
(f9,39)
(f2,93)
(f0,27)
(f1,41)
(f5,32)
(f7,93)
(f4,43)
(f3,74)
(g9,23)
(g5,34)
(g7,81)
(g1,23)
(g3,46)
(h2,20)
(h6,75)
(h3,31)
(h7,49)
(h5,13)
(h0,93)
(h4,1)
(h1,22)
(i6,6)
(i3,38)
(i8,84)
(i9,58)
(i4,51)
(i1,10)
(i5,70)
(i0,32)
(j9,91)
(j7,14)
(j8,68)
(j5,2)
(j0,77)
(j6,3)
(j4,55)
(k2,23)
(k7,81)
(k9,99)
(k5,8)
(k4,46)
(l7,3)
(l5,98)
(l1,78)
(l3,56)
(l6,86)
(l0,46)
(l2,7)
(l8,92)
(m0,74)
(m2,33)
(m9,83)
(m8,8)
(m7,44)
(m3,35)
(n8,28)
(n0,16)
(n2,89)
(n1,5)
(n7,27)
(o9,91)
(o1,85)
(o3,1)
(o0,4)
(o8,73)
(o6,11)
(o7,66)
(o5,64)
(p5,6)
(p9,71)
(p4,24)
(p7,63)
(p6,37)
(p8,74)
(p2,39)
(q8,6)
(q1,6)
(q7,84)
(q4,22)
(q5,86)
(q6,81)
(q2,10)
(q9,2)
(q3,86)
(r5,68)
(r9,63)
(r8,51)
(r4,20)
(r7,55)
(r1,44)
(r3,41)
(r6,90)
(r0,41)
(s4,28)
(s2,30)
(s5,43)
(s3,82)
(s1,41)
(s9,94)
(s8,34)
(s6,61)
(s7,96)
(t4,34)
(t8,49)
(t2,25)
(t0,67)
(t7,86)
(t5,71)
(u7,34)
(u9,6)
(u4,98)
(u0,44)
(u2,68)
(u1,10)
(u8,40)
(u6,3)
(u3,83)
(v1,30)
(v4,61)
(v3,43)
(v2,4)
(v9,19)
(v7,94)
(v8,1)
(v5,19)
(w0,67)
(w1,76)
(w2,53)
(w8,14)
(w7,23)
(w6,54)
(w5,67)
(w4,78)
(w3,91)
(x3,24)
(x6,67)
(x0,82)
(x4,21)
(x5,42)
(y9,41)
(y4,30)
(y3,16)
(y2,70)
(y1,4)
(y8,31)
(y5,39)
(y0,92)
(z8,12)
(z9,58)
(z0,12)
(z2,95)
(z7,75)
(z3,30)
(z1,40)
(z4,16)
[(x3,24)]
[(y3,4)]
(a1,24)
(a8,6)
(a5,15)
(a9,1)
(a3,64)
(a2,59)
(a0,33)
(a4,16)
(a7,17)
(b8,5)
(b5,1)
(b4,37)
(b9,82)
(b3,48)
(b0,58)
(b1,7)
(c3,35)
(c1,52)
(c5,86)
(c7,45)
(d5,11)
(d1,28)
(d4,27)
(d7,91)
(d2,86)
(d3,83)
(d8,58)
(d0,40)
(e9,50)
(e7,55)
(e8,56)
(e4,72)
(e2,79)
(e0,45)
(e6,83)
(e3,69)
(f8,61)
(f9,39)
(f2,93)
(f0,27)
(f1,41)
(f5,32)
(f7,93)
(f4,43)
(f3,74)
(g4,68)
(g9,23)
(g5,34)
(g7,81)
(g1,23)
(g3,46)
(h2,20)
(h6,75)
(h3,31)
(h7,49)
(h5,13)
(h0,93)
(h4,1)
(h1,22)
(i6,6)
(i3,71)
(i8,84)
(i9,58)
(i4,51)
(i1,10)
(i5,70)
(i0,32)
(j2,15)
(j9,91)
(j7,14)
(j8,68)
(j5,2)
(j0,77)
(j6,3)
(j4,55)
(k0,71)
(k2,23)
(k7,81)
(k9,99)
(k5,8)
(k4,46)
(l7,3)
(l5,98)
(l1,78)
(l3,56)
(l6,86)
(l0,46)
(l2,7)
(l8,92)
(m0,74)
(m2,26)
(m9,83)
(m8,8)
(m7,44)
(m3,35)
(n8,28)
(n0,16)
(n2,89)
(n1,5)
(n7,27)
(o9,91)
(o1,85)
(o3,1)
(o0,4)
(o8,73)
(o6,11)
(o7,66)
(o5,64)
(p5,6)
(p9,71)
(p4,24)
(p7,63)
(p6,37)
(p8,74)
(p2,80)
(q8,6)
(q1,6)
(q7,84)
(q4,22)
(q5,34)
(q6,81)
(q2,10)
(q9,2)
(q3,86)
(r5,68)
(r9,63)
(r8,51)
(r4,20)
(r7,55)
(r1,44)
(r3,41)
(r6,90)
(r0,41)
(s4,28)
(s2,30)
(s5,43)
(s3,82)
(s1,41)
(s9,94)
(s8,34)
(s6,61)
(s7,96)
(t4,34)
(t8,49)
(t2,25)
(t0,67)
(t7,86)
(t5,71)
(u7,34)
(u9,6)
(u4,98)
(u0,44)
(u2,68)
(u1,10)
(u8,40)
(u6,3)
(u3,94)
(v1,30)
(v4,61)
(v3,43)
(v2,4)
(v9,19)
(v7,94)
(v8,1)
(v5,19)
(w0,67)
(w1,76)
(w2,53)
(w8,14)
(w7,23)
(w6,54)
(w5,67)
(w4,78)
(w3,91)
(x3,24)
(x6,67)
(x0,82)
(x4,21)
(x5,42)
(y6,90)
(y9,41)
(y4,30)
(y3,4)
(y2,70)
(y1,4)
(y8,31)
(y5,39)
(y0,92)
(z8,12)
(z9,58)
(z0,12)
(z2,95)
(z7,75)
(z3,30)
(z1,40)
(z4,40)
[(i3,71)]
[(y3,4)]
Waiting...
[(g2,12)]
[(k0,71)]
(a1,24)
(a8,6)
(a9,1)
(a3,64)
(a2,59)
(a0,33)
(a4,16)
(a7,17)
(b8,5)
(b5,1)
(b4,37)
(b9,82)
(b3,48)
(b0,58)
(b1,7)
(c2,62)
(c3,35)
(c1,52)
(c5,86)
(c7,45)
(d5,11)
(d1,28)
(d4,27)
(d7,91)
(d2,58)
(d3,83)
(d8,58)
(d0,40)
(e5,65)
(e9,50)
(e7,55)
(e8,56)
(e4,72)
(e2,79)
(e0,45)
(e6,83)
(e3,69)
(f8,61)
(f9,39)
(f2,93)
(f0,27)
(f1,41)
(f5,32)
(f7,93)
(f4,43)
(f3,74)
(g2,12)
(g4,68)
(g9,23)
(g5,34)
(g7,81)
(g1,23)
(g3,46)
(h2,20)
(h6,75)
(h3,31)
(h7,49)
(h5,13)
(h0,93)
(h1,22)
(i6,6)
(i8,84)
(i9,58)
(i4,51)
(i1,10)
(i5,70)
(i0,32)
(j2,15)
(j9,91)
(j7,14)
(j8,68)
(j5,2)
(j0,77)
(j6,3)
(j4,81)
(k0,71)
(k2,23)
(k7,81)
(k9,99)
(k5,8)
(k4,46)
(l4,11)
(l7,3)
(l5,98)
(l1,78)
(l3,56)
(l6,82)
(l0,46)
(l2,7)
(l8,92)
(m1,26)
(m0,74)
(m2,26)
(m9,83)
(m8,8)
(m7,44)
(m3,35)
(n9,8)
(n8,28)
(n0,16)
(n2,89)
(n1,5)
(n7,27)
(o9,91)
(o1,85)
(o3,1)
(o0,4)
(o8,73)
(o6,11)
(o7,66)
(o5,64)
(p5,39)
(p9,71)
(p4,24)
(p7,63)
(p6,37)
(p8,45)
(q8,6)
(q1,6)
(q7,84)
(q4,22)
(q5,34)
(q6,81)
(q2,10)
(q9,2)
(q3,86)
(r5,68)
(r9,63)
(r8,51)
(r4,20)
(r7,55)
(r1,44)
(r3,41)
(r6,78)
(r0,41)
(s0,86)
(s2,30)
(s5,43)
(s3,82)
(s1,41)
(s9,94)
(s8,34)
(s6,61)
(s7,96)
(t4,34)
(t8,49)
(t2,25)
(t0,18)
(t7,86)
(t5,71)
(u7,34)
(u9,6)
(u4,98)
(u0,44)
(u2,68)
(u1,10)
(u8,40)
(u6,3)
(u3,94)
(v1,30)
(v4,61)
(v2,4)
(v9,19)
(v7,94)
(v8,5)
(v5,19)
(w0,67)
(w1,76)
(w2,53)
(w8,14)
(w6,54)
(w5,67)
(w4,78)
(w3,91)
(x6,67)
(x0,82)
(x4,21)
(x5,42)
(y6,90)
(y9,41)
(y4,30)
(y3,4)
(y2,70)
(y1,4)
(y8,31)
(y5,39)
(y0,92)
(z8,12)
(z9,58)
(z2,95)
(z7,75)
(z3,30)
(z1,40)
Waiting...
