(a9,89)
(a1,62)
(a4,47)
(a6,97)
(a7,55)
(a2,78)
(a0,30)
(b2,0)
(b1,83)
(b0,16)
(b6,80)
(b4,2)
(b5,42)
(b9,22)
(c0,91)
(c1,80)
(c6,93)
(c2,32)
(c9,67)
(d0,19)
(d5,9)
(d7,72)
(d3,39)
(d2,57)
(d1,76)
(e5,47)
(e6,50)
(e4,49)
(e9,4)
(e0,10)
(e8,23)
(e3,42)
(f9,85)
(f4,60)
(f3,83)
(f6,7)
(f2,89)
(f7,26)
(g1,45)
(g6,47)
(g2,94)
(g0,18)
(g5,56)
(g3,37)
(h8,5)
(h0,1)
(h4,62)
(h9,83)
(h5,80)
(h2,81)
(h3,22)
(h1,10)
(h6,43)
(i6,77)
(i1,65)
(i7,69)
(i4,41)
(i2,98)
(i3,86)
(i5,40)
(i9,44)
(i0,13)
(j4,63)
(j8,60)
(j5,43)
(j9,44)
(j3,52)
(j2,42)
(k4,68)
(k0,92)
(k6,51)
(k5,13)
(k3,47)
(k7,2)
(k2,65)
(l3,53)
(l0,7)
(l6,63)
(l8,22)
(l1,6)
(l4,8)
(m0,1)
(m2,53)
(m1,66)
(m9,95)
(m4,21)
(m6,87)
(m8,9)
(n1,85)
(n7,3)
(n2,6)
(n4,49)
(n9,65)
(n5,91)
(n8,16)
(n6,44)
(n0,18)
(o2,63)
(o1,32)
(o6,19)
(o5,35)
(o3,61)
(o7,34)
(p4,75)
(p1,0)
(p3,32)
(p9,44)
(q4,95)
(q0,89)
(q1,88)
(q6,34)
(q7,71)
(q3,51)
(q2,61)
(q9,67)
(q8,45)
(q5,67)
(r7,57)
(r1,3)
(r6,65)
(r9,94)
(r5,24)
(r8,38)
(r3,66)
(r2,71)
(r0,35)
(s9,54)
(s3,62)
(s8,99)
(s2,73)
(s4,7)
(s6,47)
(s7,4)
(t5,98)
(t6,19)
(t2,57)
(t3,77)
(t9,1)
(t1,69)
(t8,24)
(u6,48)
(u2,44)
(u9,92)
(u7,17)
(u8,11)
(u1,68)
(u4,86)
(v0,33)
(v9,67)
(v3,94)
(v8,30)
(v6,4)
(v7,100)
(v5,90)
(v4,9)
(v1,26)
(w2,12)
(w0,47)
(w5,42)
(w3,81)
(w6,36)
(w9,35)
(w7,10)
(w1,93)
(w8,22)
(x8,2)
(x5,50)
(x4,97)
(x7,86)
(x1,10)
(x2,87)
(x0,56)
(x6,18)
(x3,53)
(y1,91)
(y9,47)
(y6,69)
(y8,18)
(y5,92)
(y7,32)
(y2,91)
(y4,90)
(y0,57)
(y3,75)
(z1,37)
(z4,25)
(z6,43)
(z5,92)
(z3,74)
(z9,49)
(z7,95)
(z0,55)
[(z2,75)]
[(a0,30)]
Waiting...
(a9,89)
(a1,62)
(a4,47)
(a6,97)
(a7,13)
(a2,78)
(a0,30)
(b2,0)
(b1,83)
(b0,16)
(b6,80)
(b4,2)
(b5,42)
(b9,22)
(c8,25)
(c1,80)
(c6,93)
(c2,32)
(c9,67)
(d0,19)
(d5,9)
(d7,72)
(d3,39)
(d2,57)
(d1,76)
(e5,47)
(e6,50)
(e4,49)
(e9,4)
(e0,10)
(e8,23)
(e3,42)
(f9,85)
(f4,60)
(f3,83)
(f6,7)
(f2,89)
(f7,26)
(g1,45)
(g6,47)
(g2,94)
(g0,18)
(g5,56)
(g3,39)
(h8,5)
(h0,1)
(h4,62)
(h9,83)
(h5,80)
(h2,81)
(h3,22)
(h1,10)
(h6,57)
(i6,77)
(i1,65)
(i7,69)
(i4,41)
(i2,98)
(i3,86)
(i5,40)
(i9,44)
(i0,13)
(j7,23)
(j4,63)
(j8,60)
(j5,43)
(j9,44)
(j3,52)
(j2,42)
(k4,68)
(k0,92)
(k6,51)
(k5,13)
(k3,47)
(k7,2)
(k2,65)
(l7,51)
(l3,53)
(l0,7)
(l6,63)
(l8,22)
(l1,6)
(l4,8)
(m0,1)
(m2,53)
(m1,66)
(m9,95)
(m4,21)
(m6,87)
(m8,9)
(n1,85)
(n7,3)
(n2,6)
(n4,49)
(n9,65)
(n5,91)
(n8,16)
(n6,44)
(n0,18)
(o2,63)
(o1,32)
(o6,19)
(o5,35)
(o3,61)
(o7,34)
(p4,75)
(p1,0)
(p3,32)
(p9,44)
(q4,95)
(q0,89)
(q1,88)
(q6,34)
(q7,71)
(q3,51)
(q2,61)
(q9,67)
(q8,45)
(q5,67)
(r7,57)
(r1,3)
(r6,65)
(r5,24)
(r8,38)
(r3,66)
(r2,71)
(r0,35)
(s1,5)
(s9,54)
(s3,62)
(s8,99)
(s2,73)
(s4,7)
(s6,47)
(s7,4)
(t5,98)
(t6,19)
(t2,57)
(t3,77)
(t9,1)
(t1,69)
(t8,24)
(u6,48)
(u2,44)
(u9,92)
(u7,17)
(u8,11)
(u1,68)
(u4,86)
(v0,33)
(v9,67)
(v3,94)
(v8,30)
(v6,4)
(v7,100)
(v5,90)
(v4,9)
(v1,26)
(w2,12)
(w0,47)
(w5,42)
(w3,81)
(w6,36)
(w9,35)
(w7,10)
(w1,93)
(w8,22)
(x8,2)
(x5,50)
(x4,97)
(x7,86)
(x1,10)
(x2,87)
(x0,56)
(x6,18)
(x3,53)
(y1,91)
(y9,47)
(y6,69)
(y8,18)
(y5,92)
(y7,32)
(y2,91)
(y4,90)
(y0,57)
(y3,75)
(z2,75)
(z1,37)
(z4,25)
(z5,3)
(z3,74)
(z9,49)
(z7,95)
(z0,55)
[(a8,34)]
[(y4,90)]
[(k3,47)]
[(o0,0)]
(a9,89)
(a1,62)
(a4,47)
(a6,97)
(a2,78)
(b2,0)
(b1,83)
(b0,16)
(b6,80)
(b4,2)
(b5,42)
(b9,22)
(c8,25)
(c1,80)
(c6,93)
(c2,32)
(c9,67)
(d0,19)
(d5,9)
(d7,72)
(d3,39)
(d2,57)
(d1,76)
(e5,47)
(e6,50)
(e4,49)
(e9,4)
(e0,91)
(e8,23)
(e3,42)
(f1,8)
(f9,85)
(f4,60)
(f3,83)
(f6,7)
(f2,89)
(f7,26)
(g1,45)
(g6,47)
(g2,94)
(g0,18)
(g5,56)
(g3,39)
(h8,5)
(h0,1)
(h4,62)
(h9,83)
(h5,80)
(h2,81)
(h1,10)
(h6,57)
(i6,77)
(i1,65)
(i7,69)
(i4,41)
(i2,98)
(i3,86)
(i5,40)
(i9,20)
(i0,13)
(j7,23)
(j4,63)
(j8,60)
(j5,43)
(j9,44)
(j3,52)
(j2,42)
(k4,68)
(k0,92)
(k6,51)
(k5,13)
(k3,47)
(k7,2)
(k2,65)
(l2,48)
(l3,53)
(l0,7)
(l6,63)
(l8,22)
(l1,6)
(l4,8)
(m3,8)
(m2,53)
(m1,66)
(m4,21)
(m6,87)
(m8,9)
(n1,85)
(n7,3)
(n2,6)
(n4,49)
(n9,65)
(n5,91)
(n8,16)
(n6,44)
(n0,18)
(o0,0)
(o4,32)
(o2,63)
(o1,32)
(o6,19)
(o5,35)
(o3,61)
(o7,34)
(p4,75)
(p1,0)
(p3,32)
(p9,44)
(q0,89)
(q1,88)
(q6,34)
(q7,71)
(q3,51)
(q2,61)
(q9,67)
(q8,45)
(q5,67)
(r7,57)
(r1,3)
(r6,65)
(r5,24)
(r8,38)
(r3,66)
(r2,71)
(r0,35)
(s1,5)
(s9,54)
(s3,62)
(s8,99)
(s2,73)
(s4,7)
(s6,47)
(s7,4)
(t0,5)
(t5,98)
(t6,19)
(t2,57)
(t3,77)
(t9,1)
(t1,69)
(t8,24)
(u6,48)
(u2,44)
(u9,92)
(u7,17)
(u8,11)
(u1,68)
(u4,86)
(v0,33)
(v9,67)
(v3,94)
(v8,30)
(v6,4)
(v7,100)
(v5,90)
(v4,9)
(w2,12)
(w0,47)
(w5,42)
(w3,81)
(w6,36)
(w9,35)
(w7,10)
(w1,93)
(w8,22)
(x9,41)
(x8,2)
(x5,50)
(x4,97)
(x7,86)
(x1,10)
(x2,87)
(x0,56)
(x6,18)
(x3,53)
(y1,91)
(y9,47)
(y6,69)
(y8,18)
(y5,92)
(y2,91)
(y4,90)
(y0,57)
(y3,75)
(z1,37)
(z4,25)
(z3,74)
(z9,49)
(z7,95)
(z0,55)
(a9,89)
(a1,62)
(a4,47)
(a6,97)
(a2,78)
(b2,0)
(b1,83)
(b0,16)
(b6,80)
(b4,2)
(b5,42)
(b9,22)
(c8,25)
(c1,80)
(c6,93)
(c2,32)
(c9,67)
(d0,19)
(d5,9)
(d7,72)
(d3,39)
(d2,57)
(d1,76)
(e5,47)
(e6,50)
(e4,49)
(e9,4)
(e0,91)
(e8,23)
(e3,42)
(f1,8)
(f9,85)
(f4,60)
(f3,83)
(f6,7)
(f2,89)
(f7,26)
(g1,45)
(g6,47)
(g2,94)
(g0,18)
(g5,56)
(g3,39)
(h8,5)
(h0,1)
(h4,62)
(h9,83)
(h5,80)
(h2,81)
(h1,10)
(h6,57)
(i6,77)
(i1,65)
(i7,69)
(i4,49)
(i2,21)
(i3,86)
(i5,40)
(i9,20)
(i0,13)
(j7,23)
(j4,63)
(j8,60)
(j5,43)
(j9,44)
(j3,52)
(j2,42)
(k4,68)
(k0,92)
(k6,51)
(k5,13)
(k3,47)
(k7,2)
(k2,65)
(l2,48)
(l3,53)
(l0,7)
(l6,63)
(l8,22)
(l1,6)
(l4,8)
(m3,8)
(m2,53)
(m1,66)
(m4,21)
(m6,87)
(m8,9)
(n1,85)
(n7,3)
(n2,89)
(n4,49)
(n9,65)
(n5,91)
(n8,16)
(n6,44)
(n0,18)
(o0,0)
(o4,32)
(o2,63)
(o1,32)
(o6,19)
(o5,35)
(o3,61)
(o7,34)
(p4,75)
(p1,0)
(p3,32)
(p9,44)
(q0,89)
(q1,88)
(q6,34)
(q7,71)
(q3,51)
(q2,45)
(q9,67)
(q8,45)
(q5,67)
(r7,57)
(r1,3)
(r6,65)
(r5,24)
(r8,38)
(r3,66)
(r2,71)
(r0,35)
(s1,5)
(s9,54)
(s3,2)
(s8,99)
(s2,73)
(s4,7)
(s6,47)
(s7,4)
(t0,5)
(t5,98)
(t2,57)
(t3,55)
(t9,1)
(t1,0)
(t8,84)
(u6,12)
(u2,44)
(u9,92)
(u7,17)
(u8,11)
(u1,68)
(u4,86)
(v0,33)
(v9,67)
(v3,94)
(v8,30)
(v6,4)
(v7,100)
(v5,90)
(v4,9)
(w2,12)
(w0,47)
(w5,42)
(w3,81)
(w6,36)
(w9,35)
(w7,10)
(w1,93)
(w8,22)
(x9,41)
(x8,2)
(x5,50)
(x4,14)
(x7,86)
(x1,10)
(x2,87)
(x0,56)
(x6,18)
(x3,53)
(y1,91)
(y9,47)
(y6,69)
(y8,18)
(y5,12)
(y2,91)
(y4,90)
(y0,57)
(y3,75)
(z1,37)
(z4,25)
(z3,74)
(z9,49)
(z7,95)
(z0,55)
[(k0,89)]
[(o2,28)]
[(w1,81)]
[(l2,48)]
Waiting...
Waiting...
[(r4,16)]
